831t [GPS] [WARNING] Initializing GPS. Tries remaining 3
1060t [GPS] [WARNING] TXT: u-blox AG - www.u-blox.com
1104t [GPS] [WARNING] TXT: HW UBX-M8030 00080000
1149t [GPS] [WARNING] TXT: EXT CORE 3.01 (107900)
1194t [GPS] [WARNING] TXT: ROM BASE 3.01 (107888)
1230t [GPS] [WARNING] TXT: FWVER=SPG 3.01
1265t [GPS] [WARNING] TXT: PROTVER=18.00
1301t [GPS] [WARNING] TXT: MOD=NEO-M8N-0
1345t [GPS] [WARNING] TXT: FIS=0xEF4015 (100111)
1382t [GPS] [WARNING] TXT: GPS;GLO;GAL;BDS
1419t [GPS] [WARNING] TXT: SBAS;IMES;QZSS
1457t [GPS] [WARNING] TXT: GNSS OTP=GPS;GLO
1529t [GPS] [WARNING] TXT: LLC=FFFFFFFF-FFFFFFED-FFFFFFFF-FFFFFFFF-FFFFFF69
1575t [GPS] [WARNING] TXT: ANTSUPERV=AC SD PDoS SR
1615t [GPS] [WARNING] TXT: ANTSTATUS=DONTKNOW
1643t [GPS] [WARNING] TXT: PF=3FF
2264t [GPS] [WARNING] TXT: ANTSTATUS=INIT
2575t [GPS] [WARNING] TXT: Resetting GNSS
3005t [GPS] [WARNING] TXT: Resetting GNSS
3066t [GPS] [WARNING] TXT: ANTSUPERV=AC SD OD PDoS SR
3766t [GPS] [WARNING] Successfully initialized GPS!
4027t [GPS] [WARNING] T