823t [GPS] [WARNING] Initializing GPS. Tries remaining 3
1052t [GPS] [WARNING] TXT: u-blox AG - www.u-blox.com
1096t [GPS] [WARNING] TXT: HW UBX-M8030 00080000
1141t [GPS] [WARNING] TXT: EXT CORE 3.01 (107900)
1185t [GPS] [WARNING] TXT: ROM BASE 3.01 (107888)
1222t [GPS] [WARNING] TXT: FWVER=SPG 3.01
1257t [GPS] [WARNING] TXT: PROTVER=18.00
1293t [GPS] [WARNING] TXT: MOD=NEO-M8N-0
1336t [GPS] [WARNING] TXT: FIS=0xEF4015 (100111)
1374t [GPS] [WARNING] TXT: GPS;GLO;GAL;BDS
1410t [GPS] [WARNING] TXT: SBAS;IMES;QZSS
1449t [GPS] [WARNING] TXT: GNSS OTP=GPS;GLO
1521t [GPS] [WARNING] TXT: LLC=FFFFFFFF-FFFFFFED-FFFFFFFF-FFFFFFFF-FFFFFF69
1567t [GPS] [WARNING] TXT: ANTSUPERV=AC SD PDoS SR
1607t [GPS] [WARNING] TXT: ANTSTATUS=DONTKNOW
1635t [GPS] [WARNING] TXT: PF=3FF
2257t [GPS] [WARNING] TXT: ANTSTATUS=INIT
2568t [GPS] [WARNING] TXT: Resetting GNSS
2999t [GPS] [WARNING] TXT: Resetting GNSS
3059t [GPS] [WARNING] TXT: ANTSUPERV=AC SD OD PDoS SR
3758t [GPS] [WARNING] Successfully initialized GPS!
4019t [GPS] [WARNING] TXT: ANTSTATUS=OK
