2025-02-16T06:54:27.730Z [ORC] [INFO] Standard Mode Enabled
2025-02-16T06:54:28.144Z [ORC] [INFO] Iridium modem enabled
2025-02-16T06:54:28.523Z [ORC] [INFO] Iridium modem disabled
2025-02-16T06:55:01.003Z [ORC] [INFO] Iridium modem enabled
2025-02-16T06:55:34.714Z [ORC] [INFO] Iridium modem disabled
2025-02-16T07:54:27.085Z [ORC] [INFO] Running health check!
2025-02-16T07:55:00.554Z [ORC] [INFO] Iridium modem enabled
2025-02-16T07:58:04.875Z [ORC] [INFO] Iridium modem disabled
2025-02-16T08:08:05.066Z [ORC] [INFO] Iridium modem enabled
2025-02-16T08:10:34.097Z [ORC] [INFO] Message 3 transmitted successfully!
2025-02-16T08:10:34.097Z [ORC] [INFO] Iridium modem disabled
2025-02-16T08:54:26.441Z [ORC] [INFO] Running health check!
2025-02-16T08:54:47.859Z [ORC] [INFO] Iridium modem enabled
2025-02-16T08:57:24.214Z [ORC] [INFO] Message 6 transmitted successfully!
2025-02-16T08:57:24.214Z [ORC] [INFO] Iridium modem disabled
2025-02-16T09:54:25.792Z [ORC] [INFO] Running health check!
2025-02-16T09:54:59.468Z [ORC] [INFO] Iridium modem enabled
2025-02-16T09:57:05.585Z [ORC] [INFO] Message 7 transmitted successfully!
2025-02-16T09:57:05.585Z [ORC] [INFO] Iridium modem disabled
2025-02-16T10:54:25.148Z [ORC] [INFO] Running health check!
2025-02-16T10:54:47.937Z [ORC] [INFO] Iridium modem enabled
2025-02-16T10:55:11.417Z [ORC] [INFO] Message 9 transmitted successfully!
2025-02-16T10:55:11.417Z [ORC] [INFO] Iridium modem disabled
2025-02-16T11:54:24.503Z [ORC] [INFO] Running health check!
2025-02-16T11:54:58.378Z [ORC] [INFO] Iridium modem enabled
2025-02-16T11:58:01.917Z [ORC] [INFO] Iridium modem disabled
2025-02-16T12:08:02.109Z [ORC] [INFO] Iridium modem enabled
2025-02-16T12:09:49.132Z [ORC] [INFO] Message 10 transmitted successfully!
2025-02-16T12:09:49.132Z [ORC] [INFO] Iridium modem disabled
2025-02-16T12:54:23.859Z [ORC] [INFO] Running health check!
2025-02-16T12:54:47.824Z [ORC] [INFO] Iridium modem enabled
2025-02-16T12:55:14.535Z [ORC] [INFO] Message 12 transmitted successfully!
2025-02-16T12:55:14.535Z [ORC] [INFO] Iridium modem disabled
2025-02-16T13:54:23.214Z [ORC] [INFO] Running health check!
2025-02-16T13:54:57.296Z [ORC] [INFO] Iridium modem enabled
2025-02-16T13:57:59.937Z [ORC] [INFO] Iridium modem disabled
2025-02-16T14:08:00.128Z [ORC] [INFO] Iridium modem enabled
2025-02-16T14:11:01.097Z [ORC] [INFO] Iridium modem disabled
2025-02-16T14:21:01.289Z [ORC] [INFO] Iridium modem enabled
2025-02-16T14:21:35.035Z [ORC] [INFO] Message 13 transmitted successfully!
2025-02-16T14:21:35.035Z [ORC] [INFO] Iridium modem disabled
2025-02-16T14:54:22.566Z [ORC] [INFO] Running health check!
2025-02-16T14:54:47.707Z [ORC] [INFO] Iridium modem enabled
2025-02-16T14:58:03.128Z [ORC] [INFO] Iridium modem disabled
2025-02-16T15:08:03.320Z [ORC] [INFO] Iridium modem enabled
2025-02-16T15:08:32.378Z [ORC] [INFO] Message 15 transmitted successfully!
2025-02-16T15:08:32.378Z [ORC] [INFO] Iridium modem disabled
2025-02-16T15:54:21.921Z [ORC] [INFO] Running health check!
2025-02-16T15:54:56.199Z [ORC] [INFO] Iridium modem enabled
2025-02-16T15:56:35.664Z [ORC] [INFO] Message 16 transmitted successfully!
2025-02-16T15:56:35.664Z [ORC] [INFO] Iridium modem disabled
2025-02-16T16:54:21.277Z [ORC] [INFO] Running health check!
2025-02-16T16:54:47.613Z [ORC] [INFO] Iridium modem enabled
2025-02-16T16:55:09.550Z [ORC] [INFO] Message 18 transmitted successfully!
2025-02-16T16:55:09.554Z [ORC] [INFO] Iridium modem disabled
2025-02-16T17:54:20.632Z [ORC] [INFO] Running health check!
2025-02-16T17:54:55.109Z [ORC] [INFO] Iridium modem enabled
2025-02-16T17:57:12.167Z [ORC] [INFO] Message 19 transmitted successfully!
2025-02-16T17:57:12.167Z [ORC] [INFO] Iridium modem disabled
2025-02-16T18:54:19.988Z [ORC] [INFO] Running health check!
2025-02-16T18:54:47.507Z [ORC] [INFO] Iridium modem enabled
2025-02-16T18:56:25.039Z [ORC] [INFO] Message 21 transmitted successfully!
2025-02-16T18:56:25.042Z [ORC] [INFO] Iridium modem disabled
2025-02-16T19:54:19.339Z [ORC] [INFO] Running health check!
2025-02-16T19:54:54.011Z [ORC] [INFO] Iridium modem enabled
2025-02-16T19:55:32.503Z [ORC] [INFO] Message 22 transmitted successfully!
2025-02-16T19:55:32.503Z [ORC] [INFO] Iridium modem disabled
2025-02-16T20:54:18.695Z [ORC] [INFO] Running health check!
2025-02-16T20:54:47.351Z [ORC] [INFO] Iridium modem enabled
2025-02-16T20:55:27.234Z [ORC] [INFO] Message 24 transmitted successfully!
2025-02-16T20:55:27.234Z [ORC] [INFO] Iridium modem disabled
