2025-02-16T06:54:27.414Z [SYS] [INFO] Loading hardware config
2025-02-16T06:54:27.730Z [SYS] [INFO] Initialize sensors
2025-02-16T06:54:27.800Z [SYS] [INFO] Starting barometer filter with parameters:
size: 200
percentile: 10.00
downsamplingRate: 50
alpha: 1.0000387
2025-02-16T06:54:27.820Z [SYS] [INFO] Error initializing BARO
2025-02-16T06:54:27.835Z [SYS] [INFO] Init values CALR: 000000BC CALM: 188, CALP: 0
2025-02-16T06:54:27.835Z [SYS] [INFO] APP_NAME: spotter-dbg
2025-02-16T06:54:27.835Z [SYS] [INFO] UID: 203630325847500600340023
2025-02-16T06:54:27.835Z [SYS] [INFO] FW Version: v2.1.0
2025-02-16T06:54:27.835Z [SYS] [INFO] GIT SHA: FE6412C3
2025-02-16T06:54:27.835Z [SYS] [INFO] Build ID: 327474a8ac3d2ce7f13558b38d652813dea54022
2025-02-16T06:54:27.835Z [SYS] [INFO] BSP: pluteus_v3.1
2025-02-16T06:54:27.835Z [SYS] [INFO] Reset Reason: Reboot Controller
2025-02-16T06:54:27.839Z [SYS] [INFO] RebootCtl Source: 7
2025-02-16T06:54:27.839Z [SYS] [INFO] Main Deck HW Version: 01
2025-02-16T06:54:27.839Z [SYS] [INFO] Upper Deck HW Version: 01
2025-02-16T06:54:28.167Z [SYS] [INFO] IMEI: 300534064008050
