IQ-TREE multicore version 2.2.2.3 COVID-edition for Linux 64-bit built Apr  7 2023
Developed by Bui Quang Minh, James Barbetti, Nguyen Lam Tung,
Olga Chernomor, Heiko Schmidt, Dominik Schrempf, Michael Woodhams, Ly Trong Nhan.

Host:    64923e67824f (AVX512, FMA3, 62 GB RAM)
Command: iqtree -T AUTO --threads-max 2 -s /app/outputs/analyses/553/20250201T092521/between_profile_distances/C/clade_C_seqs.aligned.fasta
Seed:    581759 (Using SPRNG - Scalable Parallel Random Number Generator)
Time:    Sat Feb  1 03:25:57 2025
Kernel:  AVX+FMA - auto-detect threads (36 CPU cores detected)

Reading alignment file /app/outputs/analyses/553/20250201T092521/between_profile_distances/C/clade_C_seqs.aligned.fasta ... Fasta format detected
Reading fasta file: done in 0.00015378 secs using 1.301% CPU
Alignment most likely contains DNA/RNA sequences
Constructing alignment: done in 0.000936985 secs using 1336% CPU
Alignment has 7 sequences with 264 columns, 12 distinct patterns
4 parsimony-informative, 4 singleton sites, 256 constant sites
       Gap/Ambiguity  Composition  p-value
Analyzing sequences: done in 5.91278e-05 secs using 3518% CPU
   1  32       0.38%    passed     99.92%
   2  2        0.38%    passed     99.78%
   3  517      0.38%    passed     99.89%
   4  358      0.38%    passed     99.31%
   5  4073     0.38%    passed     99.80%
   6  1932     0.38%    passed     99.80%
   7  70044    0.00%    passed     99.79%
****  TOTAL    0.32%  0 sequences failed composition chi2 test (p-value<5%; df=3)
Checking for duplicate sequences: done in 8.01086e-05 secs using 3237% CPU


Create initial parsimony tree by phylogenetic likelihood library (PLL)... 0.000 seconds
Measuring multi-threading efficiency up to 2 CPU cores
Increase to 10 rounds for branch lengths
13931 trees examined
Threads: 1 / Time: 2.000 sec / Speedup: 1.000 / Efficiency: 100% / LogL: -447
WARNING: 2 threads for alignment length 12 will slow down analysis
Threads: 2 / Time: 1.338 sec / Speedup: 1.495 / Efficiency: 75% / LogL: -447
Determining AUTO threadcount: done in 3.33868 secs using 290.8% CPU
BEST NUMBER OF THREADS: 2

WARNING: 2 threads for alignment length 12 will slow down analysis
Perform fast likelihood tree search using GTR+I+G model...
Estimate model parameters (epsilon = 5.000)

WARNING: Estimated model parameters are at boundary that can cause numerical instability!

Perform nearest neighbor interchange...
Optimizing NNI: done in 0.000188112 secs using 202% CPU
Estimate model parameters (epsilon = 1.000)
1. Initial log-likelihood: -406.347
Optimal log-likelihood: -406.347
Rate parameters:  A-C: 33.57213  A-G: 100.00000  A-T: 0.00010  C-G: 0.00010  C-T: 64.44334  G-T: 1.00000
Warning! Some parameters hit the boundaries
Base frequencies:  A: 0.166  C: 0.243  G: 0.243  T: 0.348
Proportion of invariable sites: 0.484
Gamma shape alpha: 998.448
Parameters optimization took 1 rounds (0.000 sec)

WARNING: Estimated model parameters are at boundary that can cause numerical instability!

Time for fast ML tree search: 0.004 seconds

NOTE: ModelFinder requires 0 MB RAM!
ModelFinder will test up to 484 DNA models (sample size: 264) ...
 No. Model         -LnL         df  AIC          AICc         BIC
WARNING: 2 threads for alignment length 12 will slow down analysis
  1  GTR+F         406.248      19  850.495      853.610      918.438
WARNING: 2 threads for alignment length 12 will slow down analysis
  2  GTR+F+I       406.248      20  852.495      855.952      924.014
WARNING: 2 threads for alignment length 12 will slow down analysis
  3  GTR+F+G4      406.248      20  852.496      855.952      924.015
WARNING: 2 threads for alignment length 12 will slow down analysis
  4  GTR+F+I+G4    406.346      21  854.693      858.511      929.788
WARNING: 2 threads for alignment length 12 will slow down analysis
  5  GTR+F+R2      406.294      21  854.589      858.407      929.684
WARNING: 2 threads for alignment length 12 will slow down analysis
  6  GTR+F+R3      406.307      23  858.614      863.214      940.860
WARNING: 2 threads for alignment length 12 will slow down analysis
 14  GTR+F+I+R2    406.433      22  856.866      861.065      935.537
WARNING: 2 threads for alignment length 12 will slow down analysis
 15  GTR+F+I+R3    406.449      24  860.897      865.918      946.720
WARNING: 2 threads for alignment length 12 will slow down analysis
 23  SYM           415.148      16  862.296      864.499      919.511
WARNING: 2 threads for alignment length 12 will slow down analysis
 24  SYM+I         415.147      17  864.293      866.781      925.085
WARNING: 2 threads for alignment length 12 will slow down analysis
 25  SYM+G4        415.149      17  864.299      866.786      925.090
WARNING: 2 threads for alignment length 12 will slow down analysis
 45  TVM+F         406.414      18  848.829      851.620      913.196
WARNING: 2 threads for alignment length 12 will slow down analysis
 46  TVM+F+I       406.413      19  850.827      853.941      918.770
WARNING: 2 threads for alignment length 12 will slow down analysis
 47  TVM+F+G4      406.413      19  850.826      853.941      918.769
WARNING: 2 threads for alignment length 12 will slow down analysis
 67  TVMe          415.154      15  860.308      862.243      913.947
WARNING: 2 threads for alignment length 12 will slow down analysis
 68  TVMe+I        415.153      16  862.306      864.508      919.521
WARNING: 2 threads for alignment length 12 will slow down analysis
 69  TVMe+G4       415.152      16  862.304      864.507      919.520
WARNING: 2 threads for alignment length 12 will slow down analysis
 89  TIM3+F        407.323      17  848.646      851.134      909.437
WARNING: 2 threads for alignment length 12 will slow down analysis
 90  TIM3+F+I      407.323      18  850.646      853.438      915.013
WARNING: 2 threads for alignment length 12 will slow down analysis
 91  TIM3+F+G4     407.323      18  850.646      853.438      915.013
WARNING: 2 threads for alignment length 12 will slow down analysis
111  TIM3e         415.980      14  859.960      861.647      910.024
WARNING: 2 threads for alignment length 12 will slow down analysis
112  TIM3e+I       415.980      15  861.960      863.896      915.600
WARNING: 2 threads for alignment length 12 will slow down analysis
113  TIM3e+G4      415.980      15  861.961      863.896      915.600
WARNING: 2 threads for alignment length 12 will slow down analysis
133  TIM2+F        407.171      17  848.342      850.830      909.133
WARNING: 2 threads for alignment length 12 will slow down analysis
134  TIM2+F+I      407.171      18  850.342      853.134      914.709
WARNING: 2 threads for alignment length 12 will slow down analysis
135  TIM2+F+G4     407.171      18  850.342      853.134      914.709
WARNING: 2 threads for alignment length 12 will slow down analysis
155  TIM2e         415.984      14  859.969      861.656      910.032
WARNING: 2 threads for alignment length 12 will slow down analysis
156  TIM2e+I       415.985      15  861.969      863.905      915.608
WARNING: 2 threads for alignment length 12 will slow down analysis
157  TIM2e+G4      415.985      15  861.969      863.905      915.608
WARNING: 2 threads for alignment length 12 will slow down analysis
177  TIM+F         407.360      17  848.719      851.207      909.510
WARNING: 2 threads for alignment length 12 will slow down analysis
178  TIM+F+I       407.357      18  850.714      853.506      915.081
WARNING: 2 threads for alignment length 12 will slow down analysis
179  TIM+F+G4      407.358      18  850.717      853.509      915.084
WARNING: 2 threads for alignment length 12 will slow down analysis
199  TIMe          416.061      14  860.121      861.808      910.184
WARNING: 2 threads for alignment length 12 will slow down analysis
200  TIMe+I        416.060      15  862.120      864.055      915.759
WARNING: 2 threads for alignment length 12 will slow down analysis
201  TIMe+G4       416.061      15  862.122      864.057      915.761
WARNING: 2 threads for alignment length 12 will slow down analysis
221  TPM3u+F       407.333      16  846.667      848.869      903.882
WARNING: 2 threads for alignment length 12 will slow down analysis
222  TPM3u+F+I     407.333      17  848.667      851.155      909.458
WARNING: 2 threads for alignment length 12 will slow down analysis
223  TPM3u+F+G4    407.333      17  848.667      851.155      909.458
WARNING: 2 threads for alignment length 12 will slow down analysis
243  TPM3          415.959      13  857.918      859.374      904.405
WARNING: 2 threads for alignment length 12 will slow down analysis
244  TPM3+I        415.959      14  859.918      861.605      909.981
WARNING: 2 threads for alignment length 12 will slow down analysis
245  TPM3+G4       415.959      14  859.918      861.605      909.981
WARNING: 2 threads for alignment length 12 will slow down analysis
265  TPM2u+F       407.316      16  846.632      848.835      903.848
WARNING: 2 threads for alignment length 12 will slow down analysis
266  TPM2u+F+I     407.316      17  848.632      851.120      909.423
WARNING: 2 threads for alignment length 12 will slow down analysis
267  TPM2u+F+G4    407.316      17  848.632      851.120      909.424
WARNING: 2 threads for alignment length 12 will slow down analysis
287  TPM2          415.987      13  857.974      859.430      904.461
WARNING: 2 threads for alignment length 12 will slow down analysis
288  TPM2+I        415.988      14  859.976      861.663      910.039
WARNING: 2 threads for alignment length 12 will slow down analysis
289  TPM2+G4       415.988      14  859.976      861.663      910.039
WARNING: 2 threads for alignment length 12 will slow down analysis
309  K3Pu+F        407.491      16  846.981      849.184      904.196
WARNING: 2 threads for alignment length 12 will slow down analysis
310  K3Pu+F+I      407.492      17  848.984      851.472      909.775
WARNING: 2 threads for alignment length 12 will slow down analysis
311  K3Pu+F+G4     407.489      17  848.979      851.466      909.770
WARNING: 2 threads for alignment length 12 will slow down analysis
331  K3P           416.000      13  858.000      859.456      904.487
WARNING: 2 threads for alignment length 12 will slow down analysis
332  K3P+I         416.000      14  860.000      861.686      910.063
WARNING: 2 threads for alignment length 12 will slow down analysis
333  K3P+G4        416.000      14  860.000      861.686      910.063
WARNING: 2 threads for alignment length 12 will slow down analysis
353  TN+F          407.961      16  847.922      850.125      905.137
WARNING: 2 threads for alignment length 12 will slow down analysis
354  TN+F+I        407.961      17  849.923      852.410      910.714
WARNING: 2 threads for alignment length 12 will slow down analysis
355  TN+F+G4       407.961      17  849.923      852.410      910.714
WARNING: 2 threads for alignment length 12 will slow down analysis
375  TNe           416.674      13  859.348      860.804      905.835
WARNING: 2 threads for alignment length 12 will slow down analysis
376  TNe+I         416.674      14  861.348      863.035      911.411
WARNING: 2 threads for alignment length 12 will slow down analysis
377  TNe+G4        416.674      14  861.348      863.035      911.411
WARNING: 2 threads for alignment length 12 will slow down analysis
397  HKY+F         408.134      15  846.268      848.203      899.907
WARNING: 2 threads for alignment length 12 will slow down analysis
398  HKY+F+I       408.134      16  848.267      850.470      905.483
WARNING: 2 threads for alignment length 12 will slow down analysis
399  HKY+F+G4      408.134      16  848.268      850.470      905.483
WARNING: 2 threads for alignment length 12 will slow down analysis
419  K2P           416.679      12  857.359      858.602      900.270
WARNING: 2 threads for alignment length 12 will slow down analysis
420  K2P+I         416.679      13  859.359      860.815      905.846
WARNING: 2 threads for alignment length 12 will slow down analysis
421  K2P+G4        416.679      13  859.359      860.815      905.846
WARNING: 2 threads for alignment length 12 will slow down analysis
441  F81+F         413.082      14  854.163      855.850      904.227
WARNING: 2 threads for alignment length 12 will slow down analysis
442  F81+F+I       413.082      15  856.163      858.099      909.803
WARNING: 2 threads for alignment length 12 will slow down analysis
443  F81+F+G4      413.082      15  856.164      858.099      909.803
WARNING: 2 threads for alignment length 12 will slow down analysis
463  JC            421.766      11  865.532      866.580      904.868
WARNING: 2 threads for alignment length 12 will slow down analysis
464  JC+I          421.766      12  867.532      868.775      910.443
WARNING: 2 threads for alignment length 12 will slow down analysis
465  JC+G4         421.766      12  867.532      868.775      910.444
Akaike Information Criterion:           HKY+F
Corrected Akaike Information Criterion: HKY+F
Bayesian Information Criterion:         HKY+F
Best-fit model: HKY+F chosen according to BIC

All model information printed to /app/outputs/analyses/553/20250201T092521/between_profile_distances/C/clade_C_seqs.aligned.fasta.model.gz
CPU time for ModelFinder: 10.480 seconds (0h:0m:10s)
Wall-clock time for ModelFinder: 3.415 seconds (0h:0m:3s)
WARNING: 2 threads for alignment length 12 will slow down analysis

NOTE: 0 MB RAM (0 GB) is required!
Estimate model parameters (epsilon = 0.100)
1. Initial log-likelihood: -408.134
Optimal log-likelihood: -408.134
Rate parameters:  A-C: 1.00000  A-G: 13.21077  A-T: 1.00000  C-G: 1.00000  C-T: 13.21077  G-T: 1.00000
Base frequencies:  A: 0.166  C: 0.243  G: 0.243  T: 0.348
Parameters optimization took 1 rounds (0.000 sec)
Wrote distance file to... 
Computing ML distances based on estimated model parameters...
Calculating distance matrix: done in 5.79357e-05 secs using 200.2% CPU
Computing ML distances took 0.000076 sec (of wall-clock time) 0.000155 sec (of CPU time)
Setting up auxiliary I and S matrices: done in 5.91278e-05 secs using 468.5% CPU
Constructing RapidNJ tree: done in 4.50611e-05 secs using 111% CPU
Computing RapidNJ tree took 0.000124 sec (of wall-clock time) 0.000379 sec (of CPU time)
Log-likelihood of RapidNJ tree: -408.136
--------------------------------------------------------------------
|             INITIALIZING CANDIDATE TREE SET                      |
--------------------------------------------------------------------
Generating 98 parsimony trees... 0.023 second
Computing log-likelihood of 68 initial trees ... 0.006 seconds
Current best score: -408.134

Do NNI search on 20 best initial trees
Optimizing NNI: done in 0.000128031 secs using 282.7% CPU
Estimate model parameters (epsilon = 0.100)
BETTER TREE FOUND at iteration 1: -408.134
Optimizing NNI: done in 0.000124931 secs using 298.6% CPU
BETTER TREE FOUND at iteration 2: -408.134
Optimizing NNI: done in 0.000146151 secs using 300.4% CPU
Optimizing NNI: done in 0.000144005 secs using 299.3% CPU
Optimizing NNI: done in 0.000143051 secs using 302.7% CPU
Optimizing NNI: done in 0.000142097 secs using 298.4% CPU
Optimizing NNI: done in 0.000149965 secs using 298.7% CPU
UPDATE BEST LOG-LIKELIHOOD: -408.134
Optimizing NNI: done in 0.000148058 secs using 297.9% CPU
Optimizing NNI: done in 0.000147104 secs using 300.5% CPU
Optimizing NNI: done in 0.000144958 secs using 298.7% CPU
Iteration 10 / LogL: -408.134 / Time: 0h:0m:0s
Optimizing NNI: done in 0.000144005 secs using 297.2% CPU
Optimizing NNI: done in 0.000143051 secs using 299.9% CPU
Optimizing NNI: done in 0.000141859 secs using 300.3% CPU
Optimizing NNI: done in 0.000144005 secs using 300.7% CPU
UPDATE BEST LOG-LIKELIHOOD: -408.134
Optimizing NNI: done in 0.000144005 secs using 301.4% CPU
Optimizing NNI: done in 0.000148058 secs using 297.9% CPU
Optimizing NNI: done in 0.000144958 secs using 298% CPU
Optimizing NNI: done in 0.000145912 secs using 298.8% CPU
Optimizing NNI: done in 0.000144005 secs using 297.9% CPU
Optimizing NNI: done in 0.000141144 secs using 296.2% CPU
Iteration 20 / LogL: -408.134 / Time: 0h:0m:0s
Finish initializing candidate tree set (3)
Current best tree score: -408.134 / CPU time: 0.034
Number of iterations: 20
--------------------------------------------------------------------
|               OPTIMIZING CANDIDATE TREE SET                      |
--------------------------------------------------------------------
Optimizing NNI: done in 0.000170946 secs using 302.4% CPU
Optimizing NNI: done in 0.000150919 secs using 304.1% CPU
Optimizing NNI: done in 0.000330925 secs using 300.1% CPU
Optimizing NNI: done in 0.000465155 secs using 300.5% CPU
Optimizing NNI: done in 0.000303984 secs using 300.7% CPU
Optimizing NNI: done in 0.000262976 secs using 297.4% CPU
Optimizing NNI: done in 0.00011611 secs using 300.6% CPU
Optimizing NNI: done in 0.00011301 secs using 301.7% CPU
Optimizing NNI: done in 0.000293016 secs using 302% CPU
Optimizing NNI: done in 0.000253916 secs using 299.3% CPU
Iteration 30 / LogL: -408.135 / Time: 0h:0m:0s (0h:0m:0s left)
Optimizing NNI: done in 0.000113964 secs
Optimizing NNI: done in 0.000250816 secs using 285.5% CPU
Optimizing NNI: done in 0.000118971 secs using 280.7% CPU
UPDATE BEST LOG-LIKELIHOOD: -408.134
Optimizing NNI: done in 0.000273943 secs
Optimizing NNI: done in 0.000291824 secs using 279.6% CPU
Optimizing NNI: done in 0.00011611 secs using 284.2% CPU
Optimizing NNI: done in 0.000117064 secs using 299% CPU
Optimizing NNI: done in 0.000415087 secs using 299.7% CPU
Optimizing NNI: done in 0.000117064 secs using 305.8% CPU
Optimizing NNI: done in 0.000118971 secs using 300.1% CPU
Iteration 40 / LogL: -408.134 / Time: 0h:0m:0s (0h:0m:0s left)
Optimizing NNI: done in 0.000277042 secs using 301.4% CPU
Optimizing NNI: done in 0.000396967 secs using 299% CPU
Optimizing NNI: done in 0.000115156 secs using 298.7% CPU
Optimizing NNI: done in 0.000249147 secs using 297.8% CPU
Optimizing NNI: done in 0.000115871 secs using 302.1% CPU
Optimizing NNI: done in 0.00010705 secs using 299.9% CPU
Optimizing NNI: done in 0.000113964 secs using 299.2% CPU
Optimizing NNI: done in 0.000265121 secs using 299.1% CPU
Optimizing NNI: done in 0.000114918 secs using 300.2% CPU
Optimizing NNI: done in 0.000110149 secs using 290.5% CPU
Iteration 50 / LogL: -408.135 / Time: 0h:0m:0s (0h:0m:0s left)
Optimizing NNI: done in 0.000281096 secs using 298.1% CPU
Optimizing NNI: done in 0.000113964 secs using 301.8% CPU
Optimizing NNI: done in 0.000111103 secs using 300.6% CPU
Optimizing NNI: done in 0.000648022 secs using 297.4% CPU
Optimizing NNI: done in 0.00081706 secs using 300% CPU
Optimizing NNI: done in 0.000311852 secs using 298.5% CPU
Optimizing NNI: done in 0.000326157 secs using 299.9% CPU
Optimizing NNI: done in 0.000325918 secs using 300.7% CPU
Optimizing NNI: done in 0.000335932 secs using 299.2% CPU
Optimizing NNI: done in 0.000334024 secs using 299.4% CPU
Iteration 60 / LogL: -408.134 / Time: 0h:0m:0s (0h:0m:0s left)
Optimizing NNI: done in 0.00116801 secs using 300.3% CPU
Optimizing NNI: done in 0.000338078 secs using 298.5% CPU
Optimizing NNI: done in 0.00032711 secs using 299.6% CPU
Optimizing NNI: done in 0.000818014 secs using 299.8% CPU
Optimizing NNI: done in 0.000329971 secs using 299.7% CPU
Optimizing NNI: done in 0.00114202 secs using 299.9% CPU
Optimizing NNI: done in 0.000211 secs using 280.1% CPU
Optimizing NNI: done in 0.000216961 secs using 284.8% CPU
Optimizing NNI: done in 0.000221968 secs using 300% CPU
Optimizing NNI: done in 0.000174046 secs using 298.8% CPU
Iteration 70 / LogL: -408.134 / Time: 0h:0m:0s (0h:0m:0s left)
Optimizing NNI: done in 0.000216007 secs using 299.5% CPU
Optimizing NNI: done in 0.000211 secs
Optimizing NNI: done in 0.000211 secs using 205.2% CPU
Optimizing NNI: done in 0.000540018 secs using 128% CPU
Optimizing NNI: done in 0.000192881 secs using 283.1% CPU
Optimizing NNI: done in 0.000215054 secs using 297.6% CPU
Optimizing NNI: done in 0.000213861 secs using 297.4% CPU
Optimizing NNI: done in 0.000180006 secs using 296.7% CPU
Optimizing NNI: done in 0.000172138 secs using 300.3% CPU
Optimizing NNI: done in 0.00019598 secs using 298% CPU
Iteration 80 / LogL: -408.135 / Time: 0h:0m:0s (0h:0m:0s left)
Optimizing NNI: done in 0.000476122 secs using 298.9% CPU
Optimizing NNI: done in 0.000202894 secs using 300.6% CPU
Optimizing NNI: done in 0.000195026 secs using 128.2% CPU
Optimizing NNI: done in 0.000218868 secs using 285.1% CPU
Optimizing NNI: done in 0.00020504 secs using 297.5% CPU
Optimizing NNI: done in 0.00073719 secs using 299.5% CPU
Optimizing NNI: done in 0.000174999 secs using 298.3% CPU
Optimizing NNI: done in 0.000197887 secs using 299.7% CPU
Optimizing NNI: done in 0.000736952 secs using 170% CPU
Optimizing NNI: done in 0.000495911 secs using 300.1% CPU
Iteration 90 / LogL: -408.135 / Time: 0h:0m:0s (0h:0m:0s left)
Optimizing NNI: done in 0.000134945 secs using 299.4% CPU
Optimizing NNI: done in 0.000125885 secs using 296.3% CPU
Optimizing NNI: done in 0.000337124 secs using 299.6% CPU
Optimizing NNI: done in 0.000456095 secs using 297.5% CPU
Optimizing NNI: done in 0.000328064 secs using 299.9% CPU
Optimizing NNI: done in 0.00047493 secs using 299.8% CPU
Optimizing NNI: done in 0.000139952 secs using 303% CPU
Optimizing NNI: done in 0.000126839 secs using 302.7% CPU
Optimizing NNI: done in 0.000478983 secs using 300.8% CPU
Optimizing NNI: done in 0.000335932 secs using 300.7% CPU
Iteration 100 / LogL: -408.135 / Time: 0h:0m:0s (0h:0m:0s left)
Optimizing NNI: done in 0.000504017 secs using 300% CPU
Optimizing NNI: done in 0.000139952 secs using 300.8% CPU
Optimizing NNI: done in 0.000347137 secs using 298.2% CPU
TREE SEARCH COMPLETED AFTER 103 ITERATIONS / Time: 0h:0m:0s

--------------------------------------------------------------------
|                    FINALIZING TREE SEARCH                        |
--------------------------------------------------------------------
Performs final model parameters optimization
Estimate model parameters (epsilon = 0.010)
1. Initial log-likelihood: -408.134
Optimal log-likelihood: -408.134
Rate parameters:  A-C: 1.00000  A-G: 13.21544  A-T: 1.00000  C-G: 1.00000  C-T: 13.21544  G-T: 1.00000
Base frequencies:  A: 0.166  C: 0.243  G: 0.243  T: 0.348
Parameters optimization took 1 rounds (0.000 sec)
BEST SCORE FOUND : -408.134
Total tree length: 0.031

Total number of iterations: 103
CPU time used for tree search: 0.210 sec (0h:0m:0s)
Wall-clock time used for tree search: 0.073 sec (0h:0m:0s)
Total CPU time used: 0.224 sec (0h:0m:0s)
Total wall-clock time used: 0.080 sec (0h:0m:0s)

Analysis results written to: 
  IQ-TREE report:                /app/outputs/analyses/553/20250201T092521/between_profile_distances/C/clade_C_seqs.aligned.fasta.iqtree
  Maximum-likelihood tree:       /app/outputs/analyses/553/20250201T092521/between_profile_distances/C/clade_C_seqs.aligned.fasta.treefile
  Likelihood distances:          /app/outputs/analyses/553/20250201T092521/between_profile_distances/C/clade_C_seqs.aligned.fasta.mldist
  Screen log file:               /app/outputs/analyses/553/20250201T092521/between_profile_distances/C/clade_C_seqs.aligned.fasta.log

Date and Time: Sat Feb  1 03:26:01 2025
