4163t [ERR] [INFO] IoExpErrorState changed from N/A to OK
4341t [ERR] [INFO] PotErrorState changed from N/A to OK
4345t [ERR] [INFO] ChargerErrorState changed from N/A to OK
4475t [ERR] [INFO] busmonErrorState changed from N/A to OK
4477t [ERR] [INFO] SolarErrorState changed from N/A to LOW
4477t [ERR] [INFO] BattErrorState changed from N/A to OK
4477t [ERR] [INFO] BusVErrorState changed from N/A to OK
4477t [ERR] [INFO] BusIErrorState changed from N/A to OK
751674t [ERR] [INFO] ChargerErrorState changed from OK to CHARGE_ERR
4802t [ERR] [INFO] IoExpErrorState changed from N/A to OK
4980t [ERR] [INFO] PotErrorState changed from N/A to OK
4984t [ERR] [INFO] ChargerErrorState changed from N/A to OK
5114t [ERR] [INFO] busmonErrorState changed from N/A to OK
5116t [ERR] [INFO] SolarErrorState changed from N/A to LOW
5116t [ERR] [INFO] BattErrorState changed from N/A to OK
5116t [ERR] [INFO] BusVErrorState changed from N/A to OK
5116t [ERR] [INFO] BusIErrorState changed from N/A to OK
5189t [ERR] [INFO] HtuErrorState changed from N/A to OK
5200t [ERR] [INFO] BaroErrorState changed from N/A to INIT_ERR
5900t [ERR] [INFO] IridiumErrorState changed from N/A to OK
8157t [ERR] [INFO] GpsErrorState changed from N/A to NO_SIGNAL
8871t [ERR] [INFO] Visibility LEDErrorState changed from N/A to OK
10226t [ERR] [INFO] bridgeErrorState changed from N/A to OK
