5222t [GPS] [WARNING] Initializing GPS. Tries remaining 3
5451t [GPS] [WARNING] TXT: u-blox AG - www.u-blox.com
5495t [GPS] [WARNING] TXT: HW UBX-M8030 00080000
5540t [GPS] [WARNING] TXT: EXT CORE 3.01 (107900)
5584t [GPS] [WARNING] TXT: ROM BASE 3.01 (107888)
5621t [GPS] [WARNING] TXT: FWVER=SPG 3.01
5656t [GPS] [WARNING] TXT: PROTVER=18.00
5692t [GPS] [WARNING] TXT: MOD=NEO-M8N-0
5736t [GPS] [WARNING] TXT: FIS=0xEF4015 (100111)
5773t [GPS] [WARNING] TXT: GPS;GLO;GAL;BDS
5809t [GPS] [WARNING] TXT: SBAS;IMES;QZSS
5848t [GPS] [WARNING] TXT: GNSS OTP=GPS;GLO
5920t [GPS] [WARNING] TXT: LLC=FFFFFFFF-FFFFFFED-FFFFFFFF-FFFFFFFF-FFFFFF69
5966t [GPS] [WARNING] TXT: ANTSUPERV=AC SD PDoS SR
6006t [GPS] [WARNING] TXT: ANTSTATUS=DONTKNOW
6034t [GPS] [WARNING] TXT: PF=3FF
6656t [GPS] [WARNING] TXT: ANTSTATUS=INIT
6967t [GPS] [WARNING] TXT: Resetting GNSS
7397t [GPS] [WARNING] TXT: Resetting GNSS
7457t [GPS] [WARNING] TXT: ANTSUPERV=AC SD OD PDoS SR
8157t [GPS] [WARNING] Successfully initialized GPS!
8418t [GPS] [WARNING] 