411t [SYS] [INFO] Loading hardware config
729t [SYS] [INFO] Initialize sensors
798t [SYS] [INFO] Starting barometer filter with parameters:
size: 200
percentile: 10.00
downsamplingRate: 50
alpha: 1.0000387
809t [SYS] [INFO] Error initializing BARO
824t [SYS] [INFO] Init values CALR: 000000BC CALM: 188, CALP: 0
825t [SYS] [INFO] APP_NAME: spotter-dbg
825t [SYS] [INFO] UID: 203630325847500600340023
825t [SYS] [INFO] FW Version: v2.1.0
825t [SYS] [INFO] GIT SHA: FE6412C3
825t [SYS] [INFO] Build ID: 327474a8ac3d2ce7f13558b38d652813dea54022
826t [SYS] [INFO] BSP: pluteus_v3.1
826t [SYS] [INFO] Reset Reason: Invalid reset or first power on since flashing
826t [SYS] [INFO] Main Deck HW Version: 01
828t [SYS] [INFO] Upper Deck HW Version: 01
1154t [SYS] [INFO] IMEI: 300534064008050
30729t [SYS] [ERROR] rebootctl reset 1. Source: 7
414t [SYS] [INFO] Loading hardware config
732t [SYS] [INFO] Initialize sensors
801t [SYS] [INFO] Starting barometer filter with parameters:
size: 200
percentile: 10.00
downsamplingRate: 50
alpha: 1.0000387
822t [SYS] [INFO] Error initializing BARO
836t [SYS] [INFO] Init values CALR: 000000BC CALM: 188, CALP: 0
837t [SYS] [INFO] APP_NAME: spotter-dbg
837t [SYS] [INFO] UID: 203630325847500600340023
837t [SYS] [INFO] FW Version: v2.1.0
837t [SYS] [INFO] GIT SHA: FE6412C3
837t [SYS] [INFO] Build ID: 327474a8ac3d2ce7f13558b38d652813dea54022
838t [SYS] [INFO] BSP: pluteus_v3.1
838t [SYS] [INFO] Reset Reason: Reboot Controller
838t [SYS] [INFO] RebootCtl Source: 7
838t [SYS] [INFO] Main Deck HW Version: 01
840t [SYS] [INFO] Upper Deck HW Version: 01
1166t [SYS] [INFO] IMEI: 300534064008050
36877t [SYS] [WARNING] Updating RTC from GPS time.
2025-02-19T05:58:25.000Z [SYS] [WARNING] RTC wasn't set previously. Rotating logs.
