1169t [IRI] [INFO] ATI0 - 2400
1184t [IRI] [INFO] ATI1 - 0000
1197t [IRI] [INFO] ATI2 - OK
1213t [IRI] [INFO] ATI3 - TA21004
1236t [IRI] [INFO] ATI4 - IRIDIUM 9600 Family
1250t [IRI] [INFO] ATI5 - 8816
1264t [IRI] [INFO] ATI6 - 108
1291t [IRI] [INFO] ATI7 - BOOT07d4/9602NrvA-D/04/RAW0d
1310t [IRI] [INFO] AT+CGMI - Iridium
1344t [IRI] [INFO] AT+CGMM - IRIDIUM 9600 Family SBD Transceiver
1368t [IRI] [INFO] AT+CGSN - 300534064008050
1415t [IRI] [INFO] AT+CGMR - Modem DSP Version: 1.7 svn: 2358
1431t [IRI] [INFO] AT+CGMR - DBB Version: 0x0001 (ASIC)
1447t [IRI] [INFO] AT+CGMR - RFA Version: 0x0007 (SRFA2)
1457t [IRI] [INFO] AT+CGMR - NVM Version: KVS
1483t [IRI] [INFO] AT+CGMR - Hardware Version: BOOT07d4/9602NrvA-D/04/RAW0d
1506t [IRI] [INFO] AT+CGMR - BOOT Ver1181t [IRI] [INFO] ATI0 - 2400
1195t [IRI] [INFO] ATI1 - 0000
1209t [IRI] [INFO] ATI2 - OK
1225t [IRI] [INFO] ATI3 - TA21004
1247t [IRI] [INFO] ATI4 - IRIDIUM 9600 Family
1262t [IRI] [INFO] ATI5 - 8816
1275t [IRI] [INFO] ATI6 - 108
1302t [IRI] [INFO] ATI7 - BOOT07d4/9602NrvA-D/04/RAW0d
1322t [IRI] [INFO] AT+CGMI - Iridium
1356t [IRI] [INFO] AT+CGMM - IRIDIUM 9600 Family SBD Transceiver
1380t [IRI] [INFO] AT+CGSN - 300534064008050
1427t [IRI] [INFO] AT+CGMR - Modem DSP Version: 1.7 svn: 2358
1443t [IRI] [INFO] AT+CGMR - DBB Version: 0x0001 (ASIC)
1459t [IRI] [INFO] AT+CGMR - RFA Version: 0x0007 (SRFA2)
1469t [IRI] [INFO] AT+CGMR - NVM Version: KVS
1495t [IRI] [INFO] AT+CGMR - Hardware Version: BOOT07d4/9602NrvA-D/04/RAW0d
1518t [IRI] [INFO] AT+CGMR - BOOT Version: 2004 TD2-BLB960X-27 R4710
