824t [BRIDGE] [INFO] Bridge Enabled
5828t [BRIDGE] [INFO] Self test successful
10824t [BRIDGE] [INFO] Updating bridge epoch 0
20824t [BRIDGE] [INFO] Updating bridge epoch 0
30824t [BRIDGE] [INFO] Updating bridge epoch 0
40824t [BRIDGE] [INFO] Updating bridge epoch 0
50824t [BRIDGE] [INFO] Updating bridge epoch 0
60824t [BRIDGE] [INFO] Updating bridge epoch 0
70824t [BRIDGE] [INFO] Updating bridge epoch 0
2025-02-19T05:58:25.035Z [BRIDGE] [INFO] Updating bridge epoch 1739944705
2025-02-19T05:58:34.910Z [BRIDGE] [INFO] Updating bridge epoch 1739944715
2025-02-19T05:58:44.910Z [BRIDGE] [INFO] Updating bridge epoch 1739944725
2025-02-19T05:58:54.910Z [BRIDGE] [INFO] Updating bridge epoch 1739944735
2025-02-19T05:59:04.910Z [BRIDGE] [INFO] Updating bridge epoch 1739944745
2025-02-19T05:59:14.910Z [BRIDGE] [INFO] Updating bridge epoch 1739944755
2025-02-19T05:59:24.906Z [BRIDGE] [INFO] Updating bridge epoch 1739944765
2025-02-19T05:59:34.910Z [BRIDGE] [INFO] Updating bridge epoch 1739944775
2025-02-19T05:59:44.910Z [BRIDGE] [INFO] Updating bridge epoch 1739944785
2025-02-19T05:59:54.910Z [BRIDGE] [INFO] Updating bridge epoch 1739944795
2025-02-19T06:00:04.910Z [BRIDGE] [INFO] Updating bridge epoch 1739944805
2025-02-19T06:00:14.921Z [BRIDGE] [INFO] Updating bridge epoch 1739944815
2025-02-19T06:00:24.921Z [BRIDGE] [INFO] Updating bridge epoch 1739944825
2025-02-19T06:00:34.914Z [BRIDGE] [INFO] Updating bridge epoch 1739944835
2025-02-19T06:00:44.910Z [BRIDGE] [INFO] Updating bridge epoch 1739944845
2025-02-19T06:00:54.910Z [BRIDGE] [INFO] Updating bridge epoch 1739944855
2025-02-19T06:01:04.910Z [BRIDGE] [INFO] Updating bridge epoch 1739944865
2025-02-19T06:01:14.910Z [BRIDGE] [INFO] Updating bridge epoch 1739944875
2025-02-19T06:01:24.910Z [BRIDGE] [INFO] Updating bridge epoch 1739944885
2025-02-19T06:01:34.910Z [BRIDGE] [INFO] Updating bridge epoch 1739944895
2025-02-19T06:01:35.007Z [BRIDGE] [WARNING] Ack timeout
2025-02-19T06:01:35.007Z [BRIDGE] [WARNING] Unable to update epoch
2025-02-19T06:01:44.910Z [BRIDGE] [INFO] Updating bridge epoch 1739944905
2025-02-19T06:01:54.910Z [BRIDGE] [INFO] Updating bridge epoch 1739944915
2025-02-19T06:02:04.910Z [BRIDGE] [INFO] Updating bridge epoch 1739944925
2025-02-19T06:02:14.921Z [BRIDGE] [INFO] Updating bridge epoch 1739944935
2025-02-19T06:02:24.910Z [BRIDGE] [INFO] Updating bridge epoch 1739944945
2025-02-19T06:02:34.914Z [BRIDGE] [INFO] Updating bridge epoch 1739944955
2025-02-19T06:02:44.914Z [BRIDGE] [INFO] Updating bridge epoch 1739944965
2025-02-19T06:02:54.914Z [BRIDGE] [INFO] Updating bridge epoch 1739944975
2025-02-19T06:03:04.910Z [BRIDGE] [INFO] Updating bridge epoch 1739944985
2025-02-19T06:03:14.910Z [BRIDGE] [INFO] Updating bridge epoch 1739944995
2025-02-19T06:03:24.910Z [BRIDGE] [INFO] Updating bridge epoch 1739945005
2025-02-19T06:03:34.910Z [BRIDGE] [INFO] Updating bridge epoch 1739945015
2025-02-19T06:03:46.105Z [BRIDGE] [INFO] Updating bridge epoch 1739945025
2025-02-19T06:03:56.109Z [BRIDGE] [INFO] Updating bridge epoch 1739945035
2025-02-19T06:04:06.109Z [BRIDGE] [INFO] Updating bridge epoch 1739945045
2025-02-19T06:04:16.109Z [BRIDGE] [INFO] Updating bridge epoch 1739945055
2025-02-19T06:04:26.113Z [BRIDGE] [INFO] Updating bridge epoch 1739945065
2025-02-19T06:04:36.113Z [BRIDGE] [INFO] Updating bridge epoch 1739945075
2025-02-19T06:04:36.210Z [BRIDGE] [WARNING] Ack timeout
2025-02-19T06:04:36.210Z [BRIDGE] [WARNING] Unable to update epoch
2025-02-19T06:04:46.109Z [BRIDGE] [INFO] Updating bridge epoch 1739945085
2025-02-19T06:04:56.109Z [BRIDGE] [INFO] Updating bridge epoch 1739945095
2025-02-19T06:05:06.109Z [BRIDGE] [INFO] Updating bridge epoch 1739945105
2025-02-19T06:05:16.109Z [BRIDGE] [INFO] Updating bridge epoch 1739945115
2025-02-19T06:05:26.113Z [BRIDGE] [INFO] Updating bridge epoch 1739945125
2025-02-19T06:05:36.109Z [BRIDGE] [INFO] Updating bridge epoch 1739945135
2025-02-19T06:05:36.210Z [BRIDGE] [WARNING] Ack timeout
2025-02-19T06:05:36.210Z [BRIDGE] [WARNING] Unable to update epoch
2025-02-19T06:05:46.113Z [BRIDGE] [INFO] Updating bridge epoch 1739945145
2025-02-19T06:05:56.109Z [BRIDGE] [INFO] Updating bridge epoch 1739945155
2025-02-19T06:06:06.109Z [BRIDGE] [INFO] Updating bridge epoch 1739945165
2025-02-19T06:06:16.109Z [BRIDGE] [INFO] Updating bridge epoch 1739945175
2025-02-19T06:06:26.113Z [BRIDGE] [INFO] Updating bridge epoch 1739945185
2025-02-19T06:06:36.109Z [BRIDGE] [INFO] Updating bridge epoch 1739945195
2025-02-19T06:06:46.109Z [BRIDGE] [INFO] Updating bridge epoch 1739945205
2025-02-19T06:06:56.109Z [BRIDGE] [INFO] Updating bridge epoch 1739945215
2025-02-19T06:07:06.125Z [BRIDGE] [INFO] Updating bridge epoch 1739945225
2025-02-19T06:07:16.121Z [BRIDGE] [INFO] Updating bridge epoch 1739945235
2025-02-19T06:07:26.121Z [BRIDGE] [INFO] Updating bridge epoch 1739945245
2025-02-19T06:07:36.121Z [BRIDGE] [INFO] Updating bridge epoch 1739945255
2025-02-19T06:07:46.125Z [BRIDGE] [INFO] Updating bridge epoch 1739945265
2025-02-19T06:07:56.125Z [BRIDGE] [INFO] Updating bridge epoch 1739945275
2025-02-19T06:08:06.121Z [BRIDGE] [INFO] Updating bridge epoch 1739945285
2025-02-19T06:08:16.125Z [BRIDGE] [INFO] Updating bridge epoch 1739945295
2025-02-19T06:08:26.128Z [BRIDGE] [INFO] Updating bridge epoch 1739945305
2025-02-19T06:08:36.121Z [BRIDGE] [INFO] Updating bridge epoch 1739945315
2025-02-19T06:08:46.128Z [BRIDGE] [INFO] Updating bridge epoch 1739945325
2025-02-19T06:08:56.121Z [BRIDGE] [INFO] Updating bridge epoch 1739945335
2025-02-19T06:09:06.121Z [BRIDGE] [INFO] Updating bridge epoch 1739945345
2025-02-19T06:09:16.125Z [BRIDGE] [INFO] Updating bridge epoch 1739945355
2025-02-19T06:09:26.109Z [BRIDGE] [INFO] Updating bridge epoch 1739945365
2025-02-19T06:09:36.109Z [BRIDGE] [INFO] Updating bridge epoch 1739945375
2025-02-19T06:09:46.125Z [BRIDGE] [INFO] Updating bridge epoch 1739945385
2025-02-19T06:09:56.109Z [BRIDGE] [INFO] Updating bridge epoch 1739945395
2025-02-19T06:10:06.109Z [BRIDGE] [INFO] Updating bridge epoch 1739945405
2025-02-19T06:10:16.105Z [BRIDGE] [INFO] Updating bridge epoch 1739945415
2025-02-19T06:10:26.109Z [BRIDGE] [INFO] Updating bridge epoch 1739945425
2025-02-19T06:10:36.109Z [BRIDGE] [INFO] Updating bridge epoch 1739945435
2025-02-19T06:10:46.109Z [BRIDGE] [INFO] Updating bridge epoch 1739945445
2025-02-19T06:10:56.101Z [BRIDGE] [INFO] Updating bridge epoch 1739945455
2025-02-19T06:11:06.105Z [BRIDGE] [INFO] Updating bridge epoch 1739945465
2025-02-19T06:11:16.105Z [BRIDGE] [INFO] Updating bridge epoch 1739945475
2025-02-19T06:11:26.105Z [BRIDGE] [INFO] Updating bridge epoch 1739945485
2025-02-19T06:11:36.109Z [BRIDGE] [INFO] Updating bridge epoch 1739945495
2025-02-19T06:11:46.109Z [BRIDGE] [INFO] Updating bridge epoch 1739945505
2025-02-19T06:11:56.105Z [BRIDGE] [INFO] Updating bridge epoch 1739945515
2025-02-19T06:12:06.101Z [BRIDGE] [INFO] Updating bridge epoch 1739945525
2025-02-19T06:12:16.105Z [BRIDGE] [INFO] Updating bridge epoch 1739945535
2025-02-19T06:12:26.101Z [BRIDGE] [INFO] Updating bridge epoch 1739945545
2025-02-19T06:12:36.105Z [BRIDGE] [INFO] Updating bridge epoch 1739945555
2025-02-19T06:12:46.109Z [BRIDGE] [INFO] Updating bridge epoch 1739945565
2025-02-19T06:12:56.105Z [BRIDGE] [INFO] Updating bridge epoch 1739945575
2025-02-19T06:13:06.105Z [BRIDGE] [INFO] Updating bridge epoch 1739945585
2025-02-19T06:13:16.101Z [BRIDGE] [INFO] Updating bridge epoch 1739945595
2025-02-19T06:13:26.105Z [BRIDGE] [INFO] Updating bridge epoch 1739945605
2025-02-19T06:13:36.105Z [BRIDGE] [INFO] Updating bridge epoch 1739945615
2025-02-19T06:13:46.105Z [BRIDGE] [INFO] Updating bridge epoch 1739945625
2025-02-19T06:13:56.105Z [BRIDGE] [INFO] Updating bridge epoch 1739945635
2025-02-19T06:14:06.105Z [BRIDGE] [INFO] Updating bridge epoch 1739945645
2025-02-19T06:14:16.105Z [BRIDGE] [INFO] Updating bridge epoch 1739945655
2025-02-19T06:14:26.105Z [BRIDGE] [INFO] Updating bridge epoch 1739945665
2025-02-19T06:14:36.105Z [BRIDGE] [INFO] Updating bridge epoch 1739945675
2025-02-19T06:14:46.105Z [BRIDGE] [INFO] Updating bridge epoch 1739945685
2025-02-19T06:14:56.101Z [BRIDGE] [INFO] Updating bridge epoch 1739945695
2025-02-19T06:15:06.101Z [BRIDGE] [INFO] Updating bridge epoch 1739945705
2025-02-19T06:15:16.105Z [BRIDGE] [INFO] Updating bridge epoch 1739945715
2025-02-19T06:15:26.105Z [BRIDGE] [INFO] Updating bridge epoch 1739945725
2025-02-19T06:15:36.105Z [BRIDGE] [INFO] Updating bridge epoch 1739945735
2025-02-19T06:15:46.105Z [BRIDGE] [INFO] Updating bridge epoch 1739945745
2025-02-19T06:15:56.105Z [BRIDGE] [INFO] Updating bridge epoch 1739945755
2025-02-19T06:16:06.101Z [BRIDGE] [INFO] Updating bridge epoch 1739945765
2025-02-19T06:16:16.097Z [BRIDGE] [INFO] Updating bridge epoch 1739945775
2025-02-19T06:16:26.097Z [BRIDGE] [INFO] Updating bridge epoch 1739945785
2025-02-19T06:16:36.101Z [BRIDGE] [INFO] Updating bridge epoch 1739945795
2025-02-19T06:16:46.097Z [BRIDGE] [INFO] Updating bridge epoch 1739945805
2025-02-19T06:16:56.097Z [BRIDGE] [INFO] Updating bridge epoch 1739945815
2025-02-19T06:17:06.097Z [BRIDGE] [INFO] Updating bridge epoch 1739945825
2025-02-19T06:17:16.101Z [BRIDGE] [INFO] Updating bridge epoch 1739945835
2025-02-19T06:17:26.097Z [BRIDGE] [INFO] Updating bridge epoch 1739945845
2025-02-19T06:17:36.097Z [BRIDGE] [INFO] Updating bridge epoch 1739945855
2025-02-19T06:17:46.097Z [BRIDGE] [INFO] Updating bridge epoch 1739945865
2025-02-19T06:17:56.101Z [BRIDGE] [INFO] Updating bridge epoch 1739945875
2025-02-19T06:18:06.097Z [BRIDGE] [INFO] Updating bridge epoch 1739945885
2025-02-19T06:18:16.093Z [BRIDGE] [INFO] Updating bridge epoch 1739945895
2025-02-19T06:18:26.097Z [BRIDGE] [INFO] Updating bridge epoch 1739945905
2025-02-19T06:18:36.101Z [BRIDGE] [INFO] Updating bridge epoch 1739945915
2025-02-19T06:18:46.105Z [BRIDGE] [INFO] Updating bridge epoch 1739945925
2025-02-19T06:18:56.093Z [BRIDGE] [INFO] Updating bridge epoch 1739945935
2025-02-19T06:19:06.097Z [BRIDGE] [INFO] Updating bridge epoch 1739945945
2025-02-19T06:19:16.097Z [BRIDGE] [INFO] Updating bridge epoch 1739945955
2025-02-19T06:19:26.097Z [BRIDGE] [INFO] Updating bridge epoch 1739945965
2025-02-19T06:19:36.097Z [BRIDGE] [INFO] Updating bridge epoch 1739945975
2025-02-19T06:19:46.097Z [BRIDGE] [INFO] Updating bridge epoch 1739945985
2025-02-19T06:19:56.097Z [BRIDGE] [INFO] Updating bridge epoch 1739945995
2025-02-19T06:20:06.097Z [BRIDGE] [INFO] Updating bridge epoch 1739946005
2025-02-19T06:20:16.097Z [BRIDGE] [INFO] Updating bridge epoch 1739946015
2025-02-19T06:20:26.097Z [BRIDGE] [INFO] Updating bridge epoch 1739946025
2025-02-19T06:20:36.093Z [BRIDGE] [INFO] Updating bridge epoch 1739946035
2025-02-19T06:20:46.105Z [BRIDGE] [INFO] Updating bridge epoch 1739946045
2025-02-19T06:20:56.105Z [BRIDGE] [INFO] Updating bridge epoch 1739946055
2025-02-19T06:21:06.105Z [BRIDGE] [INFO] Updating bridge epoch 1739946065
2025-02-19T06:21:16.109Z [BRIDGE] [INFO] Updating bridge epoch 1739946075
2025-02-19T06:21:26.109Z [BRIDGE] [INFO] Updating bridge epoch 1739946085
2025-02-19T06:21:36.109Z [BRIDGE] [INFO] Updating bridge epoch 1739946095
2025-02-19T06:21:46.109Z [BRIDGE] [INFO] Updating bridge epoch 1739946105
2025-02-19T06:21:56.109Z [BRIDGE] [INFO] Updating bridge epoch 1739946115
2025-02-19T06:22:06.109Z [BRIDGE] [INFO] Updating bridge epoch 1739946125
2025-02-19T06:22:16.109Z [BRIDGE] [INFO] Updating bridge epoch 1739946135
2025-02-19T06:22:26.109Z [BRIDGE] [INFO] Updating bridge epoch 1739946145
2025-02-19T06:22:36.105Z [BRIDGE] [INFO] Updating bridge epoch 1739946155
2025-02-19T06:22:46.109Z [BRIDGE] [INFO] Updating bridge epoch 1739946165
2025-02-19T06:22:56.105Z [BRIDGE] [INFO] Updating bridge epoch 1739946175
2025-02-19T06:23:06.105Z [BRIDGE] [INFO] Updating bridge epoch 1739946185
2025-02-19T06:23:16.093Z [BRIDGE] [INFO] Updating bridge epoch 1739946195
2025-02-19T06:23:26.093Z [BRIDGE] [INFO] Updating bridge epoch 1739946205
2025-02-19T06:23:36.093Z [BRIDGE] [INFO] Updating bridge epoch 1739946215
2025-02-19T06:23:46.093Z [BRIDGE] [INFO] Updating bridge epoch 1739946225
2025-02-19T06:23:56.093Z [BRIDGE] [INFO] Updating bridge epoch 1739946235
2025-02-19T06:24:06.097Z [BRIDGE] [INFO] Updating bridge epoch 1739946245
2025-02-19T06:24:16.093Z [BRIDGE] [INFO] Updating bridge epoch 1739946255
2025-02-19T06:24:26.093Z [BRIDGE] [INFO] Updating bridge epoch 1739946265
2025-02-19T06:24:36.093Z [BRIDGE] [INFO] Updating bridge epoch 1739946275
2025-02-19T06:24:46.089Z [BRIDGE] [INFO] Updating bridge epoch 1739946285
2025-02-19T06:24:56.089Z [BRIDGE] [INFO] Updating bridge epoch 1739946295
2025-02-19T06:25:06.089Z [BRIDGE] [INFO] Updating bridge epoch 1739946305
2025-02-19T06:25:16.093Z [BRIDGE] [INFO] Updating bridge epoch 1739946315
2025-02-19T06:25:26.089Z [BRIDGE] [INFO] Updating bridge epoch 1739946325
2025-02-19T06:25:36.089Z [BRIDGE] [INFO] Updating bridge epoch 1739946335
2025-02-19T06:25:46.089Z [BRIDGE] [INFO] Updating bridge epoch 1739946345
2025-02-19T06:25:56.089Z [BRIDGE] [INFO] Updating bridge epoch 1739946355
2025-02-19T06:26:06.089Z [BRIDGE] [INFO] Updating bridge epoch 1739946365
2025-02-19T06:26:16.089Z [BRIDGE] [INFO] Updating bridge epoch 1739946375
2025-02-19T06:26:26.089Z [BRIDGE] [INFO] Updating bridge epoch 1739946385
2025-02-19T06:26:36.089Z [BRIDGE] [INFO] Updating bridge epoch 1739946395
2025-02-19T06:26:46.089Z [BRIDGE] [INFO] Updating bridge epoch 1739946405
2025-02-19T06:26:56.089Z [BRIDGE] [INFO] Updating bridge epoch 1739946415
2025-02-19T06:27:06.089Z [BRIDGE] [INFO] Updating bridge epoch 1739946425
2025-02-19T06:27:16.089Z [BRIDGE] [INFO] Updating bridge epoch 1739946435
2025-02-19T06:27:26.089Z [BRIDGE] [INFO] Updating bridge epoch 1739946445
2025-02-19T06:27:36.085Z [BRIDGE] [INFO] Updating bridge epoch 1739946455
2025-02-19T06:27:46.089Z [BRIDGE] [INFO] Updating bridge epoch 1739946465
2025-02-19T06:27:56.089Z [BRIDGE] [INFO] Updating bridge epoch 1739946475
2025-02-19T06:28:06.089Z [BRIDGE] [INFO] Updating bridge epoch 1739946485
2025-02-19T06:28:16.097Z [BRIDGE] [INFO] Updating bridge epoch 1739946495
2025-02-19T06:28:26.097Z [BRIDGE] [INFO] Updating bridge epoch 1739946505
2025-02-19T06:28:36.089Z [BRIDGE] [INFO] Updating bridge epoch 1739946515
2025-02-19T06:28:46.089Z [BRIDGE] [INFO] Updating bridge epoch 1739946525
2025-02-19T06:28:56.085Z [BRIDGE] [INFO] Updating bridge epoch 1739946535
2025-02-19T06:29:06.093Z [BRIDGE] [INFO] Updating bridge epoch 1739946545
2025-02-19T06:29:16.097Z [BRIDGE] [INFO] Updating bridge epoch 1739946555
2025-02-19T06:29:26.097Z [BRIDGE] [INFO] Updating bridge epoch 1739946565
2025-02-19T06:29:36.097Z [BRIDGE] [INFO] Updating bridge epoch 1739946575
2025-02-19T06:29:46.093Z [BRIDGE] [INFO] Updating bridge epoch 1739946585
2025-02-19T06:29:56.101Z [BRIDGE] [INFO] Updating bridge epoch 1739946595
2025-02-19T06:30:06.097Z [BRIDGE] [INFO] Updating bridge epoch 1739946605
2025-02-19T06:30:16.097Z [BRIDGE] [INFO] Updating bridge epoch 1739946615
2025-02-19T06:30:26.082Z [BRIDGE] [INFO] Updating bridge epoch 1739946625
2025-02-19T06:30:36.085Z [BRIDGE] [INFO] Updating bridge epoch 1739946635
2025-02-19T06:30:46.085Z [BRIDGE] [INFO] Updating bridge epoch 1739946645
2025-02-19T06:30:56.085Z [BRIDGE] [INFO] Updating bridge epoch 1739946655
2025-02-19T06:31:06.101Z [BRIDGE] [INFO] Updating bridge epoch 1739946665
2025-02-19T06:31:16.082Z [BRIDGE] [INFO] Updating bridge epoch 1739946675
2025-02-19T06:31:26.089Z [BRIDGE] [INFO] Updating bridge epoch 1739946685
2025-02-19T06:31:36.085Z [BRIDGE] [INFO] Updating bridge epoch 1739946695
2025-02-19T06:31:46.085Z [BRIDGE] [INFO] Updating bridge epoch 1739946705
2025-02-19T06:31:56.085Z [BRIDGE] [INFO] Updating bridge epoch 1739946715
2025-02-19T06:32:06.085Z [BRIDGE] [INFO] Updating bridge epoch 1739946725
2025-02-19T06:32:16.085Z [BRIDGE] [INFO] Updating bridge epoch 1739946735
2025-02-19T06:32:26.085Z [BRIDGE] [INFO] Updating bridge epoch 1739946745
2025-02-19T06:32:36.082Z [BRIDGE] [INFO] Updating bridge epoch 1739946755
2025-02-19T06:32:46.085Z [BRIDGE] [INFO] Updating bridge epoch 1739946765
2025-02-19T06:32:56.085Z [BRIDGE] [INFO] Updating bridge epoch 1739946775
2025-02-19T06:33:06.085Z [BRIDGE] [INFO] Updating bridge epoch 1739946785
2025-02-19T06:33:16.097Z [BRIDGE] [INFO] Updating bridge epoch 1739946795
2025-02-19T06:33:26.085Z [BRIDGE] [INFO] Updating bridge epoch 1739946805
2025-02-19T06:33:36.085Z [BRIDGE] [INFO] Updating bridge epoch 1739946815
2025-02-19T06:33:46.085Z [BRIDGE] [INFO] Updating bridge epoch 1739946825
2025-02-19T06:33:56.082Z [BRIDGE] [INFO] Updating bridge epoch 1739946835
2025-02-19T06:34:06.082Z [BRIDGE] [INFO] Updating bridge epoch 1739946845
2025-02-19T06:34:16.082Z [BRIDGE] [INFO] Updating bridge epoch 1739946855
2025-02-19T06:34:26.082Z [BRIDGE] [INFO] Updating bridge epoch 1739946865
2025-02-19T06:34:36.085Z [BRIDGE] [INFO] Updating bridge epoch 1739946875
2025-02-19T06:34:46.082Z [BRIDGE] [INFO] Updating bridge epoch 1739946885
2025-02-19T06:34:56.082Z [BRIDGE] [INFO] Updating bridge epoch 1739946895
2025-02-19T06:35:06.082Z [BRIDGE] [INFO] Updating bridge epoch 1739946905
2025-02-19T06:35:16.082Z [BRIDGE] [INFO] Updating bridge epoch 1739946915
2025-02-19T06:35:26.082Z [BRIDGE] [INFO] Updating bridge epoch 1739946925
2025-02-19T06:35:36.085Z [BRIDGE] [INFO] Updating bridge epoch 1739946935
2025-02-19T06:35:46.097Z [BRIDGE] [INFO] Updating bridge epoch 1739946945
2025-02-19T06:35:56.093Z [BRIDGE] [INFO] Updating bridge epoch 1739946955
2025-02-19T06:36:06.093Z [BRIDGE] [INFO] Updating bridge epoch 1739946965
2025-02-19T06:36:16.093Z [BRIDGE] [INFO] Updating bridge epoch 1739946975
2025-02-19T06:36:26.089Z [BRIDGE] [INFO] Updating bridge epoch 1739946985
2025-02-19T06:36:36.093Z [BRIDGE] [INFO] Updating bridge epoch 1739946995
2025-02-19T06:36:46.089Z [BRIDGE] [INFO] Updating bridge epoch 1739947005
2025-02-19T06:36:56.078Z [BRIDGE] [INFO] Updating bridge epoch 1739947015
2025-02-19T06:37:06.085Z [BRIDGE] [INFO] Updating bridge epoch 1739947025
2025-02-19T06:37:16.082Z [BRIDGE] [INFO] Updating bridge epoch 1739947035
2025-02-19T06:37:26.078Z [BRIDGE] [INFO] Updating bridge epoch 1739947045
2025-02-19T06:37:36.078Z [BRIDGE] [INFO] Updating bridge epoch 1739947055
2025-02-19T06:37:46.074Z [BRIDGE] [INFO] Updating bridge epoch 1739947065
2025-02-19T06:37:56.074Z [BRIDGE] [INFO] Updating bridge epoch 1739947075
2025-02-19T06:38:06.078Z [BRIDGE] [INFO] Updating bridge epoch 1739947085
2025-02-19T06:38:16.078Z [BRIDGE] [INFO] Updating bridge epoch 1739947095
2025-02-19T06:38:26.074Z [BRIDGE] [INFO] Updating bridge epoch 1739947105
2025-02-19T06:38:36.078Z [BRIDGE] [INFO] Updating bridge epoch 1739947115
2025-02-19T06:38:46.078Z [BRIDGE] [INFO] Updating bridge epoch 1739947125
2025-02-19T06:38:56.078Z [BRIDGE] [INFO] Updating bridge epoch 1739947135
2025-02-19T06:39:06.082Z [BRIDGE] [INFO] Updating bridge epoch 1739947145
2025-02-19T06:39:16.078Z [BRIDGE] [INFO] Updating bridge epoch 1739947155
2025-02-19T06:39:26.078Z [BRIDGE] [INFO] Updating bridge epoch 1739947165
2025-02-19T06:39:36.078Z [BRIDGE] [INFO] Updating bridge epoch 1739947175
2025-02-19T06:39:46.078Z [BRIDGE] [INFO] Updating bridge epoch 1739947185
2025-02-19T06:39:56.078Z [BRIDGE] [INFO] Updating bridge epoch 1739947195
2025-02-19T06:40:06.074Z [BRIDGE] [INFO] Updating bridge epoch 1739947205
2025-02-19T06:40:16.078Z [BRIDGE] [INFO] Updating bridge epoch 1739947215
2025-02-19T06:40:26.074Z [BRIDGE] [INFO] Updating bridge epoch 1739947225
2025-02-19T06:40:36.074Z [BRIDGE] [INFO] Updating bridge epoch 1739947235
2025-02-19T06:40:46.082Z [BRIDGE] [INFO] Updating bridge epoch 1739947245
2025-02-19T06:40:56.074Z [BRIDGE] [INFO] Updating bridge epoch 1739947255
2025-02-19T06:41:06.074Z [BRIDGE] [INFO] Updating bridge epoch 1739947265
2025-02-19T06:41:16.085Z [BRIDGE] [INFO] Updating bridge epoch 1739947275
2025-02-19T06:41:26.082Z [BRIDGE] [INFO] Updating bridge epoch 1739947285
2025-02-19T06:41:36.082Z [BRIDGE] [INFO] Updating bridge epoch 1739947295
2025-02-19T06:41:46.082Z [BRIDGE] [INFO] Updating bridge epoch 1739947305
2025-02-19T06:41:56.085Z [BRIDGE] [INFO] Updating bridge epoch 1739947315
2025-02-19T06:42:06.085Z [BRIDGE] [INFO] Updating bridge epoch 1739947325
2025-02-19T06:42:16.082Z [BRIDGE] [INFO] Updating bridge epoch 1739947335
2025-02-19T06:42:26.078Z [BRIDGE] [INFO] Updating bridge epoch 1739947345
2025-02-19T06:42:36.085Z [BRIDGE] [INFO] Updating bridge epoch 1739947355
2025-02-19T06:42:46.082Z [BRIDGE] [INFO] Updating bridge epoch 1739947365
2025-02-19T06:42:56.082Z [BRIDGE] [INFO] Updating bridge epoch 1739947375
2025-02-19T06:43:06.082Z [BRIDGE] [INFO] Updating bridge epoch 1739947385
2025-02-19T06:43:16.070Z [BRIDGE] [INFO] Updating bridge epoch 1739947395
2025-02-19T06:43:26.070Z [BRIDGE] [INFO] Updating bridge epoch 1739947405
2025-02-19T06:43:36.070Z [BRIDGE] [INFO] Updating bridge epoch 1739947415
2025-02-19T06:43:46.070Z [BRIDGE] [INFO] Updating bridge epoch 1739947425
2025-02-19T06:43:56.070Z [BRIDGE] [INFO] Updating bridge epoch 1739947435
2025-02-19T06:44:06.070Z [BRIDGE] [INFO] Updating bridge epoch 1739947445
2025-02-19T06:44:16.070Z [BRIDGE] [INFO] Updating bridge epoch 1739947455
2025-02-19T06:44:26.070Z [BRIDGE] [INFO] Updating bridge epoch 1739947465
2025-02-19T06:44:36.070Z [BRIDGE] [INFO] Updating bridge epoch 1739947475
2025-02-19T06:44:46.070Z [BRIDGE] [INFO] Updating bridge epoch 1739947485
2025-02-19T06:44:56.070Z [BRIDGE] [INFO] Updating bridge epoch 1739947495
2025-02-19T06:45:06.070Z [BRIDGE] [INFO] Updating bridge epoch 1739947505
2025-02-19T06:45:16.066Z [BRIDGE] [INFO] Updating bridge epoch 1739947515
2025-02-19T06:45:26.066Z [BRIDGE] [INFO] Updating bridge epoch 1739947525
2025-02-19T06:45:36.070Z [BRIDGE] [INFO] Updating bridge epoch 1739947535
2025-02-19T06:45:46.070Z [BRIDGE] [INFO] Updating bridge epoch 1739947545
2025-02-19T06:45:56.070Z [BRIDGE] [INFO] Updating bridge epoch 1739947555
2025-02-19T06:46:06.066Z [BRIDGE] [INFO] Updating bridge epoch 1739947565
2025-02-19T06:46:16.070Z [BRIDGE] [INFO] Updating bridge epoch 1739947575
2025-02-19T06:46:26.070Z [BRIDGE] [INFO] Updating bridge epoch 1739947585
2025-02-19T06:46:36.070Z [BRIDGE] [INFO] Updating bridge epoch 1739947595
2025-02-19T06:46:36.167Z [BRIDGE] [WARNING] Ack timeout
2025-02-19T06:46:36.167Z [BRIDGE] [WARNING] Unable to update epoch
2025-02-19T06:46:46.070Z [BRIDGE] [INFO] Updating bridge epoch 1739947605
2025-02-19T06:46:56.066Z [BRIDGE] [INFO] Updating bridge epoch 1739947615
2025-02-19T06:47:06.066Z [BRIDGE] [INFO] Updating bridge epoch 1739947625
2025-02-19T06:47:16.070Z [BRIDGE] [INFO] Updating bridge epoch 1739947635
2025-02-19T06:47:26.066Z [BRIDGE] [INFO] Updating bridge epoch 1739947645
2025-02-19T06:47:36.070Z [BRIDGE] [INFO] Updating bridge epoch 1739947655
2025-02-19T06:47:46.066Z [BRIDGE] [INFO] Updating bridge epoch 1739947665
2025-02-19T06:47:56.066Z [BRIDGE] [INFO] Updating bridge epoch 1739947675
2025-02-19T06:48:06.066Z [BRIDGE] [INFO] Updating bridge epoch 1739947685
2025-02-19T06:48:16.066Z [BRIDGE] [INFO] Updating bridge epoch 1739947695
2025-02-19T06:48:26.066Z [BRIDGE] [INFO] Updating bridge epoch 1739947705
2025-02-19T06:48:36.062Z [BRIDGE] [INFO] Updating bridge epoch 1739947715
2025-02-19T06:48:46.066Z [BRIDGE] [INFO] Updating bridge epoch 1739947725
2025-02-19T06:48:56.062Z [BRIDGE] [INFO] Updating bridge epoch 1739947735
2025-02-19T06:49:06.066Z [BRIDGE] [INFO] Updating bridge epoch 1739947745
2025-02-19T06:49:16.066Z [BRIDGE] [INFO] Updating bridge epoch 1739947755
2025-02-19T06:49:26.066Z [BRIDGE] [INFO] Updating bridge epoch 1739947765
2025-02-19T06:49:36.062Z [BRIDGE] [INFO] Updating bridge epoch 1739947775
2025-02-19T06:49:46.066Z [BRIDGE] [INFO] Updating bridge epoch 1739947785
2025-02-19T06:49:56.066Z [BRIDGE] [INFO] Updating bridge epoch 1739947795
2025-02-19T06:50:06.062Z [BRIDGE] [INFO] Updating bridge epoch 1739947805
2025-02-19T06:50:16.062Z [BRIDGE] [INFO] Updating bridge epoch 1739947815
2025-02-19T06:50:26.066Z [BRIDGE] [INFO] Updating bridge epoch 1739947825
2025-02-19T06:50:36.066Z [BRIDGE] [INFO] Updating bridge epoch 1739947835
2025-02-19T06:50:46.062Z [BRIDGE] [INFO] Updating bridge epoch 1739947845
2025-02-19T06:50:56.062Z [BRIDGE] [INFO] Updating bridge epoch 1739947855
2025-02-19T06:51:06.066Z [BRIDGE] [INFO] Updating bridge epoch 1739947865
2025-02-19T06:51:16.062Z [BRIDGE] [INFO] Updating bridge epoch 1739947875
2025-02-19T06:51:26.062Z [BRIDGE] [INFO] Updating bridge epoch 1739947885
2025-02-19T06:51:36.062Z [BRIDGE] [INFO] Updating bridge epoch 1739947895
2025-02-19T06:51:46.066Z [BRIDGE] [INFO] Updating bridge epoch 1739947905
2025-02-19T06:51:56.066Z [BRIDGE] [INFO] Updating bridge epoch 1739947915
2025-02-19T06:52:06.062Z [BRIDGE] [INFO] Updating bridge epoch 1739947925
2025-02-19T06:52:16.062Z [BRIDGE] [INFO] Updating bridge epoch 1739947935
2025-02-19T06:52:26.078Z [BRIDGE] [INFO] Updating bridge epoch 1739947945
2025-02-19T06:52:36.062Z [BRIDGE] [INFO] Updating bridge epoch 1739947955
2025-02-19T06:52:46.066Z [BRIDGE] [INFO] Updating bridge epoch 1739947965
2025-02-19T06:52:56.066Z [BRIDGE] [INFO] Updating bridge epoch 1739947975
2025-02-19T06:53:06.062Z [BRIDGE] [INFO] Updating bridge epoch 1739947985
2025-02-19T06:53:16.062Z [BRIDGE] [INFO] Updating bridge epoch 1739947995
2025-02-19T06:53:26.062Z [BRIDGE] [INFO] Updating bridge epoch 1739948005
2025-02-19T06:53:36.066Z [BRIDGE] [INFO] Updating bridge epoch 1739948015
2025-02-19T06:53:46.062Z [BRIDGE] [INFO] Updating bridge epoch 1739948025
2025-02-19T06:53:56.062Z [BRIDGE] [INFO] Updating bridge epoch 1739948035
2025-02-19T06:54:06.062Z [BRIDGE] [INFO] Updating bridge epoch 1739948045
2025-02-19T06:54:16.066Z [BRIDGE] [INFO] Updating bridge epoch 1739948055
2025-02-19T06:54:26.066Z [BRIDGE] [INFO] Updating bridge epoch 1739948065
2025-02-19T06:54:36.062Z [BRIDGE] [INFO] Updating bridge epoch 1739948075
2025-02-19T06:54:36.160Z [BRIDGE] [WARNING] Ack timeout
2025-02-19T06:54:36.160Z [BRIDGE] [WARNING] Unable to update epoch
2025-02-19T06:54:46.062Z [BRIDGE] [INFO] Updating bridge epoch 1739948085
2025-02-19T06:54:56.062Z [BRIDGE] [INFO] Updating bridge epoch 1739948095
2025-02-19T06:55:06.062Z [BRIDGE] [INFO] Updating bridge epoch 1739948105
2025-02-19T06:55:16.074Z [BRIDGE] [INFO] Updating bridge epoch 1739948115
2025-02-19T06:55:26.074Z [BRIDGE] [INFO] Updating bridge epoch 1739948125
2025-02-19T06:55:36.074Z [BRIDGE] [INFO] Updating bridge epoch 1739948135
2025-02-19T06:55:46.074Z [BRIDGE] [INFO] Updating bridge epoch 1739948145
2025-02-19T06:55:56.078Z [BRIDGE] [INFO] Updating bridge epoch 1739948155
2025-02-19T06:56:06.078Z [BRIDGE] [INFO] Updating bridge epoch 1739948165
2025-02-19T06:56:16.078Z [BRIDGE] [INFO] Updating bridge epoch 1739948175
2025-02-19T06:56:26.085Z [BRIDGE] [INFO] Updating bridge epoch 1739948185
2025-02-19T06:56:36.078Z [BRIDGE] [INFO] Updating bridge epoch 1739948195
2025-02-19T06:56:46.078Z [BRIDGE] [INFO] Updating bridge epoch 1739948205
2025-02-19T06:56:56.078Z [BRIDGE] [INFO] Updating bridge epoch 1739948215
2025-02-19T06:57:06.078Z [BRIDGE] [INFO] Updating bridge epoch 1739948225
2025-02-19T06:57:16.078Z [BRIDGE] [INFO] Updating bridge epoch 1739948235
2025-02-19T06:57:26.082Z [BRIDGE] [INFO] Updating bridge epoch 1739948245
2025-02-19T06:57:36.062Z [BRIDGE] [INFO] Updating bridge epoch 1739948255
2025-02-19T06:57:46.066Z [BRIDGE] [INFO] Updating bridge epoch 1739948265
