2025-02-16T05:30:10.949Z [GPS] [INFO] Max CNO changed from -1 to 48
2025-02-16T05:30:50.953Z [GPS] [INFO] Max CNO changed from 48 to 44
2025-02-16T05:31:10.953Z [GPS] [INFO] Max CNO changed from 44 to 51
2025-02-16T05:31:30.957Z [GPS] [INFO] Max CNO changed from 51 to 46
2025-02-16T05:32:30.957Z [GPS] [INFO] Max CNO changed from 46 to 49
2025-02-19T06:57:48.859Z [GPS] [WARNING] Initializing GPS. Tries remaining 3
2025-02-19T06:57:49.089Z [GPS] [WARNING] TXT: u-blox AG - www.u-blox.com
2025-02-19T06:57:49.132Z [GPS] [WARNING] TXT: HW UBX-M8030 00080000
2025-02-19T06:57:49.175Z [GPS] [WARNING] TXT: EXT CORE 3.01 (107900)
2025-02-19T06:57:49.222Z [GPS] [WARNING] TXT: ROM BASE 3.01 (107888)
2025-02-19T06:57:49.257Z [GPS] [WARNING] TXT: FWVER=SPG 3.01
2025-02-19T06:57:49.292Z [GPS] [WARNING] TXT: PROTVER=18.00
2025-02-19T06:57:49.328Z [GPS] [WARNING] TXT: MOD=NEO-M8N-0
2025-02-19T06:57:49.371Z [GPS] [WARNING] TXT: FIS=0xEF4015 (100111)
2025-02-19T06:57:49.410Z [GPS] [WARNING] TXT: GPS;GLO;GAL;BDS
2025-02-19T06:57:49.445Z [GPS] [WARNING] TXT: SBAS;IMES;QZSS
2025-02-19T06:57:49.484Z [GPS] [WARNING] TXT: GNSS OTP=GPS;GLO
2025-02-19T06:57:49.554Z [GPS] [WARNING] TXT: LLC=FFFFFFFF-FFFFFFED-FFFFFFFF-FFFFFFFF-FFFFFF69
2025-02-19T06:57:49.601Z [GPS] [WARNING] TXT: ANTSUPERV=AC SD PDoS SR
2025-02-19T06:57:49.644Z [GPS] [WARNING] TXT: ANTSTATUS=DONTKNOW
2025-02-19T06:57:49.671Z [GPS] [WARNING] TXT: PF=3FF
2025-02-19T06:57:50.292Z [GPS] [WARNING] TXT: ANTSTATUS=INIT
2025-02-19T06:57:50.621Z [GPS] [WARNING] TXT: Resetting GNSS
2025-02-19T06:57:51.050Z [GPS] [WARNING] TXT: Resetting GNSS
2025-02-19T06:57:51.109Z [GPS] [WARNING] TXT: ANTSUPERV=AC SD OD PDoS SR
2025-02-19T06:57:51.808Z [GPS] [WARNING] Successfully initialized GPS!
2025-02-19T06:57:52.054Z [GPS] [WARNING] TXT: ANTSTATUS=OK
2025-02-19T06:58:32.023Z [GPS] [INFO] Max CNO changed from -1 to 49
2025-02-19T06:58:52.031Z [GPS] [INFO] Max CNO changed from 49 to 45
2025-02-19T06:59:12.035Z [GPS] [INFO] Max CNO changed from 45 to 50
2025-02-19T07:09:12.039Z [GPS] [INFO] Max CNO changed from 50 to 47
2025-02-19T07:17:32.035Z [GPS] [INFO] Max CNO changed from 47 to 44
2025-02-19T07:21:32.027Z [GPS] [INFO] Max CNO changed from 44 to 47
2025-02-19T07:27:12.031Z [GPS] [INFO] Max CNO changed from 47 to 44
2025-02-19T07:31:32.027Z [GPS] [INFO] Max CNO changed from 44 to 47
2025-02-19T07:36:12.023Z [GPS] [INFO] Max CNO changed from 47 to 44
2025-02-19T07:49:52.015Z [GPS] [INFO] Max CNO changed from 44 to 47
2025-02-19T07:58:11.996Z [GPS] [INFO] Max CNO changed from 47 to 44
2025-02-19T08:01:12.003Z [GPS] [INFO] Max CNO changed from 44 to 41
2025-02-19T08:04:32.007Z [GPS] [INFO] Max CNO changed from 41 to 44
2025-02-19T08:05:52.003Z [GPS] [INFO] Max CNO changed from 44 to 47
2025-02-19T08:21:31.988Z [GPS] [INFO] Max CNO changed from 47 to 44
2025-02-19T08:22:51.988Z [GPS] [INFO] Max CNO changed from 44 to 47
2025-02-19T08:24:11.984Z [GPS] [INFO] Max CNO changed from 47 to 44
2025-02-19T08:25:31.984Z [GPS] [INFO] Max CNO changed from 44 to 47
2025-02-19T08:29:31.984Z [GPS] [INFO] Max CNO changed from 47 to 43
2025-02-19T08:31:11.984Z [GPS] [INFO] Max CNO changed from 43 to 46
2025-02-19T08:34:31.980Z [GPS] [INFO] Max CNO changed from 46 to 49
2025-02-19T08:40:31.972Z [GPS] [INFO] Max CNO changed from 49 to 45
2025-02-19T08:43:11.984Z [GPS] [INFO] Max CNO changed from 45 to 48
2025-02-19T08:48:51.976Z [GPS] [INFO] Max CNO changed from 48 to 45
2025-02-19T08:53:51.976Z [GPS] [INFO] Max CNO changed from 45 to 48
2025-02-19T08:56:11.976Z [GPS] [INFO] Max CNO changed from 48 to 45
2025-02-19T08:56:51.972Z [GPS] [INFO] Max CNO changed from 45 to 48
2025-02-19T08:59:51.964Z [GPS] [INFO] Max CNO changed from 48 to 44
2025-02-19T09:00:11.964Z [GPS] [INFO] Max CNO changed from 44 to 47
2025-02-19T09:05:51.953Z [GPS] [INFO] Max CNO changed from 47 to 50
2025-02-19T09:08:51.953Z [GPS] [INFO] Max CNO changed from 50 to 47
2025-02-19T09:10:31.957Z [GPS] [INFO] Max CNO changed from 47 to 44
2025-02-19T09:11:11.957Z [GPS] [INFO] Max CNO changed from 44 to 47
2025-02-19T09:12:11.957Z [GPS] [INFO] Max CNO changed from 47 to 44
2025-02-19T09:14:51.941Z [GPS] [INFO] Max CNO changed from 44 to 47
2025-02-19T09:22:51.953Z [GPS] [INFO] Max CNO changed from 47 to 44
2025-02-19T09:26:51.949Z [GPS] [INFO] Max CNO changed from 44 to 47
2025-02-19T09:38:51.941Z [GPS] [INFO] Max CNO changed from 47 to 44
2025-02-19T09:39:51.921Z [GPS] [INFO] Max CNO changed from 44 to 47
2025-02-19T09:45:51.914Z [GPS] [INFO] Max CNO changed from 47 to 50
2025-02-19T09:46:31.929Z [GPS] [INFO] Max CNO changed from 50 to 46
2025-02-19T09:57:51.925Z [GPS] [INFO] Max CNO changed from 46 to 43
2025-02-19T10:03:51.917Z [GPS] [INFO] Max CNO changed from 43 to 46
2025-02-19T10:07:11.914Z [GPS] [INFO] Max CNO changed from 46 to 49
2025-02-19T10:09:11.914Z [GPS] [INFO] Max CNO changed from 49 to 46
2025-02-19T10:11:11.910Z [GPS] [INFO] Max CNO changed from 46 to 43
2025-02-19T10:12:31.906Z [GPS] [INFO] Max CNO changed from 43 to 46
2025-02-19T10:14:31.906Z [GPS] [INFO] Max CNO changed from 46 to 49
2025-02-19T10:18:11.906Z [GPS] [INFO] Max CNO changed from 49 to 46
2025-02-19T10:20:31.898Z [GPS] [INFO] Max CNO changed from 46 to 43
2025-02-19T10:22:31.890Z [GPS] [INFO] Max CNO changed from 43 to 46
2025-02-19T10:30:31.886Z [GPS] [INFO] Max CNO changed from 46 to 49
2025-02-19T10:35:51.886Z [GPS] [INFO] Max CNO changed from 49 to 46
2025-02-19T10:49:11.882Z [GPS] [INFO] Max CNO changed from 46 to 50
2025-02-19T10:54:31.882Z [GPS] [INFO] Max CNO changed from 50 to 47
2025-02-19T10:56:51.871Z [GPS] [INFO] Max CNO changed from 47 to 50
2025-02-19T10:59:51.875Z [GPS] [INFO] Max CNO changed from 50 to 47
2025-02-19T11:01:31.871Z [GPS] [INFO] Max CNO changed from 47 to 43
2025-02-19T11:05:31.863Z [GPS] [INFO] Max CNO changed from 43 to 47
2025-02-19T11:14:51.843Z [GPS] [INFO] Max CNO changed from 47 to 50
2025-02-19T11:18:11.843Z [GPS] [INFO] Max CNO changed from 50 to 47
2025-02-19T11:29:51.828Z [GPS] [INFO] Max CNO changed from 47 to 44
2025-02-19T11:34:11.824Z [GPS] [INFO] Max CNO changed from 44 to 47
2025-02-19T11:37:11.820Z [GPS] [INFO] Max CNO changed from 47 to 50
2025-02-19T11:48:51.820Z [GPS] [INFO] Max CNO changed from 50 to 47
2025-02-19T11:54:31.816Z [GPS] [INFO] Max CNO changed from 47 to 50
2025-02-19T11:58:11.812Z [GPS] [INFO] Max CNO changed from 50 to 47
2025-02-19T12:07:11.800Z [GPS] [INFO] Max CNO changed from 47 to 50
2025-02-19T12:16:51.796Z [GPS] [INFO] Max CNO changed from 50 to 47
2025-02-19T12:21:11.792Z [GPS] [INFO] Max CNO changed from 47 to 50
2025-02-19T12:27:51.781Z [GPS] [INFO] Max CNO changed from 50 to 47
2025-02-19T12:32:51.781Z [GPS] [INFO] Max CNO changed from 47 to 50
2025-02-19T12:40:31.765Z [GPS] [INFO] Max CNO changed from 50 to 47
2025-02-19T12:49:51.750Z [GPS] [INFO] Max CNO changed from 47 to 50
2025-02-19T12:55:51.753Z [GPS] [INFO] Max CNO changed from 50 to 47
2025-02-19T13:02:31.742Z [GPS] [INFO] Max CNO changed from 47 to 50
2025-02-19T13:21:31.742Z [GPS] [INFO] Max CNO changed from 50 to 47
2025-02-19T13:26:51.730Z [GPS] [INFO] Max CNO changed from 47 to 50
2025-02-19T13:30:51.726Z [GPS] [INFO] Max CNO changed from 50 to 47
2025-02-19T13:35:51.718Z [GPS] [INFO] Max CNO changed from 47 to 50
2025-02-19T13:41:31.710Z [GPS] [INFO] Max CNO changed from 50 to 47
2025-02-19T13:52:11.703Z [GPS] [INFO] Max CNO changed from 47 to 50
2025-02-19T13:53:51.691Z [GPS] [INFO] Max CNO changed from 50 to 47
2025-02-19T14:30:51.671Z [GPS] [INFO] Max CNO changed from 47 to 44
2025-02-19T14:36:31.667Z [GPS] [INFO] Max CNO changed from 44 to 47
2025-02-19T14:41:31.675Z [GPS] [INFO] Max CNO changed from 47 to 44
2025-02-19T14:46:11.671Z [GPS] [INFO] Max CNO changed from 44 to 47
2025-02-19T15:03:51.636Z [GPS] [INFO] Max CNO changed from 47 to 44
2025-02-19T15:06:31.636Z [GPS] [INFO] Max CNO changed from 44 to 47
2025-02-19T15:43:11.609Z [GPS] [INFO] Max CNO changed from 47 to 44
2025-02-19T15:44:11.605Z [GPS] [INFO] Max CNO changed from 44 to 47
2025-02-19T15:49:31.601Z [GPS] [INFO] Max CNO changed from 47 to 50
2025-02-19T15:52:51.597Z [GPS] [INFO] Max CNO changed from 50 to 47
2025-02-19T16:09:11.585Z [GPS] [INFO] Max CNO changed from 47 to 44
2025-02-19T16:11:31.582Z [GPS] [INFO] Max CNO changed from 44 to 47
2025-02-19T16:25:31.566Z [GPS] [INFO] Max CNO changed from 47 to 50
2025-02-19T16:26:31.566Z [GPS] [INFO] Max CNO changed from 50 to 47
2025-02-19T16:35:11.558Z [GPS] [INFO] Max CNO changed from 47 to 50
2025-02-19T16:41:31.550Z [GPS] [INFO] Max CNO changed from 50 to 47
2025-02-19T16:44:11.550Z [GPS] [INFO] Max CNO changed from 47 to 50
2025-02-19T16:45:11.546Z [GPS] [INFO] Max CNO changed from 50 to 47
2025-02-19T16:57:11.535Z [GPS] [INFO] Max CNO changed from 47 to 44
2025-02-19T16:58:51.535Z [GPS] [INFO] Max CNO changed from 44 to 47
2025-02-19T17:02:51.535Z [GPS] [INFO] Max CNO changed from 47 to 44
2025-02-19T17:06:31.527Z [GPS] [INFO] Max CNO changed from 44 to 47
2025-02-19T17:36:31.515Z [GPS] [INFO] Max CNO changed from 47 to 50
2025-02-19T17:43:51.507Z [GPS] [INFO] Max CNO changed from 50 to 47
2025-02-19T17:52:11.500Z [GPS] [INFO] Max CNO changed from 47 to 50
2025-02-19T17:58:11.492Z [GPS] [INFO] Max CNO changed from 50 to 47
2025-02-19T18:03:31.488Z [GPS] [INFO] Max CNO changed from 47 to 44
2025-02-19T18:05:31.480Z [GPS] [INFO] Max CNO changed from 44 to 48
2025-02-19T18:16:51.472Z [GPS] [INFO] Max CNO changed from 48 to 45
2025-02-19T18:20:11.464Z [GPS] [INFO] Max CNO changed from 45 to 48
2025-02-19T18:42:31.453Z [GPS] [INFO] Max CNO changed from 48 to 45
2025-02-19T18:44:31.453Z [GPS] [INFO] Max CNO changed from 45 to 48
2025-02-19T18:57:51.433Z [GPS] [INFO] Max CNO changed from 48 to 45
2025-02-19T18:58:11.433Z [GPS] [INFO] Max CNO changed from 45 to 48
2025-02-19T19:03:11.425Z [GPS] [INFO] Max CNO changed from 48 to 44
