2025-02-16T05:30:01.335Z [ORC] [INFO] Iridium modem enabled
2025-02-16T05:30:37.679Z [ORC] [INFO] Iridium modem disabled
2025-02-19T06:57:48.746Z [ORC] [INFO] Standard Mode Enabled
2025-02-19T06:57:49.160Z [ORC] [INFO] Iridium modem enabled
2025-02-19T06:57:49.539Z [ORC] [INFO] Iridium modem disabled
2025-02-19T06:58:30.792Z [ORC] [INFO] Iridium modem enabled
2025-02-19T07:01:31.761Z [ORC] [INFO] Iridium modem disabled
2025-02-19T07:11:31.957Z [ORC] [INFO] Iridium modem enabled
2025-02-19T07:11:58.207Z [ORC] [INFO] Iridium modem disabled
2025-02-19T07:57:48.101Z [ORC] [INFO] Running health check!
2025-02-19T07:58:30.347Z [ORC] [INFO] Iridium modem enabled
2025-02-19T07:59:02.597Z [ORC] [INFO] Message 3 transmitted successfully!
2025-02-19T07:59:02.597Z [ORC] [INFO] Iridium modem disabled
2025-02-19T08:57:47.453Z [ORC] [INFO] Running health check!
2025-02-19T08:58:08.863Z [ORC] [INFO] Iridium modem enabled
2025-02-19T08:58:24.027Z [ORC] [INFO] Iridium modem disabled
2025-02-19T09:08:24.218Z [ORC] [INFO] Iridium modem enabled
2025-02-19T09:08:52.308Z [ORC] [INFO] Message 5 transmitted successfully!
2025-02-19T09:08:52.308Z [ORC] [INFO] Iridium modem disabled
2025-02-19T09:57:46.808Z [ORC] [INFO] Running health check!
2025-02-19T09:58:29.257Z [ORC] [INFO] Iridium modem enabled
2025-02-19T09:58:43.863Z [ORC] [INFO] Message 6 transmitted successfully!
2025-02-19T09:58:43.863Z [ORC] [INFO] Iridium modem disabled
2025-02-19T10:57:46.164Z [ORC] [INFO] Running health check!
2025-02-19T10:58:08.753Z [ORC] [INFO] Iridium modem enabled
2025-02-19T11:01:30.617Z [ORC] [INFO] Iridium modem disabled
2025-02-19T11:11:30.808Z [ORC] [INFO] Iridium modem enabled
2025-02-19T11:12:44.597Z [ORC] [INFO] Message 8 transmitted successfully!
2025-02-19T11:12:44.597Z [ORC] [INFO] Iridium modem disabled
2025-02-19T11:57:45.519Z [ORC] [INFO] Running health check!
2025-02-19T11:58:28.171Z [ORC] [INFO] Iridium modem enabled
2025-02-19T12:01:24.132Z [ORC] [INFO] Message 9 transmitted successfully!
2025-02-19T12:01:24.132Z [ORC] [INFO] Iridium modem disabled
2025-02-19T12:57:44.875Z [ORC] [INFO] Running health check!
2025-02-19T12:58:08.640Z [ORC] [INFO] Iridium modem enabled
2025-02-19T12:58:36.976Z [ORC] [INFO] Message 11 transmitted successfully!
2025-02-19T12:58:36.980Z [ORC] [INFO] Iridium modem disabled
2025-02-19T13:57:44.226Z [ORC] [INFO] Running health check!
2025-02-19T13:58:27.078Z [ORC] [INFO] Iridium modem enabled
2025-02-19T14:01:29.917Z [ORC] [INFO] Iridium modem disabled
2025-02-19T14:11:30.109Z [ORC] [INFO] Iridium modem enabled
2025-02-19T14:14:31.644Z [ORC] [INFO] Iridium modem disabled
2025-02-19T14:24:31.835Z [ORC] [INFO] Iridium modem enabled
2025-02-19T14:24:59.347Z [ORC] [INFO] Message 12 transmitted successfully!
2025-02-19T14:24:59.351Z [ORC] [INFO] Iridium modem disabled
2025-02-19T14:57:43.582Z [ORC] [INFO] Running health check!
2025-02-19T14:58:08.531Z [ORC] [INFO] Iridium modem enabled
2025-02-19T14:59:00.089Z [ORC] [INFO] Message 14 transmitted successfully!
2025-02-19T14:59:00.089Z [ORC] [INFO] Iridium modem disabled
2025-02-19T15:57:42.937Z [ORC] [INFO] Running health check!
2025-02-19T15:58:25.992Z [ORC] [INFO] Iridium modem enabled
2025-02-19T16:01:26.964Z [ORC] [INFO] Iridium modem disabled
2025-02-19T16:11:27.156Z [ORC] [INFO] Iridium modem enabled
2025-02-19T16:14:36.492Z [ORC] [INFO] Iridium modem disabled
2025-02-19T16:24:36.683Z [ORC] [INFO] Iridium modem enabled
2025-02-19T16:25:18.859Z [ORC] [INFO] Message 15 transmitted successfully!
2025-02-19T16:25:18.863Z [ORC] [INFO] Iridium modem disabled
2025-02-19T16:57:42.292Z [ORC] [INFO] Running health check!
2025-02-19T16:58:08.429Z [ORC] [INFO] Iridium modem enabled
2025-02-19T17:01:19.464Z [ORC] [INFO] Iridium modem disabled
2025-02-19T17:11:19.656Z [ORC] [INFO] Iridium modem enabled
2025-02-19T17:11:45.757Z [ORC] [INFO] Message 17 transmitted successfully!
2025-02-19T17:11:45.757Z [ORC] [INFO] Iridium modem disabled
2025-02-19T17:57:41.648Z [ORC] [INFO] Running health check!
2025-02-19T17:58:24.906Z [ORC] [INFO] Iridium modem enabled
2025-02-19T18:01:33.039Z [ORC] [INFO] Iridium modem disabled
2025-02-19T18:11:33.230Z [ORC] [INFO] Iridium modem enabled
2025-02-19T18:12:11.382Z [ORC] [INFO] Message 18 transmitted successfully!
2025-02-19T18:12:11.382Z [ORC] [INFO] Iridium modem disabled
2025-02-19T18:57:41.000Z [ORC] [INFO] Running health check!
2025-02-19T18:58:08.324Z [ORC] [INFO] Iridium modem enabled
2025-02-19T18:58:58.171Z [ORC] [INFO] Message 20 transmitted successfully!
2025-02-19T18:58:58.175Z [ORC] [INFO] Iridium modem disabled
