2025-02-16T05:35:43.843Z [GPS] [WARNING] Initializing GPS. Tries remaining 3
2025-02-16T05:35:44.070Z [GPS] [WARNING] TXT: u-blox AG - www.u-blox.com
2025-02-16T05:35:44.117Z [GPS] [WARNING] TXT: HW UBX-M8030 00080000
2025-02-16T05:35:44.160Z [GPS] [WARNING] TXT: EXT CORE 3.01 (107900)
2025-02-16T05:35:44.207Z [GPS] [WARNING] TXT: ROM BASE 3.01 (107888)
2025-02-16T05:35:44.242Z [GPS] [WARNING] TXT: FWVER=SPG 3.01
2025-02-16T05:35:44.277Z [GPS] [WARNING] TXT: PROTVER=18.00
2025-02-16T05:35:44.312Z [GPS] [WARNING] TXT: MOD=NEO-M8N-0
2025-02-16T05:35:44.355Z [GPS] [WARNING] TXT: FIS=0xEF4015 (100111)
2025-02-16T05:35:44.394Z [GPS] [WARNING] TXT: GPS;GLO;GAL;BDS
2025-02-16T05:35:44.429Z [GPS] [WARNING] TXT: SBAS;IMES;QZSS
2025-02-16T05:35:44.468Z [GPS] [WARNING] TXT: GNSS OTP=GPS;GLO
2025-02-16T05:35:44.539Z [GPS] [WARNING] TXT: LLC=FFFFFFFF-FFFFFFED-FFFFFFFF-FFFFFFFF-FFFFFF69
2025-02-16T05:35:44.585Z [GPS] [WARNING] TXT: ANTSUPERV=AC SD PDoS SR
2025-02-16T05:35:44.625Z [GPS] [WARNING] TXT: ANTSTATUS=DONTKNOW
2022025-02-19T19:03:13.917Z [GPS] [WARNING] Initializing GPS. Tries remaining 3
2025-02-19T19:03:14.144Z [GPS] [WARNING] TXT: u-blox AG - www.u-blox.com
2025-02-19T19:03:14.187Z [GPS] [WARNING] TXT: HW UBX-M8030 00080000
2025-02-19T19:03:14.234Z [GPS] [WARNING] TXT: EXT CORE 3.01 (107900)
2025-02-19T19:03:14.277Z [GPS] [WARNING] TXT: ROM BASE 3.01 (107888)
2025-02-19T19:03:14.316Z [GPS] [WARNING] TXT: FWVER=SPG 3.01
2025-02-19T19:03:14.351Z [GPS] [WARNING] TXT: PROTVER=18.00
2025-02-19T19:03:14.386Z [GPS] [WARNING] TXT: MOD=NEO-M8N-0
2025-02-19T19:03:14.429Z [GPS] [WARNING] TXT: FIS=0xEF4015 (100111)
2025-02-19T19:03:14.464Z [GPS] [WARNING] TXT: GPS;GLO;GAL;BDS
2025-02-19T19:03:14.503Z [GPS] [WARNING] TXT: SBAS;IMES;QZSS
2025-02-19T19:03:14.542Z [GPS] [WARNING] TXT: GNSS OTP=GPS;GLO
2025-02-19T19:03:14.613Z [GPS] [WARNING] TXT: LLC=FFFFFFFF-FFFFFFED-FFFFFFFF-FFFFFFFF-FFFFFF69
2025-02-19T19:03:14.660Z [GPS] [WARNING] TXT: ANTSUPERV=AC SD PDoS SR
2025-02-19T19:03:14.699Z [GPS] [WARNING] TXT: ANTSTATUS=DONTKNOW
2025-02-19T19:03:14.726Z [GPS] [WARNING] TXT: PF=3FF
2025-02-19T19:03:15.347Z [GPS] [WARNING] TXT: ANTSTATUS=INIT
2025-02-19T19:03:15.660Z [GPS] [WARNING] TXT: Resetting GNSS
2025-02-19T19:03:16.089Z [GPS] [WARNING] TXT: Resetting GNSS
2025-02-19T19:03:16.152Z [GPS] [WARNING] TXT: ANTSUPERV=AC SD OD PDoS SR
2025-02-19T19:03:16.851Z [GPS] [WARNING] Successfully initialized GPS!
2025-02-19T19:03:17.113Z [GPS] [WARNING] TXT: ANTSTATUS=OK
