2025-02-19T19:03:13.867Z [BRIDGE] [INFO] Bridge Enabled
2025-02-19T19:03:18.867Z [BRIDGE] [INFO] Self test successful
2025-02-19T19:03:23.863Z [BRIDGE] [INFO] Updating bridge epoch 1739991803
2025-02-19T19:03:33.863Z [BRIDGE] [INFO] Updating bridge epoch 1739991813
2025-02-19T19:03:43.859Z [BRIDGE] [INFO] Updating bridge epoch 1739991823
2025-02-19T19:03:53.859Z [BRIDGE] [INFO] Updating bridge epoch 1739991833
2025-02-19T19:04:03.859Z [BRIDGE] [INFO] Updating bridge epoch 1739991843
2025-02-19T19:04:13.855Z [BRIDGE] [INFO] Updating bridge epoch 1739991853
2025-02-19T19:04:37.484Z [BRIDGE] [INFO] Updating bridge epoch 1739991877
2025-02-19T19:04:47.484Z [BRIDGE] [INFO] Updating bridge epoch 1739991887
2025-02-19T19:04:57.480Z [BRIDGE] [INFO] Updating bridge epoch 1739991897
2025-02-19T19:05:07.480Z [BRIDGE] [INFO] Updating bridge epoch 1739991907
2025-02-19T19:05:17.476Z [BRIDGE] [INFO] Updating bridge epoch 1739991917
2025-02-19T19:05:27.476Z [BRIDGE] [INFO] Updating bridge epoch 1739991927
2025-02-19T19:05:37.476Z [BRIDGE] [INFO] Updating bridge epoch 1739991937
2025-02-19T19:05:47.472Z [BRIDGE] [INFO] Updating bridge epoch 1739991947
2025-02-19T19:05:57.472Z [BRIDGE] [INFO] Updating bridge epoch 1739991957
2025-02-19T19:06:07.468Z [BRIDGE] [INFO] Updating bridge epoch 1739991967
2025-02-19T19:06:17.468Z [BRIDGE] [INFO] Updating bridge epoch 1739991977
2025-02-19T19:06:27.464Z [BRIDGE] [INFO] Updating bridge epoch 1739991987
2025-02-19T19:06:37.464Z [BRIDGE] [INFO] Updating bridge epoch 1739991997
2025-02-19T19:06:47.460Z [BRIDGE] [INFO] Updating bridge epoch 1739992007
2025-02-19T19:06:57.460Z [BRIDGE] [INFO] Updating bridge epoch 1739992017
2025-02-19T19:07:07.457Z [BRIDGE] [INFO] Updating bridge epoch 1739992027
2025-02-19T19:07:17.457Z [BRIDGE] [INFO] Updating bridge epoch 1739992037
2025-02-19T19:07:27.457Z [BRIDGE] [INFO] Updating bridge epoch 1739992047
2025-02-19T19:07:37.453Z [BRIDGE] [INFO] Updating bridge epoch 1739992057
2025-02-19T19:07:38.011Z [BRIDGE] [INFO] Bridge Disabled
2025-02-19T19:07:39.417Z [BRIDGE] [INFO] Re-enable Bridge (Battery above 3.500V)
2025-02-19T19:07:39.417Z [BRIDGE] [INFO] Bridge Enabled
2025-02-19T19:07:44.425Z [BRIDGE] [INFO] Self test successful
2025-02-19T19:07:49.417Z [BRIDGE] [INFO] Updating bridge epoch 1739992069
2025-02-19T19:07:59.414Z [BRIDGE] [INFO] Updating bridge epoch 1739992079
2025-02-19T19:08:09.414Z [BRIDGE] [INFO] Updating bridge epoch 1739992089
2025-02-19T19:08:19.410Z [BRIDGE] [INFO] Updating bridge epoch 1739992099
2025-02-19T19:08:29.410Z [BRIDGE] [INFO] Updating bridge epoch 1739992109
2025-02-19T19:08:39.406Z [BRIDGE] [INFO] Updating bridge epoch 1739992119
2025-02-19T19:08:49.406Z [BRIDGE] [INFO] Updating bridge epoch 1739992129
2025-02-19T19:08:59.402Z [BRIDGE] [INFO] Updating bridge epoch 1739992139
2025-02-19T19:09:09.402Z [BRIDGE] [INFO] Updating bridge epoch 1739992149
2025-02-19T19:09:19.398Z [BRIDGE] [INFO] Updating bridge epoch 1739992159
2025-02-19T19:09:29.398Z [BRIDGE] [INFO] Updating bridge epoch 1739992169
2025-02-19T19:09:39.394Z [BRIDGE] [INFO] Updating bridge epoch 1739992179
2025-02-19T19:09:49.394Z [BRIDGE] [INFO] Updating bridge epoch 1739992189
2025-02-19T19:09:59.394Z [BRIDGE] [INFO] Updating bridge epoch 1739992199
2025-02-19T19:10:09.390Z [BRIDGE] [INFO] Updating bridge epoch 1739992209
2025-02-19T19:10:19.390Z [BRIDGE] [INFO] Updating bridge epoch 1739992219
2025-02-19T19:10:29.386Z [BRIDGE] [INFO] Updating bridge epoch 1739992229
2025-02-19T19:10:39.386Z [BRIDGE] [INFO] Updating bridge epoch 1739992239
2025-02-19T19:10:49.382Z [BRIDGE] [INFO] Updating bridge epoch 1739992249
2025-02-19T19:10:59.382Z [BRIDGE] [INFO] Updating bridge epoch 1739992259
2025-02-19T19:11:09.378Z [BRIDGE] [INFO] Updating bridge epoch 1739992269
2025-02-19T19:11:19.378Z [BRIDGE] [INFO] Updating bridge epoch 1739992279
2025-02-19T19:11:29.375Z [BRIDGE] [INFO] Updating bridge epoch 1739992289
2025-02-19T19:11:39.375Z [BRIDGE] [INFO] Updating bridge epoch 1739992299
2025-02-19T19:11:49.375Z [BRIDGE] [INFO] Updating bridge epoch 1739992309
2025-02-19T19:11:59.371Z [BRIDGE] [INFO] Updating bridge epoch 1739992319
2025-02-19T19:12:09.371Z [BRIDGE] [INFO] Updating bridge epoch 1739992329
2025-02-19T19:12:19.367Z [BRIDGE] [INFO] Updating bridge epoch 1739992339
2025-02-19T19:12:29.367Z [BRIDGE] [INFO] Updating bridge epoch 1739992349
2025-02-19T19:12:39.363Z [BRIDGE] [INFO] Updating bridge epoch 1739992359
2025-02-19T19:12:49.363Z [BRIDGE] [INFO] Updating bridge epoch 1739992369
2025-02-19T19:12:59.359Z [BRIDGE] [INFO] Updating bridge epoch 1739992379
2025-02-19T19:13:09.359Z [BRIDGE] [INFO] Updating bridge epoch 1739992389
2025-02-19T19:13:19.355Z [BRIDGE] [INFO] Updating bridge epoch 1739992399
2025-02-19T19:13:29.355Z [BRIDGE] [INFO] Updating bridge epoch 1739992409
2025-02-19T19:13:39.351Z [BRIDGE] [INFO] Updating bridge epoch 1739992419
2025-02-19T19:13:49.351Z [BRIDGE] [INFO] Updating bridge epoch 1739992429
2025-02-19T19:13:59.351Z [BRIDGE] [INFO] Updating bridge epoch 1739992439
2025-02-19T19:14:09.347Z [BRIDGE] [INFO] Updating bridge epoch 1739992449
2025-02-19T19:14:19.347Z [BRIDGE] [INFO] Updating bridge epoch 1739992459
2025-02-19T19:14:29.343Z [BRIDGE] [INFO] Updating bridge epoch 1739992469
2025-02-19T19:14:39.343Z [BRIDGE] [INFO] Updating bridge epoch 1739992479
2025-02-19T19:14:49.339Z [BRIDGE] [INFO] Updating bridge epoch 1739992489
2025-02-19T19:14:59.339Z [BRIDGE] [INFO] Updating bridge epoch 1739992499
2025-02-19T19:15:09.335Z [BRIDGE] [INFO] Updating bridge epoch 1739992509
2025-02-19T19:15:19.335Z [BRIDGE] [INFO] Updating bridge epoch 1739992519
2025-02-19T19:15:29.332Z [BRIDGE] [INFO] Updating bridge epoch 1739992529
2025-02-19T19:15:39.332Z [BRIDGE] [INFO] Updating bridge epoch 1739992539
2025-02-19T19:15:49.332Z [BRIDGE] [INFO] Updating bridge epoch 1739992549
2025-02-19T19:15:59.328Z [BRIDGE] [INFO] Updating bridge epoch 1739992559
2025-02-19T19:16:09.328Z [BRIDGE] [INFO] Updating bridge epoch 1739992569
2025-02-19T19:16:19.324Z [BRIDGE] [INFO] Updating bridge epoch 1739992579
2025-02-19T19:16:29.324Z [BRIDGE] [INFO] Updating bridge epoch 1739992589
2025-02-19T19:16:39.320Z [BRIDGE] [INFO] Updating bridge epoch 1739992599
2025-02-19T19:16:49.320Z [BRIDGE] [INFO] Updating bridge epoch 1739992609
2025-02-19T19:16:59.316Z [BRIDGE] [INFO] Updating bridge epoch 1739992619
2025-02-19T19:17:09.316Z [BRIDGE] [INFO] Updating bridge epoch 1739992629
2025-02-19T19:17:19.312Z [BRIDGE] [INFO] Updating bridge epoch 1739992639
2025-02-19T19:17:29.312Z [BRIDGE] [INFO] Updating bridge epoch 1739992649
2025-02-19T19:17:39.308Z [BRIDGE] [INFO] Updating bridge epoch 1739992659
2025-02-19T19:17:49.308Z [BRIDGE] [INFO] Updating bridge epoch 1739992669
2025-02-19T19:17:59.308Z [BRIDGE] [INFO] Updating bridge epoch 1739992679
2025-02-19T19:18:09.304Z [BRIDGE] [INFO] Updating bridge epoch 1739992689
2025-02-19T19:18:19.304Z [BRIDGE] [INFO] Updating bridge epoch 1739992699
2025-02-19T19:18:29.300Z [BRIDGE] [INFO] Updating bridge epoch 1739992709
2025-02-19T19:18:39.300Z [BRIDGE] [INFO] Updating bridge epoch 1739992719
2025-02-19T19:18:49.296Z [BRIDGE] [INFO] Updating bridge epoch 1739992729
2025-02-19T19:18:59.296Z [BRIDGE] [INFO] Updating bridge epoch 1739992739
2025-02-19T19:19:09.292Z [BRIDGE] [INFO] Updating bridge epoch 1739992749
2025-02-19T19:19:19.292Z [BRIDGE] [INFO] Updating bridge epoch 1739992759
2025-02-19T19:19:29.289Z [BRIDGE] [INFO] Updating bridge epoch 1739992769
2025-02-19T19:19:39.289Z [BRIDGE] [INFO] Updating bridge epoch 1739992779
2025-02-19T19:19:49.285Z [BRIDGE] [INFO] Updating bridge epoch 1739992789
2025-02-19T19:19:59.285Z [BRIDGE] [INFO] Updating bridge epoch 1739992799
2025-02-19T19:20:09.285Z [BRIDGE] [INFO] Updating bridge epoch 1739992809
2025-02-19T19:20:19.281Z [BRIDGE] [INFO] Updating bridge epoch 1739992819
2025-02-19T19:20:29.281Z [BRIDGE] [INFO] Updating bridge epoch 1739992829
2025-02-19T19:20:39.277Z [BRIDGE] [INFO] Updating bridge epoch 1739992839
2025-02-19T19:20:49.277Z [BRIDGE] [INFO] Updating bridge epoch 1739992849
2025-02-19T19:20:59.273Z [BRIDGE] [INFO] Updating bridge epoch 1739992859
2025-02-19T19:21:09.273Z [BRIDGE] [INFO] Updating bridge epoch 1739992869
2025-02-19T19:21:19.269Z [BRIDGE] [INFO] Updating bridge epoch 1739992879
2025-02-19T19:21:29.269Z [BRIDGE] [INFO] Updating bridge epoch 1739992889
2025-02-19T19:21:39.265Z [BRIDGE] [INFO] Updating bridge epoch 1739992899
2025-02-19T19:21:49.265Z [BRIDGE] [INFO] Updating bridge epoch 1739992909
2025-02-19T19:21:59.265Z [BRIDGE] [INFO] Updating bridge epoch 1739992919
2025-02-19T19:22:09.261Z [BRIDGE] [INFO] Updating bridge epoch 1739992929
2025-02-19T19:22:19.261Z [BRIDGE] [INFO] Updating bridge epoch 1739992939
2025-02-19T19:22:29.257Z [BRIDGE] [INFO] Updating bridge epoch 1739992949
2025-02-19T19:22:39.257Z [BRIDGE] [INFO] Updating bridge epoch 1739992959
2025-02-19T19:22:49.253Z [BRIDGE] [INFO] Updating bridge epoch 1739992969
2025-02-19T19:22:59.253Z [BRIDGE] [INFO] Updating bridge epoch 1739992979
2025-02-19T19:23:09.250Z [BRIDGE] [INFO] Updating bridge epoch 1739992989
2025-02-19T19:23:19.250Z [BRIDGE] [INFO] Updating bridge epoch 1739992999
2025-02-19T19:23:29.246Z [BRIDGE] [INFO] Updating bridge epoch 1739993009
2025-02-19T19:23:39.246Z [BRIDGE] [INFO] Updating bridge epoch 1739993019
2025-02-19T19:23:49.242Z [BRIDGE] [INFO] Updating bridge epoch 1739993029
2025-02-19T19:23:59.242Z [BRIDGE] [INFO] Updating bridge epoch 1739993039
2025-02-19T19:24:09.242Z [BRIDGE] [INFO] Updating bridge epoch 1739993049
2025-02-19T19:24:19.238Z [BRIDGE] [INFO] Updating bridge epoch 1739993059
2025-02-19T19:24:29.238Z [BRIDGE] [INFO] Updating bridge epoch 1739993069
2025-02-19T19:24:39.234Z [BRIDGE] [INFO] Updating bridge epoch 1739993079
2025-02-19T19:24:49.234Z [BRIDGE] [INFO] Updating bridge epoch 1739993089
2025-02-19T19:24:59.230Z [BRIDGE] [INFO] Updating bridge epoch 1739993099
2025-02-19T19:25:09.230Z [BRIDGE] [INFO] Updating bridge epoch 1739993109
2025-02-19T19:25:19.226Z [BRIDGE] [INFO] Updating bridge epoch 1739993119
2025-02-19T19:25:29.226Z [BRIDGE] [INFO] Updating bridge epoch 1739993129
2025-02-19T19:25:39.222Z [BRIDGE] [INFO] Updating bridge epoch 1739993139
2025-02-19T19:25:49.222Z [BRIDGE] [INFO] Updating bridge epoch 1739993149
2025-02-19T19:25:59.222Z [BRIDGE] [INFO] Updating bridge epoch 1739993159
2025-02-19T19:26:09.218Z [BRIDGE] [INFO] Updating bridge epoch 1739993169
2025-02-19T19:26:19.218Z [BRIDGE] [INFO] Updating bridge epoch 1739993179
2025-02-19T19:26:29.214Z [BRIDGE] [INFO] Updating bridge epoch 1739993189
2025-02-19T19:26:39.214Z [BRIDGE] [INFO] Updating bridge epoch 1739993199
2025-02-19T19:26:49.210Z [BRIDGE] [INFO] Updating bridge epoch 1739993209
2025-02-19T19:26:59.210Z [BRIDGE] [INFO] Updating bridge epoch 1739993219
2025-02-19T19:27:09.207Z [BRIDGE] [INFO] Updating bridge epoch 1739993229
2025-02-19T19:27:19.207Z [BRIDGE] [INFO] Updating bridge epoch 1739993239
2025-02-19T19:27:29.203Z [BRIDGE] [INFO] Updating bridge epoch 1739993249
2025-02-19T19:27:39.203Z [BRIDGE] [INFO] Updating bridge epoch 1739993259
2025-02-19T19:27:49.199Z [BRIDGE] [INFO] Updating bridge epoch 1739993269
2025-02-19T19:27:59.199Z [BRIDGE] [INFO] Updating bridge epoch 1739993279
2025-02-19T19:28:09.199Z [BRIDGE] [INFO] Updating bridge epoch 1739993289
2025-02-19T19:28:19.195Z [BRIDGE] [INFO] Updating bridge epoch 1739993299
2025-02-19T19:28:29.195Z [BRIDGE] [INFO] Updating bridge epoch 1739993309
2025-02-19T19:28:39.191Z [BRIDGE] [INFO] Updating bridge epoch 1739993319
2025-02-19T19:28:49.191Z [BRIDGE] [INFO] Updating bridge epoch 1739993329
2025-02-19T19:28:59.187Z [BRIDGE] [INFO] Updating bridge epoch 1739993339
2025-02-19T19:29:09.187Z [BRIDGE] [INFO] Updating bridge epoch 1739993349
2025-02-19T19:29:19.183Z [BRIDGE] [INFO] Updating bridge epoch 1739993359
2025-02-19T19:29:29.183Z [BRIDGE] [INFO] Updating bridge epoch 1739993369
2025-02-19T19:29:39.179Z [BRIDGE] [INFO] Updating bridge epoch 1739993379
2025-02-19T19:29:49.179Z [BRIDGE] [INFO] Updating bridge epoch 1739993389
2025-02-19T19:29:59.175Z [BRIDGE] [INFO] Updating bridge epoch 1739993399
2025-02-19T19:30:09.175Z [BRIDGE] [INFO] Updating bridge epoch 1739993409
2025-02-19T19:30:19.175Z [BRIDGE] [INFO] Updating bridge epoch 1739993419
2025-02-19T19:30:29.171Z [BRIDGE] [INFO] Updating bridge epoch 1739993429
2025-02-19T19:30:39.171Z [BRIDGE] [INFO] Updating bridge epoch 1739993439
2025-02-19T19:30:49.167Z [BRIDGE] [INFO] Updating bridge epoch 1739993449
2025-02-19T19:30:59.167Z [BRIDGE] [INFO] Updating bridge epoch 1739993459
2025-02-19T19:31:09.164Z [BRIDGE] [INFO] Updating bridge epoch 1739993469
2025-02-19T19:31:19.164Z [BRIDGE] [INFO] Updating bridge epoch 1739993479
2025-02-19T19:31:29.160Z [BRIDGE] [INFO] Updating bridge epoch 1739993489
2025-02-19T19:31:39.160Z [BRIDGE] [INFO] Updating bridge epoch 1739993499
2025-02-19T19:31:49.156Z [BRIDGE] [INFO] Updating bridge epoch 1739993509
2025-02-19T19:31:59.156Z [BRIDGE] [INFO] Updating bridge epoch 1739993519
2025-02-19T19:32:09.156Z [BRIDGE] [INFO] Updating bridge epoch 1739993529
2025-02-19T19:32:19.152Z [BRIDGE] [INFO] Updating bridge epoch 1739993539
2025-02-19T19:32:29.152Z [BRIDGE] [INFO] Updating bridge epoch 1739993549
2025-02-19T19:32:39.148Z [BRIDGE] [INFO] Updating bridge epoch 1739993559
2025-02-19T19:32:49.148Z [BRIDGE] [INFO] Updating bridge epoch 1739993569
2025-02-19T19:32:59.144Z [BRIDGE] [INFO] Updating bridge epoch 1739993579
2025-02-19T19:33:09.144Z [BRIDGE] [INFO] Updating bridge epoch 1739993589
2025-02-19T19:33:19.140Z [BRIDGE] [INFO] Updating bridge epoch 1739993599
2025-02-19T19:33:29.140Z [BRIDGE] [INFO] Updating bridge epoch 1739993609
2025-02-19T19:33:39.136Z [BRIDGE] [INFO] Updating bridge epoch 1739993619
2025-02-19T19:33:49.136Z [BRIDGE] [INFO] Updating bridge epoch 1739993629
2025-02-19T19:33:59.132Z [BRIDGE] [INFO] Updating bridge epoch 1739993639
2025-02-19T19:34:09.132Z [BRIDGE] [INFO] Updating bridge epoch 1739993649
2025-02-19T19:34:19.132Z [BRIDGE] [INFO] Updating bridge epoch 1739993659
2025-02-19T19:34:29.128Z [BRIDGE] [INFO] Updating bridge epoch 1739993669
2025-02-19T19:34:39.128Z [BRIDGE] [INFO] Updating bridge epoch 1739993679
2025-02-19T19:34:49.125Z [BRIDGE] [INFO] Updating bridge epoch 1739993689
2025-02-19T19:34:59.125Z [BRIDGE] [INFO] Updating bridge epoch 1739993699
2025-02-19T19:35:09.121Z [BRIDGE] [INFO] Updating bridge epoch 1739993709
2025-02-19T19:35:19.121Z [BRIDGE] [INFO] Updating bridge epoch 1739993719
2025-02-19T19:35:29.117Z [BRIDGE] [INFO] Updating bridge epoch 1739993729
2025-02-19T19:35:39.117Z [BRIDGE] [INFO] Updating bridge epoch 1739993739
2025-02-19T19:35:49.113Z [BRIDGE] [INFO] Updating bridge epoch 1739993749
2025-02-19T19:35:59.113Z [BRIDGE] [INFO] Updating bridge epoch 1739993759
2025-02-19T19:36:09.113Z [BRIDGE] [INFO] Updating bridge epoch 1739993769
2025-02-19T19:36:19.109Z [BRIDGE] [INFO] Updating bridge epoch 1739993779
2025-02-19T19:36:29.109Z [BRIDGE] [INFO] Updating bridge epoch 1739993789
2025-02-19T19:36:39.105Z [BRIDGE] [INFO] Updating bridge epoch 1739993799
2025-02-19T19:36:49.105Z [BRIDGE] [INFO] Updating bridge epoch 1739993809
2025-02-19T19:36:59.101Z [BRIDGE] [INFO] Updating bridge epoch 1739993819
2025-02-19T19:37:09.101Z [BRIDGE] [INFO] Updating bridge epoch 1739993829
2025-02-19T19:37:19.097Z [BRIDGE] [INFO] Updating bridge epoch 1739993839
2025-02-19T19:37:29.097Z [BRIDGE] [INFO] Updating bridge epoch 1739993849
2025-02-19T19:37:39.093Z [BRIDGE] [INFO] Updating bridge epoch 1739993859
2025-02-19T19:37:49.093Z [BRIDGE] [INFO] Updating bridge epoch 1739993869
2025-02-19T19:37:59.089Z [BRIDGE] [INFO] Updating bridge epoch 1739993879
2025-02-19T19:38:09.089Z [BRIDGE] [INFO] Updating bridge epoch 1739993889
2025-02-19T19:38:19.089Z [BRIDGE] [INFO] Updating bridge epoch 1739993899
2025-02-19T19:38:29.085Z [BRIDGE] [INFO] Updating bridge epoch 1739993909
2025-02-19T19:38:39.085Z [BRIDGE] [INFO] Updating bridge epoch 1739993919
2025-02-19T19:38:49.082Z [BRIDGE] [INFO] Updating bridge epoch 1739993929
2025-02-19T19:38:59.082Z [BRIDGE] [INFO] Updating bridge epoch 1739993939
2025-02-19T19:39:09.078Z [BRIDGE] [INFO] Updating bridge epoch 1739993949
2025-02-19T19:39:19.078Z [BRIDGE] [INFO] Updating bridge epoch 1739993959
2025-02-19T19:39:29.074Z [BRIDGE] [INFO] Updating bridge epoch 1739993969
2025-02-19T19:39:39.074Z [BRIDGE] [INFO] Updating bridge epoch 1739993979
2025-02-19T19:39:49.070Z [BRIDGE] [INFO] Updating bridge epoch 1739993989
2025-02-19T19:39:59.070Z [BRIDGE] [INFO] Updating bridge epoch 1739993999
2025-02-19T19:40:09.070Z [BRIDGE] [INFO] Updating bridge epoch 1739994009
2025-02-19T19:40:19.066Z [BRIDGE] [INFO] Updating bridge epoch 1739994019
2025-02-19T19:40:29.066Z [BRIDGE] [INFO] Updating bridge epoch 1739994029
2025-02-19T19:40:39.062Z [BRIDGE] [INFO] Updating bridge epoch 1739994039
2025-02-19T19:40:49.062Z [BRIDGE] [INFO] Updating bridge epoch 1739994049
2025-02-19T19:40:59.058Z [BRIDGE] [INFO] Updating bridge epoch 1739994059
2025-02-19T19:41:09.058Z [BRIDGE] [INFO] Updating bridge epoch 1739994069
2025-02-19T19:41:19.054Z [BRIDGE] [INFO] Updating bridge epoch 1739994079
2025-02-19T19:41:29.054Z [BRIDGE] [INFO] Updating bridge epoch 1739994089
2025-02-19T19:41:39.050Z [BRIDGE] [INFO] Updating bridge epoch 1739994099
2025-02-19T19:41:49.050Z [BRIDGE] [INFO] Updating bridge epoch 1739994109
2025-02-19T19:41:59.046Z [BRIDGE] [INFO] Updating bridge epoch 1739994119
2025-02-19T19:42:09.046Z [BRIDGE] [INFO] Updating bridge epoch 1739994129
2025-02-19T19:42:19.046Z [BRIDGE] [INFO] Updating bridge epoch 1739994139
2025-02-19T19:42:29.042Z [BRIDGE] [INFO] Updating bridge epoch 1739994149
2025-02-19T19:42:39.042Z [BRIDGE] [INFO] Updating bridge epoch 1739994159
2025-02-19T19:42:49.039Z [BRIDGE] [INFO] Updating bridge epoch 1739994169
2025-02-19T19:42:59.039Z [BRIDGE] [INFO] Updating bridge epoch 1739994179
2025-02-19T19:43:09.035Z [BRIDGE] [INFO] Updating bridge epoch 1739994189
2025-02-19T19:43:19.035Z [BRIDGE] [INFO] Updating bridge epoch 1739994199
2025-02-19T19:43:29.031Z [BRIDGE] [INFO] Updating bridge epoch 1739994209
2025-02-19T19:43:39.031Z [BRIDGE] [INFO] Updating bridge epoch 1739994219
2025-02-19T19:43:49.027Z [BRIDGE] [INFO] Updating bridge epoch 1739994229
2025-02-19T19:43:59.027Z [BRIDGE] [INFO] Updating bridge epoch 1739994239
2025-02-19T19:44:09.023Z [BRIDGE] [INFO] Updating bridge epoch 1739994249
2025-02-19T19:44:19.023Z [BRIDGE] [INFO] Updating bridge epoch 1739994259
2025-02-19T19:44:29.023Z [BRIDGE] [INFO] Updating bridge epoch 1739994269
2025-02-19T19:44:39.019Z [BRIDGE] [INFO] Updating bridge epoch 1739994279
2025-02-19T19:44:49.019Z [BRIDGE] [INFO] Updating bridge epoch 1739994289
2025-02-19T19:44:59.015Z [BRIDGE] [INFO] Updating bridge epoch 1739994299
2025-02-19T19:45:09.015Z [BRIDGE] [INFO] Updating bridge epoch 1739994309
2025-02-19T19:45:19.011Z [BRIDGE] [INFO] Updating bridge epoch 1739994319
2025-02-19T19:45:29.011Z [BRIDGE] [INFO] Updating bridge epoch 1739994329
2025-02-19T19:45:39.007Z [BRIDGE] [INFO] Updating bridge epoch 1739994339
2025-02-19T19:45:49.007Z [BRIDGE] [INFO] Updating bridge epoch 1739994349
2025-02-19T19:45:59.003Z [BRIDGE] [INFO] Updating bridge epoch 1739994359
2025-02-19T19:46:09.003Z [BRIDGE] [INFO] Updating bridge epoch 1739994369
2025-02-19T19:46:19.003Z [BRIDGE] [INFO] Updating bridge epoch 1739994379
2025-02-19T19:46:29.000Z [BRIDGE] [INFO] Updating bridge epoch 1739994389
2025-02-19T19:46:39.000Z [BRIDGE] [INFO] Updating bridge epoch 1739994399
2025-02-19T19:46:48.996Z [BRIDGE] [INFO] Updating bridge epoch 1739994408
2025-02-19T19:46:58.996Z [BRIDGE] [INFO] Updating bridge epoch 1739994418
2025-02-19T19:47:08.992Z [BRIDGE] [INFO] Updating bridge epoch 1739994428
2025-02-19T19:47:18.992Z [BRIDGE] [INFO] Updating bridge epoch 1739994438
2025-02-19T19:47:28.988Z [BRIDGE] [INFO] Updating bridge epoch 1739994448
2025-02-19T19:47:38.988Z [BRIDGE] [INFO] Updating bridge epoch 1739994458
2025-02-19T19:47:48.984Z [BRIDGE] [INFO] Updating bridge epoch 1739994468
2025-02-19T19:47:58.984Z [BRIDGE] [INFO] Updating bridge epoch 1739994478
2025-02-19T19:48:08.980Z [BRIDGE] [INFO] Updating bridge epoch 1739994488
2025-02-19T19:48:18.980Z [BRIDGE] [INFO] Updating bridge epoch 1739994498
2025-02-19T19:48:28.980Z [BRIDGE] [INFO] Updating bridge epoch 1739994508
2025-02-19T19:48:38.976Z [BRIDGE] [INFO] Updating bridge epoch 1739994518
2025-02-19T19:48:48.976Z [BRIDGE] [INFO] Updating bridge epoch 1739994528
2025-02-19T19:48:58.972Z [BRIDGE] [INFO] Updating bridge epoch 1739994538
2025-02-19T19:49:08.972Z [BRIDGE] [INFO] Updating bridge epoch 1739994548
2025-02-19T19:49:18.968Z [BRIDGE] [INFO] Updating bridge epoch 1739994558
2025-02-19T19:49:28.968Z [BRIDGE] [INFO] Updating bridge epoch 1739994568
2025-02-19T19:49:38.964Z [BRIDGE] [INFO] Updating bridge epoch 1739994578
2025-02-19T19:49:48.964Z [BRIDGE] [INFO] Updating bridge epoch 1739994588
2025-02-19T19:49:58.960Z [BRIDGE] [INFO] Updating bridge epoch 1739994598
2025-02-19T19:50:08.960Z [BRIDGE] [INFO] Updating bridge epoch 1739994608
2025-02-19T19:50:18.960Z [BRIDGE] [INFO] Updating bridge epoch 1739994618
2025-02-19T19:50:28.957Z [BRIDGE] [INFO] Updating bridge epoch 1739994628
2025-02-19T19:50:38.957Z [BRIDGE] [INFO] Updating bridge epoch 1739994638
2025-02-19T19:50:48.953Z [BRIDGE] [INFO] Updating bridge epoch 1739994648
2025-02-19T19:50:58.953Z [BRIDGE] [INFO] Updating bridge epoch 1739994658
2025-02-19T19:51:08.949Z [BRIDGE] [INFO] Updating bridge epoch 1739994668
2025-02-19T19:51:18.949Z [BRIDGE] [INFO] Updating bridge epoch 1739994678
2025-02-19T19:51:28.945Z [BRIDGE] [INFO] Updating bridge epoch 1739994688
2025-02-19T19:51:38.945Z [BRIDGE] [INFO] Updating bridge epoch 1739994698
2025-02-19T19:51:48.941Z [BRIDGE] [INFO] Updating bridge epoch 1739994708
2025-02-19T19:51:58.941Z [BRIDGE] [INFO] Updating bridge epoch 1739994718
2025-02-19T19:52:08.937Z [BRIDGE] [INFO] Updating bridge epoch 1739994728
2025-02-19T19:52:18.937Z [BRIDGE] [INFO] Updating bridge epoch 1739994738
2025-02-19T19:52:28.937Z [BRIDGE] [INFO] Updating bridge epoch 1739994748
2025-02-19T19:52:38.933Z [BRIDGE] [INFO] Updating bridge epoch 1739994758
2025-02-19T19:52:48.933Z [BRIDGE] [INFO] Updating bridge epoch 1739994768
2025-02-19T19:52:58.929Z [BRIDGE] [INFO] Updating bridge epoch 1739994778
2025-02-19T19:53:08.929Z [BRIDGE] [INFO] Updating bridge epoch 1739994788
2025-02-19T19:53:18.925Z [BRIDGE] [INFO] Updating bridge epoch 1739994798
2025-02-19T19:53:28.925Z [BRIDGE] [INFO] Updating bridge epoch 1739994808
2025-02-19T19:53:38.921Z [BRIDGE] [INFO] Updating bridge epoch 1739994818
2025-02-19T19:53:48.921Z [BRIDGE] [INFO] Updating bridge epoch 1739994828
2025-02-19T19:53:58.917Z [BRIDGE] [INFO] Updating bridge epoch 1739994838
2025-02-19T19:54:08.917Z [BRIDGE] [INFO] Updating bridge epoch 1739994848
2025-02-19T19:54:18.917Z [BRIDGE] [INFO] Updating bridge epoch 1739994858
2025-02-19T19:54:28.914Z [BRIDGE] [INFO] Updating bridge epoch 1739994868
2025-02-19T19:54:38.914Z [BRIDGE] [INFO] Updating bridge epoch 1739994878
2025-02-19T19:54:48.910Z [BRIDGE] [INFO] Updating bridge epoch 1739994888
2025-02-19T19:54:58.910Z [BRIDGE] [INFO] Updating bridge epoch 1739994898
2025-02-19T19:55:08.906Z [BRIDGE] [INFO] Updating bridge epoch 1739994908
2025-02-19T19:55:18.906Z [BRIDGE] [INFO] Updating bridge epoch 1739994918
2025-02-19T19:55:28.902Z [BRIDGE] [INFO] Updating bridge epoch 1739994928
2025-02-19T19:55:38.902Z [BRIDGE] [INFO] Updating bridge epoch 1739994938
2025-02-19T19:55:48.898Z [BRIDGE] [INFO] Updating bridge epoch 1739994948
2025-02-19T19:55:58.898Z [BRIDGE] [INFO] Updating bridge epoch 1739994958
2025-02-19T19:56:08.894Z [BRIDGE] [INFO] Updating bridge epoch 1739994968
2025-02-19T19:56:18.894Z [BRIDGE] [INFO] Updating bridge epoch 1739994978
2025-02-19T19:56:28.894Z [BRIDGE] [INFO] Updating bridge epoch 1739994988
2025-02-19T19:56:38.890Z [BRIDGE] [INFO] Updating bridge epoch 1739994998
2025-02-19T19:56:48.890Z [BRIDGE] [INFO] Updating bridge epoch 1739995008
2025-02-19T19:56:58.886Z [BRIDGE] [INFO] Updating bridge epoch 1739995018
2025-02-19T19:57:08.886Z [BRIDGE] [INFO] Updating bridge epoch 1739995028
2025-02-19T19:57:18.882Z [BRIDGE] [INFO] Updating bridge epoch 1739995038
2025-02-19T19:57:28.882Z [BRIDGE] [INFO] Updating bridge epoch 1739995048
2025-02-19T19:57:38.878Z [BRIDGE] [INFO] Updating bridge epoch 1739995058
2025-02-19T19:57:48.878Z [BRIDGE] [INFO] Updating bridge epoch 1739995068
2025-02-19T19:57:58.875Z [BRIDGE] [INFO] Updating bridge epoch 1739995078
2025-02-19T19:58:08.875Z [BRIDGE] [INFO] Updating bridge epoch 1739995088
2025-02-19T19:58:18.871Z [BRIDGE] [INFO] Updating bridge epoch 1739995098
2025-02-19T19:58:28.871Z [BRIDGE] [INFO] Updating bridge epoch 1739995108
2025-02-19T19:58:38.871Z [BRIDGE] [INFO] Updating bridge epoch 1739995118
2025-02-19T19:58:48.867Z [BRIDGE] [INFO] Updating bridge epoch 1739995128
2025-02-19T19:58:58.867Z [BRIDGE] [INFO] Updating bridge epoch 1739995138
2025-02-19T19:59:08.863Z [BRIDGE] [INFO] Updating bridge epoch 1739995148
2025-02-19T19:59:18.863Z [BRIDGE] [INFO] Updating bridge epoch 1739995158
2025-02-19T19:59:28.859Z [BRIDGE] [INFO] Updating bridge epoch 1739995168
2025-02-19T19:59:38.859Z [BRIDGE] [INFO] Updating bridge epoch 1739995178
2025-02-19T19:59:48.855Z [BRIDGE] [INFO] Updating bridge epoch 1739995188
2025-02-19T19:59:58.855Z [BRIDGE] [INFO] Updating bridge epoch 1739995198
2025-02-19T20:00:08.851Z [BRIDGE] [INFO] Updating bridge epoch 1739995208
2025-02-19T20:00:18.851Z [BRIDGE] [INFO] Updating bridge epoch 1739995218
2025-02-19T20:00:28.851Z [BRIDGE] [INFO] Updating bridge epoch 1739995228
2025-02-19T20:00:38.847Z [BRIDGE] [INFO] Updating bridge epoch 1739995238
2025-02-19T20:00:48.847Z [BRIDGE] [INFO] Updating bridge epoch 1739995248
2025-02-19T20:00:58.843Z [BRIDGE] [INFO] Updating bridge epoch 1739995258
2025-02-19T20:01:08.843Z [BRIDGE] [INFO] Updating bridge epoch 1739995268
2025-02-19T20:01:18.839Z [BRIDGE] [INFO] Updating bridge epoch 1739995278
2025-02-19T20:01:28.839Z [BRIDGE] [INFO] Updating bridge epoch 1739995288
2025-02-19T20:01:38.835Z [BRIDGE] [INFO] Updating bridge epoch 1739995298
2025-02-19T20:01:48.835Z [BRIDGE] [INFO] Updating bridge epoch 1739995308
2025-02-19T20:01:58.832Z [BRIDGE] [INFO] Updating bridge epoch 1739995318
2025-02-19T20:02:08.832Z [BRIDGE] [INFO] Updating bridge epoch 1739995328
2025-02-19T20:02:18.828Z [BRIDGE] [INFO] Updating bridge epoch 1739995338
2025-02-19T20:02:28.828Z [BRIDGE] [INFO] Updating bridge epoch 1739995348
2025-02-19T20:02:38.828Z [BRIDGE] [INFO] Updating bridge epoch 1739995358
2025-02-19T20:02:48.824Z [BRIDGE] [INFO] Updating bridge epoch 1739995368
2025-02-19T20:02:58.824Z [BRIDGE] [INFO] Updating bridge epoch 1739995378
2025-02-19T20:03:08.820Z [BRIDGE] [INFO] Updating bridge epoch 1739995388
2025-02-19T20:03:18.820Z [BRIDGE] [INFO] Updating bridge epoch 1739995398
2025-02-19T20:03:28.816Z [BRIDGE] [INFO] Updating bridge epoch 1739995408
2025-02-19T20:03:38.816Z [BRIDGE] [INFO] Updating bridge epoch 1739995418
2025-02-19T20:03:48.812Z [BRIDGE] [INFO] Updating bridge epoch 1739995428
2025-02-19T20:03:58.812Z [BRIDGE] [INFO] Updating bridge epoch 1739995438
2025-02-19T20:04:08.808Z [BRIDGE] [INFO] Updating bridge epoch 1739995448
2025-02-19T20:04:18.808Z [BRIDGE] [INFO] Updating bridge epoch 1739995458
2025-02-19T20:04:28.808Z [BRIDGE] [INFO] Updating bridge epoch 1739995468
2025-02-19T20:04:38.804Z [BRIDGE] [INFO] Updating bridge epoch 1739995478
2025-02-19T20:04:48.804Z [BRIDGE] [INFO] Updating bridge epoch 1739995488
2025-02-19T20:04:58.800Z [BRIDGE] [INFO] Updating bridge epoch 1739995498
2025-02-19T20:05:08.800Z [BRIDGE] [INFO] Updating bridge epoch 1739995508
2025-02-19T20:05:18.796Z [BRIDGE] [INFO] Updating bridge epoch 1739995518
2025-02-19T20:05:28.796Z [BRIDGE] [INFO] Updating bridge epoch 1739995528
2025-02-19T20:05:38.792Z [BRIDGE] [INFO] Updating bridge epoch 1739995538
2025-02-19T20:05:48.792Z [BRIDGE] [INFO] Updating bridge epoch 1739995548
2025-02-19T20:05:58.789Z [BRIDGE] [INFO] Updating bridge epoch 1739995558
2025-02-19T20:06:08.789Z [BRIDGE] [INFO] Updating bridge epoch 1739995568
2025-02-19T20:06:18.785Z [BRIDGE] [INFO] Updating bridge epoch 1739995578
2025-02-19T20:06:28.785Z [BRIDGE] [INFO] Updating bridge epoch 1739995588
2025-02-19T20:06:38.785Z [BRIDGE] [INFO] Updating bridge epoch 1739995598
2025-02-19T20:06:48.781Z [BRIDGE] [INFO] Updating bridge epoch 1739995608
2025-02-19T20:06:58.781Z [BRIDGE] [INFO] Updating bridge epoch 1739995618
2025-02-19T20:07:08.777Z [BRIDGE] [INFO] Updating bridge epoch 1739995628
2025-02-19T20:07:18.777Z [BRIDGE] [INFO] Updating bridge epoch 1739995638
2025-02-19T20:07:28.773Z [BRIDGE] [INFO] Updating bridge epoch 1739995648
2025-02-19T20:07:38.773Z [BRIDGE] [INFO] Updating bridge epoch 1739995658
2025-02-19T20:07:48.769Z [BRIDGE] [INFO] Updating bridge epoch 1739995668
2025-02-19T20:07:58.769Z [BRIDGE] [INFO] Updating bridge epoch 1739995678
2025-02-19T20:08:08.765Z [BRIDGE] [INFO] Updating bridge epoch 1739995688
2025-02-19T20:08:18.765Z [BRIDGE] [INFO] Updating bridge epoch 1739995698
2025-02-19T20:08:28.761Z [BRIDGE] [INFO] Updating bridge epoch 1739995708
2025-02-19T20:08:38.761Z [BRIDGE] [INFO] Updating bridge epoch 1739995718
2025-02-19T20:08:48.761Z [BRIDGE] [INFO] Updating bridge epoch 1739995728
2025-02-19T20:08:58.757Z [BRIDGE] [INFO] Updating bridge epoch 1739995738
2025-02-19T20:09:08.757Z [BRIDGE] [INFO] Updating bridge epoch 1739995748
2025-02-19T20:09:18.753Z [BRIDGE] [INFO] Updating bridge epoch 1739995758
2025-02-19T20:09:28.753Z [BRIDGE] [INFO] Updating bridge epoch 1739995768
2025-02-19T20:09:38.750Z [BRIDGE] [INFO] Updating bridge epoch 1739995778
2025-02-19T20:09:48.750Z [BRIDGE] [INFO] Updating bridge epoch 1739995788
2025-02-19T20:09:58.746Z [BRIDGE] [INFO] Updating bridge epoch 1739995798
2025-02-19T20:10:08.746Z [BRIDGE] [INFO] Updating bridge epoch 1739995808
2025-02-19T20:10:18.742Z [BRIDGE] [INFO] Updating bridge epoch 1739995818
2025-02-19T20:10:28.742Z [BRIDGE] [INFO] Updating bridge epoch 1739995828
2025-02-19T20:10:38.742Z [BRIDGE] [INFO] Updating bridge epoch 1739995838
2025-02-19T20:10:48.738Z [BRIDGE] [INFO] Updating bridge epoch 1739995848
2025-02-19T20:10:58.738Z [BRIDGE] [INFO] Updating bridge epoch 1739995858
2025-02-19T20:11:08.734Z [BRIDGE] [INFO] Updating bridge epoch 1739995868
2025-02-19T20:11:18.734Z [BRIDGE] [INFO] Updating bridge epoch 1739995878
2025-02-19T20:11:28.730Z [BRIDGE] [INFO] Updating bridge epoch 1739995888
2025-02-19T20:11:38.730Z [BRIDGE] [INFO] Updating bridge epoch 1739995898
2025-02-19T20:11:48.726Z [BRIDGE] [INFO] Updating bridge epoch 1739995908
2025-02-19T20:11:58.726Z [BRIDGE] [INFO] Updating bridge epoch 1739995918
2025-02-19T20:12:08.722Z [BRIDGE] [INFO] Updating bridge epoch 1739995928
2025-02-19T20:12:18.722Z [BRIDGE] [INFO] Updating bridge epoch 1739995938
2025-02-19T20:12:28.718Z [BRIDGE] [INFO] Updating bridge epoch 1739995948
2025-02-19T20:12:38.718Z [BRIDGE] [INFO] Updating bridge epoch 1739995958
2025-02-19T20:12:48.718Z [BRIDGE] [INFO] Updating bridge epoch 1739995968
2025-02-19T20:12:58.714Z [BRIDGE] [INFO] Updating bridge epoch 1739995978
2025-02-19T20:13:08.714Z [BRIDGE] [INFO] Updating bridge epoch 1739995988
2025-02-19T20:13:18.710Z [BRIDGE] [INFO] Updating bridge epoch 1739995998
2025-02-19T20:13:28.710Z [BRIDGE] [INFO] Updating bridge epoch 1739996008
2025-02-19T20:13:38.707Z [BRIDGE] [INFO] Updating bridge epoch 1739996018
2025-02-19T20:13:48.707Z [BRIDGE] [INFO] Updating bridge epoch 1739996028
2025-02-19T20:13:58.703Z [BRIDGE] [INFO] Updating bridge epoch 1739996038
2025-02-19T20:14:08.703Z [BRIDGE] [INFO] Updating bridge epoch 1739996048
2025-02-19T20:14:18.699Z [BRIDGE] [INFO] Updating bridge epoch 1739996058
2025-02-19T20:14:28.699Z [BRIDGE] [INFO] Updating bridge epoch 1739996068
2025-02-19T20:14:38.699Z [BRIDGE] [INFO] Updating bridge epoch 1739996078
2025-02-19T20:14:48.695Z [BRIDGE] [INFO] Updating bridge epoch 1739996088
2025-02-19T20:14:58.695Z [BRIDGE] [INFO] Updating bridge epoch 1739996098
2025-02-19T20:15:08.691Z [BRIDGE] [INFO] Updating bridge epoch 1739996108
2025-02-19T20:15:18.691Z [BRIDGE] [INFO] Updating bridge epoch 1739996118
2025-02-19T20:15:28.687Z [BRIDGE] [INFO] Updating bridge epoch 1739996128
2025-02-19T20:15:38.687Z [BRIDGE] [INFO] Updating bridge epoch 1739996138
2025-02-19T20:15:48.683Z [BRIDGE] [INFO] Updating bridge epoch 1739996148
2025-02-19T20:15:58.683Z [BRIDGE] [INFO] Updating bridge epoch 1739996158
2025-02-19T20:16:08.679Z [BRIDGE] [INFO] Updating bridge epoch 1739996168
2025-02-19T20:16:18.679Z [BRIDGE] [INFO] Updating bridge epoch 1739996178
2025-02-19T20:16:28.675Z [BRIDGE] [INFO] Updating bridge epoch 1739996188
2025-02-19T20:16:38.675Z [BRIDGE] [INFO] Updating bridge epoch 1739996198
2025-02-19T20:16:48.675Z [BRIDGE] [INFO] Updating bridge epoch 1739996208
2025-02-19T20:16:58.671Z [BRIDGE] [INFO] Updating bridge epoch 1739996218
2025-02-19T20:17:08.671Z [BRIDGE] [INFO] Updating bridge epoch 1739996228
2025-02-19T20:17:18.667Z [BRIDGE] [INFO] Updating bridge epoch 1739996238
2025-02-19T20:17:28.667Z [BRIDGE] [INFO] Updating bridge epoch 1739996248
2025-02-19T20:17:38.664Z [BRIDGE] [INFO] Updating bridge epoch 1739996258
2025-02-19T20:17:48.664Z [BRIDGE] [INFO] Updating bridge epoch 1739996268
2025-02-19T20:17:58.660Z [BRIDGE] [INFO] Updating bridge epoch 1739996278
2025-02-19T20:18:08.660Z [BRIDGE] [INFO] Updating bridge epoch 1739996288
2025-02-19T20:18:18.656Z [BRIDGE] [INFO] Updating bridge epoch 1739996298
2025-02-19T20:18:28.656Z [BRIDGE] [INFO] Updating bridge epoch 1739996308
2025-02-19T20:18:38.652Z [BRIDGE] [INFO] Updating bridge epoch 1739996318
2025-02-19T20:18:48.652Z [BRIDGE] [INFO] Updating bridge epoch 1739996328
2025-02-19T20:18:58.652Z [BRIDGE] [INFO] Updating bridge epoch 1739996338
2025-02-19T20:19:08.648Z [BRIDGE] [INFO] Updating bridge epoch 1739996348
2025-02-19T20:19:18.648Z [BRIDGE] [INFO] Updating bridge epoch 1739996358
2025-02-19T20:19:28.644Z [BRIDGE] [INFO] Updating bridge epoch 1739996368
2025-02-19T20:19:38.644Z [BRIDGE] [INFO] Updating bridge epoch 1739996378
2025-02-19T20:19:48.640Z [BRIDGE] [INFO] Updating bridge epoch 1739996388
2025-02-19T20:19:58.640Z [BRIDGE] [INFO] Updating bridge epoch 1739996398
2025-02-19T20:20:08.636Z [BRIDGE] [INFO] Updating bridge epoch 1739996408
2025-02-19T20:20:18.636Z [BRIDGE] [INFO] Updating bridge epoch 1739996418
2025-02-19T20:20:28.632Z [BRIDGE] [INFO] Updating bridge epoch 1739996428
2025-02-19T20:20:38.632Z [BRIDGE] [INFO] Updating bridge epoch 1739996438
2025-02-19T20:20:48.632Z [BRIDGE] [INFO] Updating bridge epoch 1739996448
2025-02-19T20:20:58.628Z [BRIDGE] [INFO] Updating bridge epoch 1739996458
2025-02-19T20:21:08.628Z [BRIDGE] [INFO] Updating bridge epoch 1739996468
2025-02-19T20:21:18.625Z [BRIDGE] [INFO] Updating bridge epoch 1739996478
2025-02-19T20:21:28.625Z [BRIDGE] [INFO] Updating bridge epoch 1739996488
2025-02-19T20:21:38.621Z [BRIDGE] [INFO] Updating bridge epoch 1739996498
2025-02-19T20:21:48.621Z [BRIDGE] [INFO] Updating bridge epoch 1739996508
2025-02-19T20:21:58.617Z [BRIDGE] [INFO] Updating bridge epoch 1739996518
2025-02-19T20:22:08.617Z [BRIDGE] [INFO] Updating bridge epoch 1739996528
2025-02-19T20:22:18.613Z [BRIDGE] [INFO] Updating bridge epoch 1739996538
2025-02-19T20:22:28.613Z [BRIDGE] [INFO] Updating bridge epoch 1739996548
2025-02-19T20:22:38.609Z [BRIDGE] [INFO] Updating bridge epoch 1739996558
2025-02-19T20:22:48.609Z [BRIDGE] [INFO] Updating bridge epoch 1739996568
2025-02-19T20:22:58.609Z [BRIDGE] [INFO] Updating bridge epoch 1739996578
2025-02-19T20:23:08.605Z [BRIDGE] [INFO] Updating bridge epoch 1739996588
2025-02-19T20:23:18.605Z [BRIDGE] [INFO] Updating bridge epoch 1739996598
2025-02-19T20:23:28.601Z [BRIDGE] [INFO] Updating bridge epoch 1739996608
2025-02-19T20:23:38.601Z [BRIDGE] [INFO] Updating bridge epoch 1739996618
2025-02-19T20:23:48.597Z [BRIDGE] [INFO] Updating bridge epoch 1739996628
2025-02-19T20:23:58.597Z [BRIDGE] [INFO] Updating bridge epoch 1739996638
2025-02-19T20:24:08.593Z [BRIDGE] [INFO] Updating bridge epoch 1739996648
2025-02-19T20:24:18.593Z [BRIDGE] [INFO] Updating bridge epoch 1739996658
2025-02-19T20:24:28.589Z [BRIDGE] [INFO] Updating bridge epoch 1739996668
2025-02-19T20:24:38.589Z [BRIDGE] [INFO] Updating bridge epoch 1739996678
2025-02-19T20:24:48.589Z [BRIDGE] [INFO] Updating bridge epoch 1739996688
2025-02-19T20:24:58.585Z [BRIDGE] [INFO] Updating bridge epoch 1739996698
2025-02-19T20:25:08.585Z [BRIDGE] [INFO] Updating bridge epoch 1739996708
2025-02-19T20:25:18.582Z [BRIDGE] [INFO] Updating bridge epoch 1739996718
2025-02-19T20:25:28.582Z [BRIDGE] [INFO] Updating bridge epoch 1739996728
2025-02-19T20:25:38.578Z [BRIDGE] [INFO] Updating bridge epoch 1739996738
2025-02-19T20:25:48.578Z [BRIDGE] [INFO] Updating bridge epoch 1739996748
2025-02-19T20:25:58.574Z [BRIDGE] [INFO] Updating bridge epoch 1739996758
2025-02-19T20:26:08.574Z [BRIDGE] [INFO] Updating bridge epoch 1739996768
2025-02-19T20:26:18.570Z [BRIDGE] [INFO] Updating bridge epoch 1739996778
2025-02-19T20:26:28.570Z [BRIDGE] [INFO] Updating bridge epoch 1739996788
2025-02-19T20:26:38.566Z [BRIDGE] [INFO] Updating bridge epoch 1739996798
2025-02-19T20:26:48.566Z [BRIDGE] [INFO] Updating bridge epoch 1739996808
2025-02-19T20:26:58.566Z [BRIDGE] [INFO] Updating bridge epoch 1739996818
2025-02-19T20:27:08.562Z [BRIDGE] [INFO] Updating bridge epoch 1739996828
2025-02-19T20:27:18.562Z [BRIDGE] [INFO] Updating bridge epoch 1739996838
2025-02-19T20:27:28.558Z [BRIDGE] [INFO] Updating bridge epoch 1739996848
2025-02-19T20:27:38.558Z [BRIDGE] [INFO] Updating bridge epoch 1739996858
2025-02-19T20:27:48.554Z [BRIDGE] [INFO] Updating bridge epoch 1739996868
2025-02-19T20:27:58.554Z [BRIDGE] [INFO] Updating bridge epoch 1739996878
2025-02-19T20:28:08.550Z [BRIDGE] [INFO] Updating bridge epoch 1739996888
2025-02-19T20:28:18.550Z [BRIDGE] [INFO] Updating bridge epoch 1739996898
2025-02-19T20:28:28.546Z [BRIDGE] [INFO] Updating bridge epoch 1739996908
2025-02-19T20:28:38.546Z [BRIDGE] [INFO] Updating bridge epoch 1739996918
2025-02-19T20:28:48.546Z [BRIDGE] [INFO] Updating bridge epoch 1739996928
2025-02-19T20:28:58.542Z [BRIDGE] [INFO] Updating bridge epoch 1739996938
2025-02-19T20:29:08.542Z [BRIDGE] [INFO] Updating bridge epoch 1739996948
2025-02-19T20:29:18.539Z [BRIDGE] [INFO] Updating bridge epoch 1739996958
2025-02-19T20:29:28.539Z [BRIDGE] [INFO] Updating bridge epoch 1739996968
2025-02-19T20:29:38.535Z [BRIDGE] [INFO] Updating bridge epoch 1739996978
2025-02-19T20:29:48.535Z [BRIDGE] [INFO] Updating bridge epoch 1739996988
2025-02-19T20:29:58.531Z [BRIDGE] [INFO] Updating bridge epoch 1739996998
2025-02-19T20:30:08.531Z [BRIDGE] [INFO] Updating bridge epoch 1739997008
2025-02-19T20:30:18.527Z [BRIDGE] [INFO] Updating bridge epoch 1739997018
2025-02-19T20:30:28.527Z [BRIDGE] [INFO] Updating bridge epoch 1739997028
2025-02-19T20:30:38.523Z [BRIDGE] [INFO] Updating bridge epoch 1739997038
2025-02-19T20:30:48.523Z [BRIDGE] [INFO] Updating bridge epoch 1739997048
2025-02-19T20:30:58.523Z [BRIDGE] [INFO] Updating bridge epoch 1739997058
2025-02-19T20:31:08.519Z [BRIDGE] [INFO] Updating bridge epoch 1739997068
2025-02-19T20:31:18.519Z [BRIDGE] [INFO] Updating bridge epoch 1739997078
2025-02-19T20:31:28.515Z [BRIDGE] [INFO] Updating bridge epoch 1739997088
2025-02-19T20:31:38.515Z [BRIDGE] [INFO] Updating bridge epoch 1739997098
2025-02-19T20:31:48.511Z [BRIDGE] [INFO] Updating bridge epoch 1739997108
2025-02-19T20:31:58.511Z [BRIDGE] [INFO] Updating bridge epoch 1739997118
2025-02-19T20:32:08.507Z [BRIDGE] [INFO] Updating bridge epoch 1739997128
2025-02-19T20:32:18.507Z [BRIDGE] [INFO] Updating bridge epoch 1739997138
2025-02-19T20:32:28.503Z [BRIDGE] [INFO] Updating bridge epoch 1739997148
2025-02-19T20:32:38.503Z [BRIDGE] [INFO] Updating bridge epoch 1739997158
2025-02-19T20:32:48.500Z [BRIDGE] [INFO] Updating bridge epoch 1739997168
2025-02-19T20:32:58.500Z [BRIDGE] [INFO] Updating bridge epoch 1739997178
2025-02-19T20:33:08.500Z [BRIDGE] [INFO] Updating bridge epoch 1739997188
2025-02-19T20:33:18.496Z [BRIDGE] [INFO] Updating bridge epoch 1739997198
2025-02-19T20:33:28.496Z [BRIDGE] [INFO] Updating bridge epoch 1739997208
2025-02-19T20:33:38.492Z [BRIDGE] [INFO] Updating bridge epoch 1739997218
2025-02-19T20:33:48.492Z [BRIDGE] [INFO] Updating bridge epoch 1739997228
2025-02-19T20:33:58.488Z [BRIDGE] [INFO] Updating bridge epoch 1739997238
2025-02-19T20:34:08.488Z [BRIDGE] [INFO] Updating bridge epoch 1739997248
2025-02-19T20:34:18.484Z [BRIDGE] [INFO] Updating bridge epoch 1739997258
2025-02-19T20:34:28.484Z [BRIDGE] [INFO] Updating bridge epoch 1739997268
2025-02-19T20:34:38.480Z [BRIDGE] [INFO] Updating bridge epoch 1739997278
2025-02-19T20:34:48.480Z [BRIDGE] [INFO] Updating bridge epoch 1739997288
2025-02-19T20:34:58.480Z [BRIDGE] [INFO] Updating bridge epoch 1739997298
2025-02-19T20:35:08.476Z [BRIDGE] [INFO] Updating bridge epoch 1739997308
2025-02-19T20:35:18.476Z [BRIDGE] [INFO] Updating bridge epoch 1739997318
2025-02-19T20:35:28.472Z [BRIDGE] [INFO] Updating bridge epoch 1739997328
2025-02-19T20:35:38.472Z [BRIDGE] [INFO] Updating bridge epoch 1739997338
2025-02-19T20:35:48.468Z [BRIDGE] [INFO] Updating bridge epoch 1739997348
2025-02-19T20:35:58.468Z [BRIDGE] [INFO] Updating bridge epoch 1739997358
2025-02-19T20:36:08.464Z [BRIDGE] [INFO] Updating bridge epoch 1739997368
2025-02-19T20:36:18.464Z [BRIDGE] [INFO] Updating bridge epoch 1739997378
2025-02-19T20:36:28.460Z [BRIDGE] [INFO] Updating bridge epoch 1739997388
2025-02-19T20:36:38.460Z [BRIDGE] [INFO] Updating bridge epoch 1739997398
2025-02-19T20:36:48.457Z [BRIDGE] [INFO] Updating bridge epoch 1739997408
2025-02-19T20:36:58.457Z [BRIDGE] [INFO] Updating bridge epoch 1739997418
2025-02-19T20:37:08.457Z [BRIDGE] [INFO] Updating bridge epoch 1739997428
2025-02-19T20:37:18.453Z [BRIDGE] [INFO] Updating bridge epoch 1739997438
2025-02-19T20:37:28.453Z [BRIDGE] [INFO] Updating bridge epoch 1739997448
2025-02-19T20:37:38.449Z [BRIDGE] [INFO] Updating bridge epoch 1739997458
2025-02-19T20:37:48.449Z [BRIDGE] [INFO] Updating bridge epoch 1739997468
2025-02-19T20:37:58.445Z [BRIDGE] [INFO] Updating bridge epoch 1739997478
2025-02-19T20:38:08.445Z [BRIDGE] [INFO] Updating bridge epoch 1739997488
2025-02-19T20:38:18.441Z [BRIDGE] [INFO] Updating bridge epoch 1739997498
2025-02-19T20:38:28.441Z [BRIDGE] [INFO] Updating bridge epoch 1739997508
2025-02-19T20:38:38.437Z [BRIDGE] [INFO] Updating bridge epoch 1739997518
2025-02-19T20:38:48.437Z [BRIDGE] [INFO] Updating bridge epoch 1739997528
2025-02-19T20:38:58.437Z [BRIDGE] [INFO] Updating bridge epoch 1739997538
2025-02-19T20:39:08.433Z [BRIDGE] [INFO] Updating bridge epoch 1739997548
2025-02-19T20:39:18.433Z [BRIDGE] [INFO] Updating bridge epoch 1739997558
2025-02-19T20:39:28.429Z [BRIDGE] [INFO] Updating bridge epoch 1739997568
2025-02-19T20:39:38.429Z [BRIDGE] [INFO] Updating bridge epoch 1739997578
2025-02-19T20:39:48.425Z [BRIDGE] [INFO] Updating bridge epoch 1739997588
2025-02-19T20:39:58.425Z [BRIDGE] [INFO] Updating bridge epoch 1739997598
2025-02-19T20:40:08.421Z [BRIDGE] [INFO] Updating bridge epoch 1739997608
2025-02-19T20:40:18.421Z [BRIDGE] [INFO] Updating bridge epoch 1739997618
2025-02-19T20:40:28.417Z [BRIDGE] [INFO] Updating bridge epoch 1739997628
2025-02-19T20:40:38.417Z [BRIDGE] [INFO] Updating bridge epoch 1739997638
2025-02-19T20:40:48.414Z [BRIDGE] [INFO] Updating bridge epoch 1739997648
2025-02-19T20:40:58.414Z [BRIDGE] [INFO] Updating bridge epoch 1739997658
2025-02-19T20:41:08.414Z [BRIDGE] [INFO] Updating bridge epoch 1739997668
2025-02-19T20:41:18.410Z [BRIDGE] [INFO] Updating bridge epoch 1739997678
2025-02-19T20:41:28.410Z [BRIDGE] [INFO] Updating bridge epoch 1739997688
2025-02-19T20:41:38.406Z [BRIDGE] [INFO] Updating bridge epoch 1739997698
2025-02-19T20:41:48.406Z [BRIDGE] [INFO] Updating bridge epoch 1739997708
2025-02-19T20:41:58.402Z [BRIDGE] [INFO] Updating bridge epoch 1739997718
2025-02-19T20:42:08.402Z [BRIDGE] [INFO] Updating bridge epoch 1739997728
2025-02-19T20:42:18.398Z [BRIDGE] [INFO] Updating bridge epoch 1739997738
2025-02-19T20:42:28.398Z [BRIDGE] [INFO] Updating bridge epoch 1739997748
2025-02-19T20:42:38.394Z [BRIDGE] [INFO] Updating bridge epoch 1739997758
2025-02-19T20:42:48.394Z [BRIDGE] [INFO] Updating bridge epoch 1739997768
2025-02-19T20:42:58.394Z [BRIDGE] [INFO] Updating bridge epoch 1739997778
2025-02-19T20:43:08.390Z [BRIDGE] [INFO] Updating bridge epoch 1739997788
2025-02-19T20:43:18.390Z [BRIDGE] [INFO] Updating bridge epoch 1739997798
2025-02-19T20:43:28.386Z [BRIDGE] [INFO] Updating bridge epoch 1739997808
2025-02-19T20:43:38.386Z [BRIDGE] [INFO] Updating bridge epoch 1739997818
2025-02-19T20:43:48.382Z [BRIDGE] [INFO] Updating bridge epoch 1739997828
2025-02-19T20:43:58.382Z [BRIDGE] [INFO] Updating bridge epoch 1739997838
2025-02-19T20:44:08.378Z [BRIDGE] [INFO] Updating bridge epoch 1739997848
2025-02-19T20:44:18.378Z [BRIDGE] [INFO] Updating bridge epoch 1739997858
2025-02-19T20:44:28.375Z [BRIDGE] [INFO] Updating bridge epoch 1739997868
2025-02-19T20:44:38.375Z [BRIDGE] [INFO] Updating bridge epoch 1739997878
2025-02-19T20:44:48.371Z [BRIDGE] [INFO] Updating bridge epoch 1739997888
2025-02-19T20:44:58.371Z [BRIDGE] [INFO] Updating bridge epoch 1739997898
2025-02-19T20:45:08.371Z [BRIDGE] [INFO] Updating bridge epoch 1739997908
2025-02-19T20:45:18.367Z [BRIDGE] [INFO] Updating bridge epoch 1739997918
2025-02-19T20:45:28.367Z [BRIDGE] [INFO] Updating bridge epoch 1739997928
2025-02-19T20:45:38.363Z [BRIDGE] [INFO] Updating bridge epoch 1739997938
2025-02-19T20:45:48.363Z [BRIDGE] [INFO] Updating bridge epoch 1739997948
2025-02-19T20:45:58.359Z [BRIDGE] [INFO] Updating bridge epoch 1739997958
2025-02-19T20:46:08.359Z [BRIDGE] [INFO] Updating bridge epoch 1739997968
2025-02-19T20:46:18.355Z [BRIDGE] [INFO] Updating bridge epoch 1739997978
2025-02-19T20:46:28.355Z [BRIDGE] [INFO] Updating bridge epoch 1739997988
2025-02-19T20:46:38.351Z [BRIDGE] [INFO] Updating bridge epoch 1739997998
2025-02-19T20:46:48.351Z [BRIDGE] [INFO] Updating bridge epoch 1739998008
2025-02-19T20:46:58.347Z [BRIDGE] [INFO] Updating bridge epoch 1739998018
2025-02-19T20:47:08.347Z [BRIDGE] [INFO] Updating bridge epoch 1739998028
2025-02-19T20:47:18.347Z [BRIDGE] [INFO] Updating bridge epoch 1739998038
2025-02-19T20:47:28.343Z [BRIDGE] [INFO] Updating bridge epoch 1739998048
2025-02-19T20:47:38.343Z [BRIDGE] [INFO] Updating bridge epoch 1739998058
2025-02-19T20:47:48.339Z [BRIDGE] [INFO] Updating bridge epoch 1739998068
2025-02-19T20:47:58.339Z [BRIDGE] [INFO] Updating bridge epoch 1739998078
2025-02-19T20:48:08.335Z [BRIDGE] [INFO] Updating bridge epoch 1739998088
2025-02-19T20:48:18.335Z [BRIDGE] [INFO] Updating bridge epoch 1739998098
2025-02-19T20:48:28.332Z [BRIDGE] [INFO] Updating bridge epoch 1739998108
2025-02-19T20:48:38.332Z [BRIDGE] [INFO] Updating bridge epoch 1739998118
2025-02-19T20:48:48.328Z [BRIDGE] [INFO] Updating bridge epoch 1739998128
2025-02-19T20:48:58.328Z [BRIDGE] [INFO] Updating bridge epoch 1739998138
2025-02-19T20:49:08.328Z [BRIDGE] [INFO] Updating bridge epoch 1739998148
2025-02-19T20:49:18.324Z [BRIDGE] [INFO] Updating bridge epoch 1739998158
2025-02-19T20:49:28.324Z [BRIDGE] [INFO] Updating bridge epoch 1739998168
2025-02-19T20:49:38.320Z [BRIDGE] [INFO] Updating bridge epoch 1739998178
2025-02-19T20:49:48.320Z [BRIDGE] [INFO] Updating bridge epoch 1739998188
2025-02-19T20:49:58.316Z [BRIDGE] [INFO] Updating bridge epoch 1739998198
2025-02-19T20:50:08.316Z [BRIDGE] [INFO] Updating bridge epoch 1739998208
2025-02-19T20:50:18.312Z [BRIDGE] [INFO] Updating bridge epoch 1739998218
2025-02-19T20:50:28.312Z [BRIDGE] [INFO] Updating bridge epoch 1739998228
2025-02-19T20:50:38.308Z [BRIDGE] [INFO] Updating bridge epoch 1739998238
2025-02-19T20:50:48.308Z [BRIDGE] [INFO] Updating bridge epoch 1739998248
2025-02-19T20:50:58.304Z [BRIDGE] [INFO] Updating bridge epoch 1739998258
2025-02-19T20:51:08.304Z [BRIDGE] [INFO] Updating bridge epoch 1739998268
2025-02-19T20:51:18.304Z [BRIDGE] [INFO] Updating bridge epoch 1739998278
2025-02-19T20:51:28.300Z [BRIDGE] [INFO] Updating bridge epoch 1739998288
2025-02-19T20:51:38.300Z [BRIDGE] [INFO] Updating bridge epoch 1739998298
2025-02-19T20:51:48.296Z [BRIDGE] [INFO] Updating bridge epoch 1739998308
2025-02-19T20:51:58.296Z [BRIDGE] [INFO] Updating bridge epoch 1739998318
2025-02-19T20:52:08.292Z [BRIDGE] [INFO] Updating bridge epoch 1739998328
2025-02-19T20:52:18.292Z [BRIDGE] [INFO] Updating bridge epoch 1739998338
2025-02-19T20:52:28.289Z [BRIDGE] [INFO] Updating bridge epoch 1739998348
2025-02-19T20:52:38.289Z [BRIDGE] [INFO] Updating bridge epoch 1739998358
2025-02-19T20:52:48.285Z [BRIDGE] [INFO] Updating bridge epoch 1739998368
2025-02-19T20:52:58.285Z [BRIDGE] [INFO] Updating bridge epoch 1739998378
2025-02-19T20:53:08.285Z [BRIDGE] [INFO] Updating bridge epoch 1739998388
2025-02-19T20:53:18.281Z [BRIDGE] [INFO] Updating bridge epoch 1739998398
2025-02-19T20:53:28.281Z [BRIDGE] [INFO] Updating bridge epoch 1739998408
2025-02-19T20:53:38.277Z [BRIDGE] [INFO] Updating bridge epoch 1739998418
2025-02-19T20:53:48.277Z [BRIDGE] [INFO] Updating bridge epoch 1739998428
2025-02-19T20:53:58.273Z [BRIDGE] [INFO] Updating bridge epoch 1739998438
2025-02-19T20:54:08.273Z [BRIDGE] [INFO] Updating bridge epoch 1739998448
2025-02-19T20:54:18.269Z [BRIDGE] [INFO] Updating bridge epoch 1739998458
2025-02-19T20:54:28.269Z [BRIDGE] [INFO] Updating bridge epoch 1739998468
2025-02-19T20:54:38.265Z [BRIDGE] [INFO] Updating bridge epoch 1739998478
2025-02-19T20:54:48.265Z [BRIDGE] [INFO] Updating bridge epoch 1739998488
2025-02-19T20:54:58.261Z [BRIDGE] [INFO] Updating bridge epoch 1739998498
2025-02-19T20:55:08.261Z [BRIDGE] [INFO] Updating bridge epoch 1739998508
2025-02-19T20:55:18.261Z [BRIDGE] [INFO] Updating bridge epoch 1739998518
2025-02-19T20:55:28.257Z [BRIDGE] [INFO] Updating bridge epoch 1739998528
2025-02-19T20:55:38.257Z [BRIDGE] [INFO] Updating bridge epoch 1739998538
2025-02-19T20:55:48.253Z [BRIDGE] [INFO] Updating bridge epoch 1739998548
2025-02-19T20:55:58.253Z [BRIDGE] [INFO] Updating bridge epoch 1739998558
2025-02-19T20:56:08.250Z [BRIDGE] [INFO] Updating bridge epoch 1739998568
2025-02-19T20:56:18.250Z [BRIDGE] [INFO] Updating bridge epoch 1739998578
2025-02-19T20:56:28.246Z [BRIDGE] [INFO] Updating bridge epoch 1739998588
2025-02-19T20:56:38.246Z [BRIDGE] [INFO] Updating bridge epoch 1739998598
2025-02-19T20:56:48.242Z [BRIDGE] [INFO] Updating bridge epoch 1739998608
2025-02-19T20:56:58.242Z [BRIDGE] [INFO] Updating bridge epoch 1739998618
2025-02-19T20:57:08.238Z [BRIDGE] [INFO] Updating bridge epoch 1739998628
2025-02-19T20:57:18.238Z [BRIDGE] [INFO] Updating bridge epoch 1739998638
2025-02-19T20:57:28.238Z [BRIDGE] [INFO] Updating bridge epoch 1739998648
2025-02-19T20:57:38.234Z [BRIDGE] [INFO] Updating bridge epoch 1739998658
2025-02-19T20:57:48.234Z [BRIDGE] [INFO] Updating bridge epoch 1739998668
2025-02-19T20:57:58.230Z [BRIDGE] [INFO] Updating bridge epoch 1739998678
2025-02-19T20:58:08.230Z [BRIDGE] [INFO] Updating bridge epoch 1739998688
2025-02-19T20:58:18.226Z [BRIDGE] [INFO] Updating bridge epoch 1739998698
2025-02-19T20:58:28.226Z [BRIDGE] [INFO] Updating bridge epoch 1739998708
2025-02-19T20:58:38.222Z [BRIDGE] [INFO] Updating bridge epoch 1739998718
2025-02-19T20:58:48.222Z [BRIDGE] [INFO] Updating bridge epoch 1739998728
2025-02-19T20:58:58.218Z [BRIDGE] [INFO] Updating bridge epoch 1739998738
2025-02-19T20:59:08.218Z [BRIDGE] [INFO] Updating bridge epoch 1739998748
2025-02-19T20:59:18.218Z [BRIDGE] [INFO] Updating bridge epoch 1739998758
2025-02-19T20:59:28.214Z [BRIDGE] [INFO] Updating bridge epoch 1739998768
2025-02-19T20:59:38.214Z [BRIDGE] [INFO] Updating bridge epoch 1739998778
2025-02-19T20:59:48.210Z [BRIDGE] [INFO] Updating bridge epoch 1739998788
2025-02-19T20:59:58.210Z [BRIDGE] [INFO] Updating bridge epoch 1739998798
2025-02-19T21:00:08.207Z [BRIDGE] [INFO] Updating bridge epoch 1739998808
2025-02-19T21:00:18.207Z [BRIDGE] [INFO] Updating bridge epoch 1739998818
2025-02-19T21:00:28.203Z [BRIDGE] [INFO] Updating bridge epoch 1739998828
2025-02-19T21:00:38.203Z [BRIDGE] [INFO] Updating bridge epoch 1739998838
2025-02-19T21:00:48.199Z [BRIDGE] [INFO] Updating bridge epoch 1739998848
2025-02-19T21:00:58.199Z [BRIDGE] [INFO] Updating bridge epoch 1739998858
2025-02-19T21:01:08.195Z [BRIDGE] [INFO] Updating bridge epoch 1739998868
2025-02-19T21:01:18.195Z [BRIDGE] [INFO] Updating bridge epoch 1739998878
2025-02-19T21:01:28.195Z [BRIDGE] [INFO] Updating bridge epoch 1739998888
2025-02-19T21:01:38.191Z [BRIDGE] [INFO] Updating bridge epoch 1739998898
2025-02-19T21:01:48.191Z [BRIDGE] [INFO] Updating bridge epoch 1739998908
2025-02-19T21:01:58.187Z [BRIDGE] [INFO] Updating bridge epoch 1739998918
2025-02-19T21:02:08.187Z [BRIDGE] [INFO] Updating bridge epoch 1739998928
2025-02-19T21:02:18.183Z [BRIDGE] [INFO] Updating bridge epoch 1739998938
2025-02-19T21:02:28.183Z [BRIDGE] [INFO] Updating bridge epoch 1739998948
2025-02-19T21:02:38.179Z [BRIDGE] [INFO] Updating bridge epoch 1739998958
2025-02-19T21:02:48.179Z [BRIDGE] [INFO] Updating bridge epoch 1739998968
2025-02-19T21:02:58.175Z [BRIDGE] [INFO] Updating bridge epoch 1739998978
2025-02-19T21:03:08.175Z [BRIDGE] [INFO] Updating bridge epoch 1739998988
2025-02-19T21:03:18.175Z [BRIDGE] [INFO] Updating bridge epoch 1739998998
2025-02-19T21:03:28.171Z [BRIDGE] [INFO] Updating bridge epoch 1739999008
2025-02-19T21:03:38.171Z [BRIDGE] [INFO] Updating bridge epoch 1739999018
2025-02-19T21:03:48.167Z [BRIDGE] [INFO] Updating bridge epoch 1739999028
2025-02-19T21:03:58.167Z [BRIDGE] [INFO] Updating bridge epoch 1739999038
2025-02-19T21:04:08.164Z [BRIDGE] [INFO] Updating bridge epoch 1739999048
2025-02-19T21:04:18.164Z [BRIDGE] [INFO] Updating bridge epoch 1739999058
2025-02-19T21:04:28.160Z [BRIDGE] [INFO] Updating bridge epoch 1739999068
2025-02-19T21:04:38.160Z [BRIDGE] [INFO] Updating bridge epoch 1739999078
2025-02-19T21:04:48.156Z [BRIDGE] [INFO] Updating bridge epoch 1739999088
2025-02-19T21:04:58.156Z [BRIDGE] [INFO] Updating bridge epoch 1739999098
2025-02-19T21:05:08.152Z [BRIDGE] [INFO] Updating bridge epoch 1739999108
2025-02-19T21:05:18.152Z [BRIDGE] [INFO] Updating bridge epoch 1739999118
2025-02-19T21:05:28.152Z [BRIDGE] [INFO] Updating bridge epoch 1739999128
2025-02-19T21:05:38.148Z [BRIDGE] [INFO] Updating bridge epoch 1739999138
2025-02-19T21:05:48.148Z [BRIDGE] [INFO] Updating bridge epoch 1739999148
2025-02-19T21:05:58.144Z [BRIDGE] [INFO] Updating bridge epoch 1739999158
2025-02-19T21:06:08.144Z [BRIDGE] [INFO] Updating bridge epoch 1739999168
2025-02-19T21:06:18.140Z [BRIDGE] [INFO] Updating bridge epoch 1739999178
2025-02-19T21:06:28.140Z [BRIDGE] [INFO] Updating bridge epoch 1739999188
2025-02-19T21:06:38.136Z [BRIDGE] [INFO] Updating bridge epoch 1739999198
2025-02-19T21:06:48.136Z [BRIDGE] [INFO] Updating bridge epoch 1739999208
2025-02-19T21:06:58.132Z [BRIDGE] [INFO] Updating bridge epoch 1739999218
2025-02-19T21:07:08.132Z [BRIDGE] [INFO] Updating bridge epoch 1739999228
2025-02-19T21:07:18.128Z [BRIDGE] [INFO] Updating bridge epoch 1739999238
2025-02-19T21:07:28.128Z [BRIDGE] [INFO] Updating bridge epoch 1739999248
2025-02-19T21:07:38.128Z [BRIDGE] [INFO] Updating bridge epoch 1739999258
2025-02-19T21:07:48.125Z [BRIDGE] [INFO] Updating bridge epoch 1739999268
2025-02-19T21:07:58.125Z [BRIDGE] [INFO] Updating bridge epoch 1739999278
2025-02-19T21:08:08.121Z [BRIDGE] [INFO] Updating bridge epoch 1739999288
2025-02-19T21:08:18.121Z [BRIDGE] [INFO] Updating bridge epoch 1739999298
2025-02-19T21:08:28.117Z [BRIDGE] [INFO] Updating bridge epoch 1739999308
2025-02-19T21:08:38.117Z [BRIDGE] [INFO] Updating bridge epoch 1739999318
2025-02-19T21:08:48.113Z [BRIDGE] [INFO] Updating bridge epoch 1739999328
2025-02-19T21:08:58.113Z [BRIDGE] [INFO] Updating bridge epoch 1739999338
2025-02-19T21:09:08.109Z [BRIDGE] [INFO] Updating bridge epoch 1739999348
2025-02-19T21:09:18.109Z [BRIDGE] [INFO] Updating bridge epoch 1739999358
2025-02-19T21:09:28.109Z [BRIDGE] [INFO] Updating bridge epoch 1739999368
2025-02-19T21:09:38.105Z [BRIDGE] [INFO] Updating bridge epoch 1739999378
2025-02-19T21:09:48.105Z [BRIDGE] [INFO] Updating bridge epoch 1739999388
2025-02-19T21:09:58.101Z [BRIDGE] [INFO] Updating bridge epoch 1739999398
2025-02-19T21:10:08.101Z [BRIDGE] [INFO] Updating bridge epoch 1739999408
2025-02-19T21:10:18.097Z [BRIDGE] [INFO] Updating bridge epoch 1739999418
2025-02-19T21:10:28.097Z [BRIDGE] [INFO] Updating bridge epoch 1739999428
2025-02-19T21:10:38.093Z [BRIDGE] [INFO] Updating bridge epoch 1739999438
2025-02-19T21:10:48.093Z [BRIDGE] [INFO] Updating bridge epoch 1739999448
2025-02-19T21:10:58.089Z [BRIDGE] [INFO] Updating bridge epoch 1739999458
2025-02-19T21:11:08.089Z [BRIDGE] [INFO] Updating bridge epoch 1739999468
2025-02-19T21:11:18.085Z [BRIDGE] [INFO] Updating bridge epoch 1739999478
2025-02-19T21:11:28.085Z [BRIDGE] [INFO] Updating bridge epoch 1739999488
2025-02-19T21:11:38.085Z [BRIDGE] [INFO] Updating bridge epoch 1739999498
2025-02-19T21:11:48.082Z [BRIDGE] [INFO] Updating bridge epoch 1739999508
2025-02-19T21:11:58.082Z [BRIDGE] [INFO] Updating bridge epoch 1739999518
2025-02-19T21:12:08.078Z [BRIDGE] [INFO] Updating bridge epoch 1739999528
2025-02-19T21:12:18.078Z [BRIDGE] [INFO] Updating bridge epoch 1739999538
2025-02-19T21:12:28.074Z [BRIDGE] [INFO] Updating bridge epoch 1739999548
2025-02-19T21:12:38.074Z [BRIDGE] [INFO] Updating bridge epoch 1739999558
2025-02-19T21:12:48.070Z [BRIDGE] [INFO] Updating bridge epoch 1739999568
2025-02-19T21:12:58.070Z [BRIDGE] [INFO] Updating bridge epoch 1739999578
2025-02-19T21:13:08.066Z [BRIDGE] [INFO] Updating bridge epoch 1739999588
2025-02-19T21:13:18.066Z [BRIDGE] [INFO] Updating bridge epoch 1739999598
2025-02-19T21:13:28.066Z [BRIDGE] [INFO] Updating bridge epoch 1739999608
2025-02-19T21:13:38.062Z [BRIDGE] [INFO] Updating bridge epoch 1739999618
2025-02-19T21:13:48.062Z [BRIDGE] [INFO] Updating bridge epoch 1739999628
2025-02-19T21:13:58.058Z [BRIDGE] [INFO] Updating bridge epoch 1739999638
2025-02-19T21:14:08.058Z [BRIDGE] [INFO] Updating bridge epoch 1739999648
2025-02-19T21:14:18.054Z [BRIDGE] [INFO] Updating bridge epoch 1739999658
2025-02-19T21:14:28.054Z [BRIDGE] [INFO] Updating bridge epoch 1739999668
2025-02-19T21:14:38.050Z [BRIDGE] [INFO] Updating bridge epoch 1739999678
2025-02-19T21:14:48.050Z [BRIDGE] [INFO] Updating bridge epoch 1739999688
2025-02-19T21:14:58.046Z [BRIDGE] [INFO] Updating bridge epoch 1739999698
2025-02-19T21:15:08.046Z [BRIDGE] [INFO] Updating bridge epoch 1739999708
2025-02-19T21:15:18.042Z [BRIDGE] [INFO] Updating bridge epoch 1739999718
2025-02-19T21:15:28.042Z [BRIDGE] [INFO] Updating bridge epoch 1739999728
2025-02-19T21:15:38.042Z [BRIDGE] [INFO] Updating bridge epoch 1739999738
2025-02-19T21:15:48.039Z [BRIDGE] [INFO] Updating bridge epoch 1739999748
2025-02-19T21:15:58.039Z [BRIDGE] [INFO] Updating bridge epoch 1739999758
2025-02-19T21:16:08.035Z [BRIDGE] [INFO] Updating bridge epoch 1739999768
2025-02-19T21:16:18.035Z [BRIDGE] [INFO] Updating bridge epoch 1739999778
2025-02-19T21:16:28.031Z [BRIDGE] [INFO] Updating bridge epoch 1739999788
2025-02-19T21:16:38.031Z [BRIDGE] [INFO] Updating bridge epoch 1739999798
2025-02-19T21:16:48.027Z [BRIDGE] [INFO] Updating bridge epoch 1739999808
2025-02-19T21:16:58.027Z [BRIDGE] [INFO] Updating bridge epoch 1739999818
2025-02-19T21:17:08.023Z [BRIDGE] [INFO] Updating bridge epoch 1739999828
2025-02-19T21:17:18.023Z [BRIDGE] [INFO] Updating bridge epoch 1739999838
2025-02-19T21:17:28.023Z [BRIDGE] [INFO] Updating bridge epoch 1739999848
2025-02-19T21:17:38.019Z [BRIDGE] [INFO] Updating bridge epoch 1739999858
2025-02-19T21:17:48.019Z [BRIDGE] [INFO] Updating bridge epoch 1739999868
2025-02-19T21:17:58.015Z [BRIDGE] [INFO] Updating bridge epoch 1739999878
2025-02-19T21:18:08.015Z [BRIDGE] [INFO] Updating bridge epoch 1739999888
2025-02-19T21:18:18.011Z [BRIDGE] [INFO] Updating bridge epoch 1739999898
2025-02-19T21:18:28.011Z [BRIDGE] [INFO] Updating bridge epoch 1739999908
2025-02-19T21:18:38.007Z [BRIDGE] [INFO] Updating bridge epoch 1739999918
2025-02-19T21:18:48.007Z [BRIDGE] [INFO] Updating bridge epoch 1739999928
2025-02-19T21:18:58.003Z [BRIDGE] [INFO] Updating bridge epoch 1739999938
2025-02-19T21:19:08.003Z [BRIDGE] [INFO] Updating bridge epoch 1739999948
2025-02-19T21:19:18.000Z [BRIDGE] [INFO] Updating bridge epoch 1739999958
2025-02-19T21:19:28.000Z [BRIDGE] [INFO] Updating bridge epoch 1739999968
2025-02-19T21:19:38.000Z [BRIDGE] [INFO] Updating bridge epoch 1739999978
2025-02-19T21:19:47.996Z [BRIDGE] [INFO] Updating bridge epoch 1739999987
2025-02-19T21:19:57.996Z [BRIDGE] [INFO] Updating bridge epoch 1739999997
2025-02-19T21:20:07.992Z [BRIDGE] [INFO] Updating bridge epoch 1740000007
2025-02-19T21:20:17.992Z [BRIDGE] [INFO] Updating bridge epoch 1740000017
2025-02-19T21:20:27.988Z [BRIDGE] [INFO] Updating bridge epoch 1740000027
2025-02-19T21:20:37.988Z [BRIDGE] [INFO] Updating bridge epoch 1740000037
2025-02-19T21:20:47.984Z [BRIDGE] [INFO] Updating bridge epoch 1740000047
2025-02-19T21:20:57.984Z [BRIDGE] [INFO] Updating bridge epoch 1740000057
2025-02-19T21:21:07.980Z [BRIDGE] [INFO] Updating bridge epoch 1740000067
2025-02-19T21:21:17.980Z [BRIDGE] [INFO] Updating bridge epoch 1740000077
2025-02-19T21:21:27.976Z [BRIDGE] [INFO] Updating bridge epoch 1740000087
2025-02-19T21:21:37.976Z [BRIDGE] [INFO] Updating bridge epoch 1740000097
2025-02-19T21:21:47.976Z [BRIDGE] [INFO] Updating bridge epoch 1740000107
2025-02-19T21:21:57.972Z [BRIDGE] [INFO] Updating bridge epoch 1740000117
2025-02-19T21:22:07.972Z [BRIDGE] [INFO] Updating bridge epoch 1740000127
2025-02-19T21:22:17.968Z [BRIDGE] [INFO] Updating bridge epoch 1740000137
2025-02-19T21:22:27.968Z [BRIDGE] [INFO] Updating bridge epoch 1740000147
2025-02-19T21:22:37.964Z [BRIDGE] [INFO] Updating bridge epoch 1740000157
2025-02-19T21:22:47.964Z [BRIDGE] [INFO] Updating bridge epoch 1740000167
2025-02-19T21:22:57.960Z [BRIDGE] [INFO] Updating bridge epoch 1740000177
2025-02-19T21:23:07.960Z [BRIDGE] [INFO] Updating bridge epoch 1740000187
2025-02-19T21:23:17.957Z [BRIDGE] [INFO] Updating bridge epoch 1740000197
2025-02-19T21:23:27.957Z [BRIDGE] [INFO] Updating bridge epoch 1740000207
2025-02-19T21:23:37.957Z [BRIDGE] [INFO] Updating bridge epoch 1740000217
2025-02-19T21:23:47.953Z [BRIDGE] [INFO] Updating bridge epoch 1740000227
2025-02-19T21:23:57.953Z [BRIDGE] [INFO] Updating bridge epoch 1740000237
2025-02-19T21:24:07.949Z [BRIDGE] [INFO] Updating bridge epoch 1740000247
2025-02-19T21:24:17.949Z [BRIDGE] [INFO] Updating bridge epoch 1740000257
2025-02-19T21:24:27.945Z [BRIDGE] [INFO] Updating bridge epoch 1740000267
2025-02-19T21:24:37.945Z [BRIDGE] [INFO] Updating bridge epoch 1740000277
2025-02-19T21:24:47.941Z [BRIDGE] [INFO] Updating bridge epoch 1740000287
2025-02-19T21:24:57.941Z [BRIDGE] [INFO] Updating bridge epoch 1740000297
2025-02-19T21:25:07.937Z [BRIDGE] [INFO] Updating bridge epoch 1740000307
2025-02-19T21:25:17.937Z [BRIDGE] [INFO] Updating bridge epoch 1740000317
2025-02-19T21:25:27.933Z [BRIDGE] [INFO] Updating bridge epoch 1740000327
2025-02-19T21:25:37.933Z [BRIDGE] [INFO] Updating bridge epoch 1740000337
2025-02-19T21:25:47.933Z [BRIDGE] [INFO] Updating bridge epoch 1740000347
2025-02-19T21:25:57.929Z [BRIDGE] [INFO] Updating bridge epoch 1740000357
2025-02-19T21:26:07.929Z [BRIDGE] [INFO] Updating bridge epoch 1740000367
2025-02-19T21:26:17.925Z [BRIDGE] [INFO] Updating bridge epoch 1740000377
2025-02-19T21:26:27.925Z [BRIDGE] [INFO] Updating bridge epoch 1740000387
2025-02-19T21:26:37.921Z [BRIDGE] [INFO] Updating bridge epoch 1740000397
2025-02-19T21:26:47.921Z [BRIDGE] [INFO] Updating bridge epoch 1740000407
2025-02-19T21:26:57.917Z [BRIDGE] [INFO] Updating bridge epoch 1740000417
2025-02-19T21:27:07.917Z [BRIDGE] [INFO] Updating bridge epoch 1740000427
2025-02-19T21:27:17.914Z [BRIDGE] [INFO] Updating bridge epoch 1740000437
2025-02-19T21:27:27.914Z [BRIDGE] [INFO] Updating bridge epoch 1740000447
2025-02-19T21:27:37.914Z [BRIDGE] [INFO] Updating bridge epoch 1740000457
2025-02-19T21:27:47.910Z [BRIDGE] [INFO] Updating bridge epoch 1740000467
2025-02-19T21:27:57.910Z [BRIDGE] [INFO] Updating bridge epoch 1740000477
2025-02-19T21:28:07.906Z [BRIDGE] [INFO] Updating bridge epoch 1740000487
2025-02-19T21:28:17.906Z [BRIDGE] [INFO] Updating bridge epoch 1740000497
2025-02-19T21:28:27.902Z [BRIDGE] [INFO] Updating bridge epoch 1740000507
2025-02-19T21:28:37.902Z [BRIDGE] [INFO] Updating bridge epoch 1740000517
2025-02-19T21:28:47.898Z [BRIDGE] [INFO] Updating bridge epoch 1740000527
2025-02-19T21:28:57.898Z [BRIDGE] [INFO] Updating bridge epoch 1740000537
2025-02-19T21:29:07.894Z [BRIDGE] [INFO] Updating bridge epoch 1740000547
2025-02-19T21:29:17.894Z [BRIDGE] [INFO] Updating bridge epoch 1740000557
2025-02-19T21:29:27.890Z [BRIDGE] [INFO] Updating bridge epoch 1740000567
2025-02-19T21:29:37.890Z [BRIDGE] [INFO] Updating bridge epoch 1740000577
2025-02-19T21:29:47.890Z [BRIDGE] [INFO] Updating bridge epoch 1740000587
2025-02-19T21:29:57.886Z [BRIDGE] [INFO] Updating bridge epoch 1740000597
2025-02-19T21:30:07.886Z [BRIDGE] [INFO] Updating bridge epoch 1740000607
2025-02-19T21:30:17.882Z [BRIDGE] [INFO] Updating bridge epoch 1740000617
2025-02-19T21:30:27.882Z [BRIDGE] [INFO] Updating bridge epoch 1740000627
2025-02-19T21:30:37.878Z [BRIDGE] [INFO] Updating bridge epoch 1740000637
2025-02-19T21:30:47.878Z [BRIDGE] [INFO] Updating bridge epoch 1740000647
2025-02-19T21:30:57.875Z [BRIDGE] [INFO] Updating bridge epoch 1740000657
2025-02-19T21:31:07.875Z [BRIDGE] [INFO] Updating bridge epoch 1740000667
2025-02-19T21:31:17.871Z [BRIDGE] [INFO] Updating bridge epoch 1740000677
2025-02-19T21:31:27.871Z [BRIDGE] [INFO] Updating bridge epoch 1740000687
2025-02-19T21:31:37.871Z [BRIDGE] [INFO] Updating bridge epoch 1740000697
2025-02-19T21:31:47.867Z [BRIDGE] [INFO] Updating bridge epoch 1740000707
2025-02-19T21:31:57.867Z [BRIDGE] [INFO] Updating bridge epoch 1740000717
2025-02-19T21:32:07.863Z [BRIDGE] [INFO] Updating bridge epoch 1740000727
2025-02-19T21:32:17.863Z [BRIDGE] [INFO] Updating bridge epoch 1740000737
2025-02-19T21:32:27.859Z [BRIDGE] [INFO] Updating bridge epoch 1740000747
2025-02-19T21:32:37.859Z [BRIDGE] [INFO] Updating bridge epoch 1740000757
2025-02-19T21:32:47.855Z [BRIDGE] [INFO] Updating bridge epoch 1740000767
2025-02-19T21:32:57.855Z [BRIDGE] [INFO] Updating bridge epoch 1740000777
2025-02-19T21:33:07.851Z [BRIDGE] [INFO] Updating bridge epoch 1740000787
2025-02-19T21:33:17.851Z [BRIDGE] [INFO] Updating bridge epoch 1740000797
2025-02-19T21:33:27.847Z [BRIDGE] [INFO] Updating bridge epoch 1740000807
2025-02-19T21:33:37.847Z [BRIDGE] [INFO] Updating bridge epoch 1740000817
2025-02-19T21:33:47.847Z [BRIDGE] [INFO] Updating bridge epoch 1740000827
2025-02-19T21:33:57.843Z [BRIDGE] [INFO] Updating bridge epoch 1740000837
2025-02-19T21:34:07.843Z [BRIDGE] [INFO] Updating bridge epoch 1740000847
2025-02-19T21:34:17.839Z [BRIDGE] [INFO] Updating bridge epoch 1740000857
2025-02-19T21:34:27.839Z [BRIDGE] [INFO] Updating bridge epoch 1740000867
2025-02-19T21:34:37.835Z [BRIDGE] [INFO] Updating bridge epoch 1740000877
2025-02-19T21:34:47.835Z [BRIDGE] [INFO] Updating bridge epoch 1740000887
2025-02-19T21:34:57.832Z [BRIDGE] [INFO] Updating bridge epoch 1740000897
2025-02-19T21:35:07.832Z [BRIDGE] [INFO] Updating bridge epoch 1740000907
2025-02-19T21:35:17.828Z [BRIDGE] [INFO] Updating bridge epoch 1740000917
2025-02-19T21:35:27.828Z [BRIDGE] [INFO] Updating bridge epoch 1740000927
2025-02-19T21:35:37.824Z [BRIDGE] [INFO] Updating bridge epoch 1740000937
2025-02-19T21:35:47.824Z [BRIDGE] [INFO] Updating bridge epoch 1740000947
2025-02-19T21:35:57.824Z [BRIDGE] [INFO] Updating bridge epoch 1740000957
2025-02-19T21:36:07.820Z [BRIDGE] [INFO] Updating bridge epoch 1740000967
2025-02-19T21:36:17.820Z [BRIDGE] [INFO] Updating bridge epoch 1740000977
2025-02-19T21:36:27.816Z [BRIDGE] [INFO] Updating bridge epoch 1740000987
2025-02-19T21:36:37.816Z [BRIDGE] [INFO] Updating bridge epoch 1740000997
2025-02-19T21:36:47.812Z [BRIDGE] [INFO] Updating bridge epoch 1740001007
2025-02-19T21:36:57.812Z [BRIDGE] [INFO] Updating bridge epoch 1740001017
2025-02-19T21:37:07.808Z [BRIDGE] [INFO] Updating bridge epoch 1740001027
2025-02-19T21:37:17.808Z [BRIDGE] [INFO] Updating bridge epoch 1740001037
2025-02-19T21:37:27.804Z [BRIDGE] [INFO] Updating bridge epoch 1740001047
2025-02-19T21:37:37.804Z [BRIDGE] [INFO] Updating bridge epoch 1740001057
2025-02-19T21:37:47.804Z [BRIDGE] [INFO] Updating bridge epoch 1740001067
2025-02-19T21:37:57.800Z [BRIDGE] [INFO] Updating bridge epoch 1740001077
2025-02-19T21:38:07.800Z [BRIDGE] [INFO] Updating bridge epoch 1740001087
2025-02-19T21:38:17.796Z [BRIDGE] [INFO] Updating bridge epoch 1740001097
2025-02-19T21:38:27.796Z [BRIDGE] [INFO] Updating bridge epoch 1740001107
2025-02-19T21:38:37.792Z [BRIDGE] [INFO] Updating bridge epoch 1740001117
2025-02-19T21:38:47.792Z [BRIDGE] [INFO] Updating bridge epoch 1740001127
2025-02-19T21:38:57.789Z [BRIDGE] [INFO] Updating bridge epoch 1740001137
2025-02-19T21:39:07.789Z [BRIDGE] [INFO] Updating bridge epoch 1740001147
2025-02-19T21:39:17.785Z [BRIDGE] [INFO] Updating bridge epoch 1740001157
2025-02-19T21:39:27.785Z [BRIDGE] [INFO] Updating bridge epoch 1740001167
2025-02-19T21:39:37.781Z [BRIDGE] [INFO] Updating bridge epoch 1740001177
2025-02-19T21:39:47.781Z [BRIDGE] [INFO] Updating bridge epoch 1740001187
2025-02-19T21:39:57.781Z [BRIDGE] [INFO] Updating bridge epoch 1740001197
2025-02-19T21:40:07.777Z [BRIDGE] [INFO] Updating bridge epoch 1740001207
2025-02-19T21:40:17.777Z [BRIDGE] [INFO] Updating bridge epoch 1740001217
2025-02-19T21:40:27.773Z [BRIDGE] [INFO] Updating bridge epoch 1740001227
2025-02-19T21:40:37.773Z [BRIDGE] [INFO] Updating bridge epoch 1740001237
2025-02-19T21:40:47.769Z [BRIDGE] [INFO] Updating bridge epoch 1740001247
2025-02-19T21:40:57.769Z [BRIDGE] [INFO] Updating bridge epoch 1740001257
2025-02-19T21:41:07.765Z [BRIDGE] [INFO] Updating bridge epoch 1740001267
2025-02-19T21:41:17.765Z [BRIDGE] [INFO] Updating bridge epoch 1740001277
2025-02-19T21:41:27.761Z [BRIDGE] [INFO] Updating bridge epoch 1740001287
2025-02-19T21:41:37.761Z [BRIDGE] [INFO] Updating bridge epoch 1740001297
2025-02-19T21:41:47.761Z [BRIDGE] [INFO] Updating bridge epoch 1740001307
2025-02-19T21:41:57.757Z [BRIDGE] [INFO] Updating bridge epoch 1740001317
2025-02-19T21:42:07.757Z [BRIDGE] [INFO] Updating bridge epoch 1740001327
2025-02-19T21:42:17.753Z [BRIDGE] [INFO] Updating bridge epoch 1740001337
2025-02-19T21:42:27.753Z [BRIDGE] [INFO] Updating bridge epoch 1740001347
2025-02-19T21:42:37.750Z [BRIDGE] [INFO] Updating bridge epoch 1740001357
2025-02-19T21:42:47.750Z [BRIDGE] [INFO] Updating bridge epoch 1740001367
2025-02-19T21:42:57.746Z [BRIDGE] [INFO] Updating bridge epoch 1740001377
2025-02-19T21:43:07.746Z [BRIDGE] [INFO] Updating bridge epoch 1740001387
2025-02-19T21:43:17.742Z [BRIDGE] [INFO] Updating bridge epoch 1740001397
2025-02-19T21:43:27.742Z [BRIDGE] [INFO] Updating bridge epoch 1740001407
2025-02-19T21:43:37.738Z [BRIDGE] [INFO] Updating bridge epoch 1740001417
2025-02-19T21:43:47.738Z [BRIDGE] [INFO] Updating bridge epoch 1740001427
2025-02-19T21:43:57.738Z [BRIDGE] [INFO] Updating bridge epoch 1740001437
2025-02-19T21:44:07.734Z [BRIDGE] [INFO] Updating bridge epoch 1740001447
2025-02-19T21:44:17.734Z [BRIDGE] [INFO] Updating bridge epoch 1740001457
2025-02-19T21:44:27.730Z [BRIDGE] [INFO] Updating bridge epoch 1740001467
2025-02-19T21:44:37.730Z [BRIDGE] [INFO] Updating bridge epoch 1740001477
2025-02-19T21:44:47.726Z [BRIDGE] [INFO] Updating bridge epoch 1740001487
2025-02-19T21:44:57.726Z [BRIDGE] [INFO] Updating bridge epoch 1740001497
2025-02-19T21:45:07.722Z [BRIDGE] [INFO] Updating bridge epoch 1740001507
2025-02-19T21:45:17.722Z [BRIDGE] [INFO] Updating bridge epoch 1740001517
2025-02-19T21:45:27.718Z [BRIDGE] [INFO] Updating bridge epoch 1740001527
2025-02-19T21:45:37.718Z [BRIDGE] [INFO] Updating bridge epoch 1740001537
2025-02-19T21:45:47.714Z [BRIDGE] [INFO] Updating bridge epoch 1740001547
2025-02-19T21:45:57.714Z [BRIDGE] [INFO] Updating bridge epoch 1740001557
2025-02-19T21:46:07.714Z [BRIDGE] [INFO] Updating bridge epoch 1740001567
2025-02-19T21:46:17.710Z [BRIDGE] [INFO] Updating bridge epoch 1740001577
2025-02-19T21:46:27.710Z [BRIDGE] [INFO] Updating bridge epoch 1740001587
2025-02-19T21:46:37.707Z [BRIDGE] [INFO] Updating bridge epoch 1740001597
2025-02-19T21:46:47.707Z [BRIDGE] [INFO] Updating bridge epoch 1740001607
2025-02-19T21:46:57.703Z [BRIDGE] [INFO] Updating bridge epoch 1740001617
2025-02-19T21:47:07.703Z [BRIDGE] [INFO] Updating bridge epoch 1740001627
2025-02-19T21:47:17.699Z [BRIDGE] [INFO] Updating bridge epoch 1740001637
2025-02-19T21:47:27.699Z [BRIDGE] [INFO] Updating bridge epoch 1740001647
2025-02-19T21:47:37.695Z [BRIDGE] [INFO] Updating bridge epoch 1740001657
2025-02-19T21:47:47.695Z [BRIDGE] [INFO] Updating bridge epoch 1740001667
2025-02-19T21:47:57.695Z [BRIDGE] [INFO] Updating bridge epoch 1740001677
2025-02-19T21:48:07.691Z [BRIDGE] [INFO] Updating bridge epoch 1740001687
2025-02-19T21:48:17.691Z [BRIDGE] [INFO] Updating bridge epoch 1740001697
2025-02-19T21:48:27.687Z [BRIDGE] [INFO] Updating bridge epoch 1740001707
2025-02-19T21:48:37.687Z [BRIDGE] [INFO] Updating bridge epoch 1740001717
2025-02-19T21:48:47.683Z [BRIDGE] [INFO] Updating bridge epoch 1740001727
2025-02-19T21:48:57.683Z [BRIDGE] [INFO] Updating bridge epoch 1740001737
2025-02-19T21:49:07.679Z [BRIDGE] [INFO] Updating bridge epoch 1740001747
2025-02-19T21:49:17.679Z [BRIDGE] [INFO] Updating bridge epoch 1740001757
2025-02-19T21:49:27.675Z [BRIDGE] [INFO] Updating bridge epoch 1740001767
2025-02-19T21:49:37.675Z [BRIDGE] [INFO] Updating bridge epoch 1740001777
2025-02-19T21:49:47.671Z [BRIDGE] [INFO] Updating bridge epoch 1740001787
2025-02-19T21:49:57.671Z [BRIDGE] [INFO] Updating bridge epoch 1740001797
2025-02-19T21:50:07.671Z [BRIDGE] [INFO] Updating bridge epoch 1740001807
2025-02-19T21:50:17.667Z [BRIDGE] [INFO] Updating bridge epoch 1740001817
2025-02-19T21:50:27.667Z [BRIDGE] [INFO] Updating bridge epoch 1740001827
2025-02-19T21:50:37.664Z [BRIDGE] [INFO] Updating bridge epoch 1740001837
2025-02-19T21:50:47.664Z [BRIDGE] [INFO] Updating bridge epoch 1740001847
2025-02-19T21:50:57.660Z [BRIDGE] [INFO] Updating bridge epoch 1740001857
2025-02-19T21:51:07.660Z [BRIDGE] [INFO] Updating bridge epoch 1740001867
2025-02-19T21:51:17.656Z [BRIDGE] [INFO] Updating bridge epoch 1740001877
2025-02-19T21:51:27.656Z [BRIDGE] [INFO] Updating bridge epoch 1740001887
2025-02-19T21:51:37.652Z [BRIDGE] [INFO] Updating bridge epoch 1740001897
2025-02-19T21:51:47.652Z [BRIDGE] [INFO] Updating bridge epoch 1740001907
2025-02-19T21:51:57.652Z [BRIDGE] [INFO] Updating bridge epoch 1740001917
2025-02-19T21:52:07.648Z [BRIDGE] [INFO] Updating bridge epoch 1740001927
2025-02-19T21:52:17.648Z [BRIDGE] [INFO] Updating bridge epoch 1740001937
2025-02-19T21:52:27.644Z [BRIDGE] [INFO] Updating bridge epoch 1740001947
2025-02-19T21:52:37.644Z [BRIDGE] [INFO] Updating bridge epoch 1740001957
2025-02-19T21:52:47.640Z [BRIDGE] [INFO] Updating bridge epoch 1740001967
2025-02-19T21:52:57.640Z [BRIDGE] [INFO] Updating bridge epoch 1740001977
2025-02-19T21:53:07.636Z [BRIDGE] [INFO] Updating bridge epoch 1740001987
2025-02-19T21:53:17.636Z [BRIDGE] [INFO] Updating bridge epoch 1740001997
2025-02-19T21:53:27.632Z [BRIDGE] [INFO] Updating bridge epoch 1740002007
2025-02-19T21:53:37.632Z [BRIDGE] [INFO] Updating bridge epoch 1740002017
2025-02-19T21:53:47.628Z [BRIDGE] [INFO] Updating bridge epoch 1740002027
2025-02-19T21:53:57.628Z [BRIDGE] [INFO] Updating bridge epoch 1740002037
2025-02-19T21:54:07.628Z [BRIDGE] [INFO] Updating bridge epoch 1740002047
2025-02-19T21:54:17.625Z [BRIDGE] [INFO] Updating bridge epoch 1740002057
2025-02-19T21:54:27.625Z [BRIDGE] [INFO] Updating bridge epoch 1