2025-02-16T05:35:43.410Z [SYS] [INFO] Loading hardware config
2025-02-16T05:35:43.730Z [SYS] [INFO] Initialize sensors
2025-02-16T05:35:43.800Z [SYS] [INFO] Starting barometer filter with parameters:
size: 200
percentile: 10.00
downsamplingRate: 50
alpha: 1.0000387
2025-02-16T05:35:43.820Z [SYS] [INFO] Error initializing BARO
2025-02-16T05:35:43.835Z [SYS] [INFO] Init values CALR: 000000BC CALM: 188, CALP: 0
2025-02-16T05:35:43.835Z [SYS] [INFO] APP_NAME: spotter-dbg
2025-02-16T05:35:43.835Z [SYS] [INFO] UID: 203630325847500600340023
2025-02-16T05:35:43.835Z [SYS] [INFO] FW Version: v2.1.0
2025-02-16T05:35:43.835Z [SYS] [INFO] GIT SHA: FE6412C3
2025-02-16T05:35:43.835Z [SYS] [INFO] Build ID: 327474a8ac3d2ce7f13558b38d652813dea54022
2025-02-16T05:35:43.835Z [SYS] [INFO] BSP: pluteus_v3.1
2025-02-16T05:35:43.835Z [SYS] [INFO] Reset Reason: Invalid reset or first power on since flashing
2025-02-16T05:35:43.839Z [SYS] [INFO] Main Deck HW Version: 01
2025-02-16T05:35:43.839Z [SYS] [INFO] Upper Deck HW Version: 01
2025-02-19T19:03:13.433Z [SYS] [INFO] Loading hardware config
2025-02-19T19:03:13.753Z [SYS] [INFO] Initialize sensors
2025-02-19T19:03:13.824Z [SYS] [INFO] Starting barometer filter with parameters:
size: 200
percentile: 10.00
downsamplingRate: 50
alpha: 1.0000387
2025-02-19T19:03:13.843Z [SYS] [INFO] Error initializing BARO
2025-02-19T19:03:13.859Z [SYS] [INFO] Init values CALR: 000000BC CALM: 188, CALP: 0
2025-02-19T19:03:13.859Z [SYS] [INFO] APP_NAME: spotter-dbg
2025-02-19T19:03:13.859Z [SYS] [INFO] UID: 203630325847500600340023
2025-02-19T19:03:13.859Z [SYS] [INFO] FW Version: v2.1.0
2025-02-19T19:03:13.859Z [SYS] [INFO] GIT SHA: FE6412C3
2025-02-19T19:03:13.859Z [SYS] [INFO] Build ID: 327474a8ac3d2ce7f13558b38d652813dea54022
2025-02-19T19:03:13.859Z [SYS] [INFO] BSP: pluteus_v3.1
2025-02-19T19:03:13.859Z [SYS] [INFO] Reset Reason: Idle mode
2025-02-19T19:03:13.859Z [SYS] [INFO] Main Deck HW Version: 01
2025-02-19T19:03:13.863Z [SYS] [INFO] Upper Deck HW Version: 01
2025-02-19T19:03:14.187Z [SYS] [INFO] IMEI: 300534064008050
2025-02-19T19:04:17.484Z [SYS] [INFO] Entering idle mode. Sending checkin message.
2025-02-19T19:07:37.367Z [SYS] [INFO] Idle checkin message sent!
2025-02-19T19:07:38.007Z [SYS] [INFO] Entering idle deep sleep.
