858t [GPS] [WARNING] Initializing GPS. Tries remaining 3
1087t [GPS] [WARNING] TXT: u-blox AG - www.u-blox.com
1131t [GPS] [WARNING] TXT: HW UBX-M8030 00080000
1176t [GPS] [WARNING] TXT: EXT CORE 3.01 (107900)
1221t [GPS] [WARNING] TXT: ROM BASE 3.01 (107888)
1257t [GPS] [WARNING] TXT: FWVER=SPG 3.01
1292t [GPS] [WARNING] TXT: PROTVER=18.00
1328t [GPS] [WARNING] TXT: MOD=NEO-M8N-0
1372t [GPS] [WARNING] TXT: FIS=0xEF4015 (100111)
1409t [GPS] [WARNING] TXT: GPS;GLO;GAL;BDS
1445t [GPS] [WARNING] TXT: SBAS;IMES;QZSS
1484t [GPS] [WARNING] TXT: GNSS OTP=GPS;GLO
1556t [GPS] [WARNING] TXT: LLC=FFFFFFFF-FFFFFFED-FFFFFFFF-FFFFFFFF-FFFFFF69
1602t [GPS] [WARNING] TXT: ANTSUPERV=AC SD PDoS SR
1642t [GPS] [WARNING] TXT: ANTSTATUS=DONTKNOW
1670t [GPS] [WARNING] TXT: PF=3FF
2291t [GPS] [WARNING] TXT: ANTSTATUS=INIT
2602t [GPS] [WARNING] TXT: Resetting GNSS
3032t [GPS] [WARNING] TXT: Resetting GNSS
3093t [GPS] [WARNING] TXT: ANTSUPERV=AC SD OD PDoS SR
3792t [GPS] [WARNING] Successfully initialized GPS!
4053t [GPS] [WARNING] T