2025-02-16T06:54:27.843Z [GPS] [WARNING] Initializing GPS. Tries remaining 3
2025-02-16T06:54:28.070Z [GPS] [WARNING] TXT: u-blox AG - www.u-blox.com
2025-02-16T06:54:28.117Z [GPS] [WARNING] TXT: HW UBX-M8030 00080000
2025-02-16T06:54:28.160Z [GPS] [WARNING] TXT: EXT CORE 3.01 (107900)
2025-02-16T06:54:28.207Z [GPS] [WARNING] TXT: ROM BASE 3.01 (107888)
2025-02-16T06:54:28.242Z [GPS] [WARNING] TXT: FWVER=SPG 3.01
2025-02-16T06:54:28.277Z [GPS] [WARNING] TXT: PROTVER=18.00
2025-02-16T06:54:28.312Z [GPS] [WARNING] TXT: MOD=NEO-M8N-0
2025-02-16T06:54:28.355Z [GPS] [WARNING] TXT: FIS=0xEF4015 (100111)
2025-02-16T06:54:28.394Z [GPS] [WARNING] TXT: GPS;GLO;GAL;BDS
2025-02-16T06:54:28.429Z [GPS] [WARNING] TXT: SBAS;IMES;QZSS
2025-02-16T06:54:28.468Z [GPS] [WARNING] TXT: GNSS OTP=GPS;GLO
2025-02-16T06:54:28.539Z [GPS] [WARNING] TXT: LLC=FFFFFFFF-FFFFFFED-FFFFFFFF-FFFFFFFF-FFFFFF69
2025-02-16T06:54:28.585Z [GPS] [WARNING] TXT: ANTSUPERV=AC SD PDoS SR
2025-02-16T06:54:28.625Z [GPS] [WARNING] TXT: ANTSTATUS=DONTKNOW
2025-02-16T06:54:28.656Z [GPS] [WARNING] TXT: PF=3FF
2025-02-16T06:54:29.273Z [GPS] [WARNING] TXT: ANTSTATUS=INIT
2025-02-16T06:54:29.593Z [GPS] [WARNING] TXT: Resetting GNSS
2025-02-16T06:54:30.027Z [GPS] [WARNING] TXT: Resetting GNSS
2025-02-16T06:54:30.085Z [GPS] [WARNING] TXT: ANTSUPERV=AC SD OD PDoS SR
2025-02-16T06:54:30.785Z [GPS] [WARNING] Successfully initialized GPS!
2025-02-16T06:54:31.042Z [GPS] [WARNING] TXT: ANTSTATUS=OK
2025-02-16T06:55:11.015Z [GPS] [INFO] Max CNO changed from -1 to 48
2025-02-16T06:55:51.023Z [GPS] [INFO] Max CNO changed from 48 to 45
2025-02-16T06:59:11.031Z [GPS] [INFO] Max CNO changed from 45 to 48
2025-02-16T07:03:31.027Z [GPS] [INFO] Max CNO changed from 48 to 45
2025-02-16T07:04:31.027Z [GPS] [INFO] Max CNO changed from 45 to 48
2025-02-16T07:17:51.031Z [GPS] [INFO] Max CNO changed from 48 to 45
2025-02-16T07:18:31.046Z [GPS] [INFO] Max CNO changed from 45 to 48
2025-02-16T07:28:31.019Z [GPS] [INFO] Max CNO changed from 48 to 45
2025-02-16T07:29:51.027Z [GPS] [INFO] Max CNO changed from 45 to 48
2025-02-16T07:32:31.031Z [GPS] [INFO] Max CNO changed from 48 to 45
2025-02-16T07:44:31.007Z [GPS] [INFO] Max CNO changed from 45 to 48
2025-02-16T08:50:30.937Z [GPS] [INFO] Max CNO changed from 48 to 51
2025-02-16T08:56:50.929Z [GPS] [INFO] Max CNO changed from 51 to 48
2025-02-16T09:09:50.921Z [GPS] [INFO] Max CNO changed from 48 to 45
2025-02-16T09:15:10.910Z [GPS] [INFO] Max CNO changed from 45 to 49
2025-02-16T10:30:10.843Z [GPS] [INFO] Max CNO changed from 49 to 46
2025-02-16T10:32:10.843Z [GPS] [INFO] Max CNO changed from 46 to 49
2025-02-16T10:40:50.832Z [GPS] [INFO] Max CNO changed from 49 to 46
2025-02-16T10:46:30.832Z [GPS] [INFO] Max CNO changed from 46 to 49
2025-02-16T10:48:10.824Z [GPS] [INFO] Max CNO changed from 49 to 46
2025-02-16T10:50:30.832Z [GPS] [INFO] Max CNO changed from 46 to 49
2025-02-16T10:55:10.828Z [GPS] [INFO] Max CNO changed from 49 to 44
2025-02-16T10:55:30.828Z [GPS] [INFO] Max CNO changed from 44 to 47
2025-02-16T11:00:50.824Z [GPS] [INFO] Max CNO changed from 47 to 50
2025-02-16T11:02:10.816Z [GPS] [INFO] Max CNO changed from 50 to 46
2025-02-16T11:03:30.820Z [GPS] [INFO] Max CNO changed from 46 to 49
2025-02-16T11:05:50.816Z [GPS] [INFO] Max CNO changed from 49 to 46
2025-02-16T11:07:10.820Z [GPS] [INFO] Max CNO changed from 46 to 49
2025-02-16T11:12:50.820Z [GPS] [INFO] Max CNO changed from 49 to 46
2025-02-16T11:16:10.808Z [GPS] [INFO] Max CNO changed from 46 to 43
2025-02-16T11:17:50.804Z [GPS] [INFO] Max CNO changed from 43 to 46
2025-02-16T11:20:10.800Z [GPS] [INFO] Max CNO changed from 46 to 49
2025-02-16T11:26:30.792Z [GPS] [INFO] Max CNO changed from 49 to 46
2025-02-16T11:28:50.785Z [GPS] [INFO] Max CNO changed from 46 to 49
2025-02-16T11:41:30.773Z [GPS] [INFO] Max CNO changed from 49 to 46
2025-02-16T12:17:10.746Z [GPS] [INFO] Max CNO changed from 46 to 49
2025-02-16T12:41:10.730Z [GPS] [INFO] Max CNO changed from 49 to 46
2025-02-16T12:41:50.730Z [GPS] [INFO] Max CNO changed from 46 to 49
2025-02-16T12:46:10.722Z [GPS] [INFO] Max CNO changed from 49 to 52
2025-02-16T12:47:50.718Z [GPS] [INFO] Max CNO changed from 52 to 49
2025-02-16T13:10:10.695Z [GPS] [INFO] Max CNO changed from 49 to 46
2025-02-16T13:15:10.687Z [GPS] [INFO] Max CNO changed from 46 to 49
2025-02-16T13:26:30.675Z [GPS] [INFO] Max CNO changed from 49 to 46
2025-02-16T13:31:50.675Z [GPS] [INFO] Max CNO changed from 46 to 49
2025-02-16T13:41:50.667Z [GPS] [INFO] Max CNO changed from 49 to 46
2025-02-16T13:46:30.664Z [GPS] [INFO] Max CNO changed from 46 to 49
2025-02-16T14:12:50.636Z [GPS] [INFO] Max CNO changed from 49 to 46
2025-02-16T14:22:10.628Z [GPS] [INFO] Max CNO changed from 46 to 49
2025-02-16T15:04:10.589Z [GPS] [INFO] Max CNO changed from 49 to 46
2025-02-16T15:08:50.585Z [GPS] [INFO] Max CNO changed from 46 to 49
2025-02-16T15:24:10.570Z [GPS] [INFO] Max CNO changed from 49 to 46
2025-02-16T15:31:50.558Z [GPS] [INFO] Max CNO changed from 46 to 49
2025-02-16T15:41:30.554Z [GPS] [INFO] Max CNO changed from 49 to 46
2025-02-16T16:12:50.546Z [GPS] [INFO] Max CNO changed from 46 to 49
2025-02-16T16:23:10.542Z [GPS] [INFO] Max CNO changed from 49 to 46
2025-02-16T16:30:10.535Z [GPS] [INFO] Max CNO changed from 46 to 49
2025-02-16T16:42:10.523Z [GPS] [INFO] Max CNO changed from 49 to 46
2025-02-16T16:44:30.523Z [GPS] [INFO] Max CNO changed from 46 to 49
2025-02-16T16:55:30.515Z [GPS] [INFO] Max CNO changed from 49 to 46
2025-02-16T16:58:50.507Z [GPS] [INFO] Max CNO changed from 46 to 49
2025-02-16T17:17:50.476Z [GPS] [INFO] Max CNO changed from 49 to 46
2025-02-16T17:22:10.480Z [GPS] [INFO] Max CNO changed from 46 to 49
2025-02-16T17:42:50.472Z [GPS] [INFO] Max CNO changed from 49 to 46
2025-02-16T17:43:50.472Z [GPS] [INFO] Max CNO changed from 46 to 49
2025-02-16T17:52:50.464Z [GPS] [INFO] Max CNO changed from 49 to 46
2025-02-16T17:53:30.464Z [GPS] [INFO] Max CNO changed from 46 to 49
2025-02-16T17:55:10.460Z [GPS] [INFO] Max CNO changed from 49 to 46
2025-02-16T18:20:50.437Z [GPS] [INFO] Max CNO changed from 46 to 49
2025-02-16T18:37:50.421Z [GPS] [INFO] Max CNO changed from 49 to 46
2025-02-16T18:40:30.421Z [GPS] [INFO] Max CNO changed from 46 to 49
2025-02-16T18:41:10.425Z [GPS] [INFO] Max CNO changed from 49 to 46
2025-02-16T18:42:10.421Z [GPS] [INFO] Max CNO changed from 46 to 49
2025-02-16T18:43:30.414Z [GPS] [INFO] Max CNO changed from 49 to 46
2025-02-16T18:44:10.414Z [GPS] [INFO] Max CNO changed from 46 to 49
2025-02-16T18:46:50.410Z [GPS] [INFO] Max CNO changed from 49 to 46
2025-02-16T18:54:50.402Z [GPS] [INFO] Max CNO changed from 46 to 49
2025-02-16T19:10:30.386Z [GPS] [INFO] Max CNO changed from 49 to 46
2025-02-16T19:14:10.378Z [GPS] [INFO] Max CNO changed from 46 to 49
2025-02-16T19:25:10.363Z [GPS] [INFO] Max CNO changed from 49 to 46
2025-02-16T19:33:50.363Z [GPS] [INFO] Max CNO changed from 46 to 49
2025-02-16T19:35:30.355Z [GPS] [INFO] Max CNO changed from 49 to 46
2025-02-16T19:52:10.335Z [GPS] [INFO] Max CNO changed from 46 to 50
2025-02-16T19:54:10.335Z [GPS] [INFO] Max CNO changed from 50 to 46
2025-02-16T20:00:30.332Z [GPS] [INFO] Max CNO changed from 46 to 49
2025-02-16T20:09:50.324Z [GPS] [INFO] Max CNO changed from 49 to 46
2025-02-16T20:11:30.324Z [GPS] [INFO] Max CNO changed from 46 to 49
2025-02-16T20:14:10.316Z [GPS] [INFO] Max CNO changed from 49 to 46
2025-02-16T20:18:10.308Z [GPS] [INFO] Max CNO changed from 46 to 49
2025-02-16T20:38:50.285Z [GPS] [INFO] Max CNO changed from 49 to 46
2025-02-16T20:40:50.281Z [GPS] [INFO] Max CNO changed from 46 to 49
2025-02-16T20:49:30.265Z [GPS] [INFO] Max CNO changed from 49 to 46
2025-02-16T20:49:50.261Z [GPS] [INFO] Max CNO changed from 46 to 49
2025-02-16T20:57:50.250Z [GPS] [INFO] Max CNO changed from 49 to 46
